<!DOCTYPE html PUBLIC "-//W3C//DTD XHTML 1.1//EN" "http://www.w3.org/TR/xhtml11/DTD/xhtml11.dtd">
<html xmlns="http://www.w3.org/1999/xhtml"><head><title>TestNG Report</title><style type="text/css">table {margin-bottom:10px;border-collapse:collapse;empty-cells:show}th,td {border:1px solid #009;padding:.25em .5em}th {vertical-align:bottom}td {vertical-align:top}table a {font-weight:bold}.stripe td {background-color: #E6EBF9}.num {text-align:right}.passedodd td {background-color: #3F3}.passedeven td {background-color: #0A0}.skippedodd td {background-color: #DDD}.skippedeven td {background-color: #CCC}.failedodd td,.attn {background-color: #F33}.failedeven td,.stripe .attn {background-color: #D00}.stacktrace {white-space:pre;font-family:monospace}.totop {font-size:85%;text-align:center;border-bottom:2px solid #000}</style></head><body><table><tr><th>Test</th><th># Passed</th><th># Skipped</th><th># Failed</th><th>Time (ms)</th><th>Included Groups</th><th>Excluded Groups</th></tr><tr><th colspan="7">Sapphirus Systems Pvt Ltd</th></tr><tr><td><a href="#t0">ChromeBrowser</a></td><td class="num">20</td><td class="num attn">1</td><td class="num attn">4</td><td class="num">858,732</td><td></td><td></td></tr></table><table><thead><tr><th>Class</th><th>Method</th><th>Start</th><th>Time (ms)</th></tr></thead><tbody><tr><th colspan="4">Sapphirus Systems Pvt Ltd</th></tr></tbody><tbody id="t0"><tr><th colspan="4">ChromeBrowser &#8212; failed</th></tr><tr class="failedeven"><td rowspan="1">com.cucumber.TestRunner.UserDashboardRecentCertificateGenerationsRunner</td><td><a href="#m0">feature</a></td><td rowspan="1">1711691737385</td><td rowspan="1">42673</td></tr><tr class="failedodd"><td rowspan="1">com.cucumber.TestRunner.UserGenerateBulkByUploadCSVFIleWithInvalidCertificateTypeRunner</td><td><a href="#m1">feature</a></td><td rowspan="1">1711692018490</td><td rowspan="1">8503</td></tr><tr class="failedeven"><td rowspan="1">com.cucumber.TestRunner.UserGenerateBulkWithApprovalRunner</td><td><a href="#m2">feature</a></td><td rowspan="1">1711691689720</td><td rowspan="1">44262</td></tr><tr class="failedodd"><td rowspan="1">com.cucumber.TestRunner.UserGenerateBulkWithoutApprovalRunner</td><td><a href="#m3">feature</a></td><td rowspan="1">1711691395765</td><td rowspan="1">44571</td></tr><tr><th colspan="4">ChromeBrowser &#8212; skipped</th></tr><tr class="skippedeven"><td rowspan="1">com.cucumber.TestRunner.UserDashboardRecentCertificateGenerationsCertificateTypedropdownRunner</td><td><a href="#m4">feature</a></td><td rowspan="1">1711691916892</td><td rowspan="1">0</td></tr><tr><th colspan="4">ChromeBrowser &#8212; passed</th></tr><tr class="passedeven"><td rowspan="1">com.cucumber.TestRunner.AdminApplicationTitleRunner</td><td><a href="#m5">feature</a></td><td rowspan="1">1711691833781</td><td rowspan="1">8489</td></tr><tr class="passedodd"><td rowspan="1">com.cucumber.TestRunner.AdminBacktotopbuttonRunner</td><td><a href="#m6">feature</a></td><td rowspan="1">1711691846366</td><td rowspan="1">18711</td></tr><tr class="passedeven"><td rowspan="1">com.cucumber.TestRunner.AdminLaunchTheApplicationRunner</td><td><a href="#m7">feature</a></td><td rowspan="1">1711691869125</td><td rowspan="1">57</td></tr><tr class="passedodd"><td rowspan="1">com.cucumber.TestRunner.UserBacktotopbuttonRunner</td><td><a href="#m8">feature</a></td><td rowspan="1">1711691873100</td><td rowspan="1">18737</td></tr><tr class="passedeven"><td rowspan="1">com.cucumber.TestRunner.UserBulkDashboardLinkRunner</td><td><a href="#m9">feature</a></td><td rowspan="1">1711691895655</td><td rowspan="1">17456</td></tr><tr class="passedodd"><td rowspan="1">com.cucumber.TestRunner.UserBulkGeneratedCertficatesRunner</td><td><a href="#m10">feature</a></td><td rowspan="1">1711691585500</td><td rowspan="1">20804</td></tr><tr class="passedeven"><td rowspan="1">com.cucumber.TestRunner.UserChangePasswordRunner</td><td><a href="#m11">feature</a></td><td rowspan="1">1711691651538</td><td rowspan="1">36754</td></tr><tr class="passedodd"><td rowspan="1">com.cucumber.TestRunner.UserDashboardViewAllGenerationsRunner</td><td><a href="#m12">feature</a></td><td rowspan="1">1711691783591</td><td rowspan="1">22450</td></tr><tr class="passedeven"><td rowspan="1">com.cucumber.TestRunner.UserGenerateBulkByUploadCSVFIleWithEmptyCertificateNameRunner</td><td><a href="#m13">feature</a></td><td rowspan="1">1711692030681</td><td rowspan="1">44737</td></tr><tr class="passedodd"><td rowspan="1">com.cucumber.TestRunner.UserGenerateBulkByUploadCSVFIleWithoutIssueYearRunner</td><td><a href="#m14">feature</a></td><td rowspan="1">1711691918905</td><td rowspan="1">46833</td></tr><tr class="passedeven"><td rowspan="1">com.cucumber.TestRunner.UserGenerateBulkByUploadCSVFileWithEmptyMobileNumberRunner</td><td><a href="#m15">feature</a></td><td rowspan="1">1711691969596</td><td rowspan="1">44904</td></tr><tr class="passedodd"><td rowspan="1">com.cucumber.TestRunner.UserGenerateSingleWithoutApprovalRunner</td><td><a href="#m16">feature</a></td><td rowspan="1">1711691314335</td><td rowspan="1">78058</td></tr><tr class="passedeven"><td rowspan="1">com.cucumber.TestRunner.UserGeneratedCertificatesRunner</td><td><a href="#m17">feature</a></td><td rowspan="1">1711691484063</td><td rowspan="1">57465</td></tr><tr class="passedodd"><td rowspan="1">com.cucumber.TestRunner.UserGeneratedCertificatesWithoutEnablecheckboxesRunner</td><td><a href="#m18">feature</a></td><td rowspan="1">1711692079288</td><td rowspan="1">70</td></tr><tr class="passedeven"><td rowspan="1">com.cucumber.TestRunner.UserInternalPrintingByUploadingCSVWithInvalidCertificateTypeRunner</td><td><a href="#m19">feature</a></td><td rowspan="1">1711692126447</td><td rowspan="1">40630</td></tr><tr class="passedodd"><td rowspan="1">com.cucumber.TestRunner.UserInternalPrintingUploadCSVFileWithoutStudentNameRunner</td><td><a href="#m20">feature</a></td><td rowspan="1">1711692083257</td><td rowspan="1">39722</td></tr><tr class="passedeven"><td rowspan="1">com.cucumber.TestRunner.UserRecentCertificateVerificationsRunner</td><td><a href="#m21">feature</a></td><td rowspan="1">1711691809989</td><td rowspan="1">19857</td></tr><tr class="passedodd"><td rowspan="1">com.cucumber.TestRunner.UserUpdateProfileRunner</td><td><a href="#m22">feature</a></td><td rowspan="1">1711691609775</td><td rowspan="1">38480</td></tr><tr class="passedeven"><td rowspan="1">com.cucumber.TestRunner.UserVerifiedCertificatesRunner</td><td><a href="#m23">feature</a></td><td rowspan="1">1711691544491</td><td rowspan="1">37293</td></tr><tr class="passedodd"><td rowspan="1">com.cucumber.TestRunner.UserVerifyCertificatesRunner</td><td><a href="#m24">feature</a></td><td rowspan="1">1711691444407</td><td rowspan="1">36616</td></tr></tbody></table><h2>ChromeBrowser</h2><h3 id="m0">com.cucumber.TestRunner.UserDashboardRecentCertificateGenerationsRunner#feature</h3><table class="result"><tr class="param"><th>Parameter #1</th></tr><tr class="param stripe"><td>Institution User - Check the flow of Dashboard Recent Certificate Generations - print button</td></tr><tr><th>Messages</th></tr><tr><td><div class="messages">Completed executing following method : AbstractTestNGCucumberTests.feature<br/>Test Method resides in com.cucumber.TestRunner.UserDashboardRecentCertificateGenerationsRunner<br/>Test Method had the following parameters : nullInstitution User - Check the flow of Dashboard Recent Certificate Generations - print button,<br/>Test Status: Failed</div></td></tr><tr><th>Exception</th></tr><tr><td><div class="stacktrace">cucumber.runtime.CucumberException: org.openqa.selenium.NoSuchElementException: no such element: Unable to locate element: {&quot;method&quot;:&quot;xpath&quot;,&quot;selector&quot;:&quot;//a[@class=&apos;btn btn-sm btn-primary-light&apos;]&quot;}
  (Session info: chrome=123.0.6312.86)
For documentation on this error, please visit: https://www.selenium.dev/documentation/webdriver/troubleshooting/errors#no-such-element-exception
Build info: version: &apos;4.12.1&apos;, revision: &apos;8e34639b11&apos;
System info: os.name: &apos;Windows 10&apos;, os.arch: &apos;amd64&apos;, os.version: &apos;10.0&apos;, java.version: &apos;11.0.20&apos;
Driver info: org.openqa.selenium.chrome.ChromeDriver
Command: [f502c08037e1fd95c354100ec6c5da3a, findElement {using=xpath, value=//a[@class=&apos;btn btn-sm btn-primary-light&apos;]}]
Capabilities {acceptInsecureCerts: false, browserName: chrome, browserVersion: 123.0.6312.86, chrome: {chromedriverVersion: 123.0.6312.58 (6b4b19e9dfbb..., userDataDir: C:\Users\admin\AppData\Loca...}, fedcm:accounts: true, goog:chromeOptions: {debuggerAddress: localhost:58142}, networkConnectionEnabled: false, pageLoadStrategy: normal, platformName: windows, proxy: Proxy(), se:cdp: ws://localhost:58142/devtoo..., se:cdpVersion: 123.0.6312.86, setWindowRect: true, strictFileInteractability: false, timeouts: {implicit: 0, pageLoad: 300000, script: 30000}, unhandledPromptBehavior: dismiss and notify, webauthn:extension:credBlob: true, webauthn:extension:largeBlob: true, webauthn:extension:minPinLength: true, webauthn:extension:prf: true, webauthn:virtualAuthenticators: true}
Session ID: f502c08037e1fd95c354100ec6c5da3a
	at cucumber.api.testng.TestNGCucumberRunner.runCucumber(TestNGCucumberRunner.java:69)
	at cucumber.api.testng.AbstractTestNGCucumberTests.feature(AbstractTestNGCucumberTests.java:21)
Caused by: org.openqa.selenium.NoSuchElementException: no such element: Unable to locate element: {&quot;method&quot;:&quot;xpath&quot;,&quot;selector&quot;:&quot;//a[@class=&apos;btn btn-sm btn-primary-light&apos;]&quot;}
  (Session info: chrome=123.0.6312.86)
For documentation on this error, please visit: https://www.selenium.dev/documentation/webdriver/troubleshooting/errors#no-such-element-exception
Build info: version: &apos;4.12.1&apos;, revision: &apos;8e34639b11&apos;
System info: os.name: &apos;Windows 10&apos;, os.arch: &apos;amd64&apos;, os.version: &apos;10.0&apos;, java.version: &apos;11.0.20&apos;
Driver info: org.openqa.selenium.chrome.ChromeDriver
Command: [f502c08037e1fd95c354100ec6c5da3a, findElement {using=xpath, value=//a[@class=&apos;btn btn-sm btn-primary-light&apos;]}]
Capabilities {acceptInsecureCerts: false, browserName: chrome, browserVersion: 123.0.6312.86, chrome: {chromedriverVersion: 123.0.6312.58 (6b4b19e9dfbb..., userDataDir: C:\Users\admin\AppData\Loca...}, fedcm:accounts: true, goog:chromeOptions: {debuggerAddress: localhost:58142}, networkConnectionEnabled: false, pageLoadStrategy: normal, platformName: windows, proxy: Proxy(), se:cdp: ws://localhost:58142/devtoo..., se:cdpVersion: 123.0.6312.86, setWindowRect: true, strictFileInteractability: false, timeouts: {implicit: 0, pageLoad: 300000, script: 30000}, unhandledPromptBehavior: dismiss and notify, webauthn:extension:credBlob: true, webauthn:extension:largeBlob: true, webauthn:extension:minPinLength: true, webauthn:extension:prf: true, webauthn:virtualAuthenticators: true}
Session ID: f502c08037e1fd95c354100ec6c5da3a
	at org.openqa.selenium.remote.codec.w3c.W3CHttpResponseCodec.createException(W3CHttpResponseCodec.java:200)
	at org.openqa.selenium.remote.codec.w3c.W3CHttpResponseCodec.decode(W3CHttpResponseCodec.java:133)
	at org.openqa.selenium.remote.codec.w3c.W3CHttpResponseCodec.decode(W3CHttpResponseCodec.java:52)
	at org.openqa.selenium.remote.HttpCommandExecutor.execute(HttpCommandExecutor.java:191)
	at org.openqa.selenium.remote.service.DriverCommandExecutor.invokeExecute(DriverCommandExecutor.java:196)
	at org.openqa.selenium.remote.service.DriverCommandExecutor.execute(DriverCommandExecutor.java:171)
	at org.openqa.selenium.remote.RemoteWebDriver.execute(RemoteWebDriver.java:602)
	at org.openqa.selenium.remote.ElementLocation$ElementFinder$2.findElement(ElementLocation.java:165)
	at org.openqa.selenium.remote.ElementLocation.findElement(ElementLocation.java:59)
	at org.openqa.selenium.remote.RemoteWebDriver.findElement(RemoteWebDriver.java:359)
	at org.openqa.selenium.remote.RemoteWebDriver.findElement(RemoteWebDriver.java:353)
	at com.cucumber.PageObjects.UserDashboardRecentCertificateGenerationsPageObjects.clickandscrollthepage(UserDashboardRecentCertificateGenerationsPageObjects.java:72)
	at com.cucumber.stepdefination.UserDashboardRecentCertficateGenerationsSteps.click_and_scroll_the_page(UserDashboardRecentCertficateGenerationsSteps.java:44)
	at ✽.Then click and scroll the page(src/test/resources/features/UserDashboardRecentCertificateGenerations.feature:10)
... Removed 28 stack frames</div></td></tr></table><p class="totop"><a href="#summary">back to summary</a></p><h3 id="m1">com.cucumber.TestRunner.UserGenerateBulkByUploadCSVFIleWithInvalidCertificateTypeRunner#feature</h3><table class="result"><tr class="param"><th>Parameter #1</th></tr><tr class="param stripe"><td>Institution User - Check the flow of Generate Bulk By Upload CSV File With Invalid Certificate Type</td></tr><tr><th>Messages</th></tr><tr><td><div class="messages">Completed executing following method : AbstractTestNGCucumberTests.feature<br/>Test Method resides in com.cucumber.TestRunner.UserGenerateBulkByUploadCSVFIleWithInvalidCertificateTypeRunner<br/>Test Method had the following parameters : nullInstitution User - Check the flow of Generate Bulk By Upload CSV File With Invalid Certificate Type,<br/>Test Status: Failed</div></td></tr><tr><th>Exception</th></tr><tr><td><div class="stacktrace">cucumber.runtime.CucumberException: cucumber.runtime.CucumberException: There are undefined steps
	at cucumber.api.testng.TestNGCucumberRunner.runCucumber(TestNGCucumberRunner.java:69)
	at cucumber.api.testng.AbstractTestNGCucumberTests.feature(AbstractTestNGCucumberTests.java:21)
Caused by: cucumber.runtime.CucumberException: There are undefined steps
	at cucumber.api.testng.FeatureResultListener.collectError(FeatureResultListener.java:60)
	at cucumber.api.testng.FeatureResultListener.result(FeatureResultListener.java:45)
	at cucumber.runtime.Runtime.runStep(Runtime.java:282)
	at cucumber.runtime.model.StepContainer.runStep(StepContainer.java:44)
	at cucumber.runtime.model.StepContainer.runSteps(StepContainer.java:39)
	at cucumber.runtime.model.CucumberScenario.run(CucumberScenario.java:44)
	at cucumber.runtime.model.CucumberFeature.run(CucumberFeature.java:165)
	at cucumber.api.testng.TestNGCucumberRunner.runCucumber(TestNGCucumberRunner.java:63)
	... 24 more
... Removed 23 stack frames</div></td></tr></table><p class="totop"><a href="#summary">back to summary</a></p><h3 id="m2">com.cucumber.TestRunner.UserGenerateBulkWithApprovalRunner#feature</h3><table class="result"><tr class="param"><th>Parameter #1</th></tr><tr class="param stripe"><td>Institution User - Check the flow of Institution User Bulk with Approvals</td></tr><tr><th>Messages</th></tr><tr><td><div class="messages">Completed executing following method : AbstractTestNGCucumberTests.feature<br/>Test Method resides in com.cucumber.TestRunner.UserGenerateBulkWithApprovalRunner<br/>Test Method had the following parameters : nullInstitution User - Check the flow of Institution User Bulk with Approvals,<br/>Test Status: Failed</div></td></tr><tr><th>Exception</th></tr><tr><td><div class="stacktrace">cucumber.runtime.CucumberException: org.openqa.selenium.ElementClickInterceptedException: element click intercepted: Element &lt;input _ngcontent-gtc-c50=&quot;&quot; type=&quot;checkbox&quot; name=&quot;gen_mail_institution&quot; id=&quot;gen_mail_institution&quot; value=&quot;1&quot; class=&quot;form-check-input ng-untouched ng-pristine ng-valid&quot;&gt; is not clickable at point (126, 368). Other element would receive the click: &lt;div _ngcontent-gtc-c94=&quot;&quot; class=&quot;loader-box&quot;&gt;...&lt;/div&gt;
  (Session info: chrome=123.0.6312.86)
Build info: version: &apos;4.12.1&apos;, revision: &apos;8e34639b11&apos;
System info: os.name: &apos;Windows 10&apos;, os.arch: &apos;amd64&apos;, os.version: &apos;10.0&apos;, java.version: &apos;11.0.20&apos;
Driver info: org.openqa.selenium.chrome.ChromeDriver
Command: [0dfd47b3812c8586f401f03b935835d7, clickElement {id=f.19B300EC7C337089B80D25C903313514.d.47D1CB7CC2B645095FE3D6731173BAF1.e.5724}]
Capabilities {acceptInsecureCerts: false, browserName: chrome, browserVersion: 123.0.6312.86, chrome: {chromedriverVersion: 123.0.6312.58 (6b4b19e9dfbb..., userDataDir: C:\Users\admin\AppData\Loca...}, fedcm:accounts: true, goog:chromeOptions: {debuggerAddress: localhost:58091}, networkConnectionEnabled: false, pageLoadStrategy: normal, platformName: windows, proxy: Proxy(), se:cdp: ws://localhost:58091/devtoo..., se:cdpVersion: 123.0.6312.86, setWindowRect: true, strictFileInteractability: false, timeouts: {implicit: 0, pageLoad: 300000, script: 30000}, unhandledPromptBehavior: dismiss and notify, webauthn:extension:credBlob: true, webauthn:extension:largeBlob: true, webauthn:extension:minPinLength: true, webauthn:extension:prf: true, webauthn:virtualAuthenticators: true}
Element: [[ChromeDriver: chrome on windows (0dfd47b3812c8586f401f03b935835d7)] -&gt; xpath: //input[@name=&apos;gen_mail_institution&apos;]]
Session ID: 0dfd47b3812c8586f401f03b935835d7
	at cucumber.api.testng.TestNGCucumberRunner.runCucumber(TestNGCucumberRunner.java:69)
	at cucumber.api.testng.AbstractTestNGCucumberTests.feature(AbstractTestNGCucumberTests.java:21)
Caused by: org.openqa.selenium.ElementClickInterceptedException: element click intercepted: Element &lt;input _ngcontent-gtc-c50=&quot;&quot; type=&quot;checkbox&quot; name=&quot;gen_mail_institution&quot; id=&quot;gen_mail_institution&quot; value=&quot;1&quot; class=&quot;form-check-input ng-untouched ng-pristine ng-valid&quot;&gt; is not clickable at point (126, 368). Other element would receive the click: &lt;div _ngcontent-gtc-c94=&quot;&quot; class=&quot;loader-box&quot;&gt;...&lt;/div&gt;
  (Session info: chrome=123.0.6312.86)
Build info: version: &apos;4.12.1&apos;, revision: &apos;8e34639b11&apos;
System info: os.name: &apos;Windows 10&apos;, os.arch: &apos;amd64&apos;, os.version: &apos;10.0&apos;, java.version: &apos;11.0.20&apos;
Driver info: org.openqa.selenium.chrome.ChromeDriver
Command: [0dfd47b3812c8586f401f03b935835d7, clickElement {id=f.19B300EC7C337089B80D25C903313514.d.47D1CB7CC2B645095FE3D6731173BAF1.e.5724}]
Capabilities {acceptInsecureCerts: false, browserName: chrome, browserVersion: 123.0.6312.86, chrome: {chromedriverVersion: 123.0.6312.58 (6b4b19e9dfbb..., userDataDir: C:\Users\admin\AppData\Loca...}, fedcm:accounts: true, goog:chromeOptions: {debuggerAddress: localhost:58091}, networkConnectionEnabled: false, pageLoadStrategy: normal, platformName: windows, proxy: Proxy(), se:cdp: ws://localhost:58091/devtoo..., se:cdpVersion: 123.0.6312.86, setWindowRect: true, strictFileInteractability: false, timeouts: {implicit: 0, pageLoad: 300000, script: 30000}, unhandledPromptBehavior: dismiss and notify, webauthn:extension:credBlob: true, webauthn:extension:largeBlob: true, webauthn:extension:minPinLength: true, webauthn:extension:prf: true, webauthn:virtualAuthenticators: true}
Element: [[ChromeDriver: chrome on windows (0dfd47b3812c8586f401f03b935835d7)] -&gt; xpath: //input[@name=&apos;gen_mail_institution&apos;]]
Session ID: 0dfd47b3812c8586f401f03b935835d7
	at org.openqa.selenium.remote.codec.w3c.W3CHttpResponseCodec.createException(W3CHttpResponseCodec.java:200)
	at org.openqa.selenium.remote.codec.w3c.W3CHttpResponseCodec.decode(W3CHttpResponseCodec.java:133)
	at org.openqa.selenium.remote.codec.w3c.W3CHttpResponseCodec.decode(W3CHttpResponseCodec.java:52)
	at org.openqa.selenium.remote.HttpCommandExecutor.execute(HttpCommandExecutor.java:191)
	at org.openqa.selenium.remote.service.DriverCommandExecutor.invokeExecute(DriverCommandExecutor.java:196)
	at org.openqa.selenium.remote.service.DriverCommandExecutor.execute(DriverCommandExecutor.java:171)
	at org.openqa.selenium.remote.RemoteWebDriver.execute(RemoteWebDriver.java:602)
	at org.openqa.selenium.remote.RemoteWebElement.execute(RemoteWebElement.java:224)
	at org.openqa.selenium.remote.RemoteWebElement.click(RemoteWebElement.java:77)
	at com.cucumber.PageObjects.UserGenerateBulkWithApprovalPageObjects.UploadDataFiles(UserGenerateBulkWithApprovalPageObjects.java:161)
	at com.cucumber.stepdefination.UserBulkWithApprovalSteps.upload_Data_Files(UserBulkWithApprovalSteps.java:61)
	at ✽.Then Upload Data Files(src/test/resources/features/UserGenerateBulkWithApproval.feature:17)
... Removed 28 stack frames</div></td></tr></table><p class="totop"><a href="#summary">back to summary</a></p><h3 id="m3">com.cucumber.TestRunner.UserGenerateBulkWithoutApprovalRunner#feature</h3><table class="result"><tr class="param"><th>Parameter #1</th></tr><tr class="param stripe"><td>Institution User - Check the flow of Bulk with Approvals</td></tr><tr><th>Messages</th></tr><tr><td><div class="messages">Completed executing following method : AbstractTestNGCucumberTests.feature<br/>Test Method resides in com.cucumber.TestRunner.UserGenerateBulkWithoutApprovalRunner<br/>Test Method had the following parameters : nullInstitution User - Check the flow of Bulk with Approvals,<br/>Test Status: Failed</div></td></tr><tr><th>Exception</th></tr><tr><td><div class="stacktrace">cucumber.runtime.CucumberException: org.openqa.selenium.ElementClickInterceptedException: element click intercepted: Element &lt;input _ngcontent-jew-c50=&quot;&quot; type=&quot;checkbox&quot; name=&quot;gen_mail_institution&quot; id=&quot;gen_mail_institution&quot; value=&quot;1&quot; class=&quot;form-check-input ng-untouched ng-pristine ng-valid&quot;&gt; is not clickable at point (126, 368). Other element would receive the click: &lt;div _ngcontent-jew-c94=&quot;&quot; class=&quot;loader-box&quot;&gt;...&lt;/div&gt;
  (Session info: chrome=123.0.6312.86)
Build info: version: &apos;4.12.1&apos;, revision: &apos;8e34639b11&apos;
System info: os.name: &apos;Windows 10&apos;, os.arch: &apos;amd64&apos;, os.version: &apos;10.0&apos;, java.version: &apos;11.0.20&apos;
Driver info: org.openqa.selenium.chrome.ChromeDriver
Command: [b84a70ecabedeff0712fa7f7f74143e0, clickElement {id=f.16833CC340AD0C077E2AE1C4859DCE83.d.4417C88B7C202084DA2085B98DF3272B.e.5698}]
Capabilities {acceptInsecureCerts: false, browserName: chrome, browserVersion: 123.0.6312.86, chrome: {chromedriverVersion: 123.0.6312.58 (6b4b19e9dfbb..., userDataDir: C:\Users\admin\AppData\Loca...}, fedcm:accounts: true, goog:chromeOptions: {debuggerAddress: localhost:57684}, networkConnectionEnabled: false, pageLoadStrategy: normal, platformName: windows, proxy: Proxy(), se:cdp: ws://localhost:57684/devtoo..., se:cdpVersion: 123.0.6312.86, setWindowRect: true, strictFileInteractability: false, timeouts: {implicit: 0, pageLoad: 300000, script: 30000}, unhandledPromptBehavior: dismiss and notify, webauthn:extension:credBlob: true, webauthn:extension:largeBlob: true, webauthn:extension:minPinLength: true, webauthn:extension:prf: true, webauthn:virtualAuthenticators: true}
Element: [[ChromeDriver: chrome on windows (b84a70ecabedeff0712fa7f7f74143e0)] -&gt; xpath: //input[@name=&apos;gen_mail_institution&apos;]]
Session ID: b84a70ecabedeff0712fa7f7f74143e0
	at cucumber.api.testng.TestNGCucumberRunner.runCucumber(TestNGCucumberRunner.java:69)
	at cucumber.api.testng.AbstractTestNGCucumberTests.feature(AbstractTestNGCucumberTests.java:21)
Caused by: org.openqa.selenium.ElementClickInterceptedException: element click intercepted: Element &lt;input _ngcontent-jew-c50=&quot;&quot; type=&quot;checkbox&quot; name=&quot;gen_mail_institution&quot; id=&quot;gen_mail_institution&quot; value=&quot;1&quot; class=&quot;form-check-input ng-untouched ng-pristine ng-valid&quot;&gt; is not clickable at point (126, 368). Other element would receive the click: &lt;div _ngcontent-jew-c94=&quot;&quot; class=&quot;loader-box&quot;&gt;...&lt;/div&gt;
  (Session info: chrome=123.0.6312.86)
Build info: version: &apos;4.12.1&apos;, revision: &apos;8e34639b11&apos;
System info: os.name: &apos;Windows 10&apos;, os.arch: &apos;amd64&apos;, os.version: &apos;10.0&apos;, java.version: &apos;11.0.20&apos;
Driver info: org.openqa.selenium.chrome.ChromeDriver
Command: [b84a70ecabedeff0712fa7f7f74143e0, clickElement {id=f.16833CC340AD0C077E2AE1C4859DCE83.d.4417C88B7C202084DA2085B98DF3272B.e.5698}]
Capabilities {acceptInsecureCerts: false, browserName: chrome, browserVersion: 123.0.6312.86, chrome: {chromedriverVersion: 123.0.6312.58 (6b4b19e9dfbb..., userDataDir: C:\Users\admin\AppData\Loca...}, fedcm:accounts: true, goog:chromeOptions: {debuggerAddress: localhost:57684}, networkConnectionEnabled: false, pageLoadStrategy: normal, platformName: windows, proxy: Proxy(), se:cdp: ws://localhost:57684/devtoo..., se:cdpVersion: 123.0.6312.86, setWindowRect: true, strictFileInteractability: false, timeouts: {implicit: 0, pageLoad: 300000, script: 30000}, unhandledPromptBehavior: dismiss and notify, webauthn:extension:credBlob: true, webauthn:extension:largeBlob: true, webauthn:extension:minPinLength: true, webauthn:extension:prf: true, webauthn:virtualAuthenticators: true}
Element: [[ChromeDriver: chrome on windows (b84a70ecabedeff0712fa7f7f74143e0)] -&gt; xpath: //input[@name=&apos;gen_mail_institution&apos;]]
Session ID: b84a70ecabedeff0712fa7f7f74143e0
	at org.openqa.selenium.remote.codec.w3c.W3CHttpResponseCodec.createException(W3CHttpResponseCodec.java:200)
	at org.openqa.selenium.remote.codec.w3c.W3CHttpResponseCodec.decode(W3CHttpResponseCodec.java:133)
	at org.openqa.selenium.remote.codec.w3c.W3CHttpResponseCodec.decode(W3CHttpResponseCodec.java:52)
	at org.openqa.selenium.remote.HttpCommandExecutor.execute(HttpCommandExecutor.java:191)
	at org.openqa.selenium.remote.service.DriverCommandExecutor.invokeExecute(DriverCommandExecutor.java:196)
	at org.openqa.selenium.remote.service.DriverCommandExecutor.execute(DriverCommandExecutor.java:171)
	at org.openqa.selenium.remote.RemoteWebDriver.execute(RemoteWebDriver.java:602)
	at org.openqa.selenium.remote.RemoteWebElement.execute(RemoteWebElement.java:224)
	at org.openqa.selenium.remote.RemoteWebElement.click(RemoteWebElement.java:77)
	at com.cucumber.PageObjects.UserGenerateBulkWithoutApprovalPageObjects.uploadthedatafiles(UserGenerateBulkWithoutApprovalPageObjects.java:158)
	at com.cucumber.stepdefination.UserGenerateBulkWithoutApprovalSteps.upload_the_data_files(UserGenerateBulkWithoutApprovalSteps.java:77)
	at ✽.Then upload the data files(src/test/resources/features/UserGenerateBulkWithoutApproval.feature:17)
... Removed 28 stack frames</div></td></tr></table><p class="totop"><a href="#summary">back to summary</a></p><h3 id="m4">com.cucumber.TestRunner.UserDashboardRecentCertificateGenerationsCertificateTypedropdownRunner#feature</h3><table class="result"><tr><th>Exception</th></tr><tr><td><div class="stacktrace">java.lang.RuntimeException: java.lang.IllegalArgumentException: Not a file or directory: C:\Users\admin\eclipse-workspace\Learning Chain Automation5\src\test\resources\features\UserDashboardRecentcertificateGenerationsCertificateTypedropdown.feature
Caused by: java.lang.IllegalArgumentException: Not a file or directory: C:\Users\admin\eclipse-workspace\Learning Chain Automation5\src\test\resources\features\UserDashboardRecentcertificateGenerationsCertificateTypedropdown.feature
	at cucumber.runtime.io.FileResourceIterator$FileIterator.&lt;init&gt;(FileResourceIterator.java:54)
	at cucumber.runtime.io.FileResourceIterator.&lt;init&gt;(FileResourceIterator.java:20)
	at cucumber.runtime.io.FileResourceIterable.iterator(FileResourceIterable.java:19)
	at cucumber.runtime.model.CucumberFeature.loadFromFeaturePath(CucumberFeature.java:103)
	at cucumber.runtime.model.CucumberFeature.load(CucumberFeature.java:54)
	at cucumber.runtime.model.CucumberFeature.load(CucumberFeature.java:34)
	at cucumber.runtime.RuntimeOptions.cucumberFeatures(RuntimeOptions.java:239)
	at cucumber.api.testng.TestNGCucumberRunner.getFeatures(TestNGCucumberRunner.java:85)
	at cucumber.api.testng.TestNGCucumberRunner.provideFeatures(TestNGCucumberRunner.java:94)
	at cucumber.api.testng.AbstractTestNGCucumberTests.features(AbstractTestNGCucumberTests.java:29)
	... 20 more
... Removed 26 stack frames</div></td></tr></table><p class="totop"><a href="#summary">back to summary</a></p><h3 id="m5">com.cucumber.TestRunner.AdminApplicationTitleRunner#feature</h3><table class="result"><tr class="param"><th>Parameter #1</th></tr><tr class="param stripe"><td>Institution User - Check the flow of Application Title</td></tr><tr><th>Messages</th></tr><tr><td><div class="messages">Completed executing following method : AbstractTestNGCucumberTests.feature<br/>Test Method resides in com.cucumber.TestRunner.AdminApplicationTitleRunner<br/>Test Method had the following parameters : nullInstitution User - Check the flow of Application Title,<br/>Test Status: Pass</div></td></tr></table><p class="totop"><a href="#summary">back to summary</a></p><h3 id="m6">com.cucumber.TestRunner.AdminBacktotopbuttonRunner#feature</h3><table class="result"><tr class="param"><th>Parameter #1</th></tr><tr class="param stripe"><td>Institution Admin - Check the flow of Back to top</td></tr><tr><th>Messages</th></tr><tr><td><div class="messages">Completed executing following method : AbstractTestNGCucumberTests.feature<br/>Test Method resides in com.cucumber.TestRunner.AdminBacktotopbuttonRunner<br/>Test Method had the following parameters : nullInstitution Admin - Check the flow of Back to top,<br/>Test Status: Pass</div></td></tr></table><p class="totop"><a href="#summary">back to summary</a></p><h3 id="m7">com.cucumber.TestRunner.AdminLaunchTheApplicationRunner#feature</h3><table class="result"><tr class="param"><th>Parameter #1</th></tr><tr class="param stripe"><td>Institution User - Check the flow of Launch the application</td></tr><tr><th>Messages</th></tr><tr><td><div class="messages">Completed executing following method : AbstractTestNGCucumberTests.feature<br/>Test Method resides in com.cucumber.TestRunner.AdminLaunchTheApplicationRunner<br/>Test Method had the following parameters : nullInstitution User - Check the flow of Launch the application,<br/>Test Status: Pass</div></td></tr></table><p class="totop"><a href="#summary">back to summary</a></p><h3 id="m8">com.cucumber.TestRunner.UserBacktotopbuttonRunner#feature</h3><table class="result"><tr class="param"><th>Parameter #1</th></tr><tr class="param stripe"><td>Institution User - Check the flow of back to top button</td></tr><tr><th>Messages</th></tr><tr><td><div class="messages">Completed executing following method : AbstractTestNGCucumberTests.feature<br/>Test Method resides in com.cucumber.TestRunner.UserBacktotopbuttonRunner<br/>Test Method had the following parameters : nullInstitution User - Check the flow of back to top button,<br/>Test Status: Pass</div></td></tr></table><p class="totop"><a href="#summary">back to summary</a></p><h3 id="m9">com.cucumber.TestRunner.UserBulkDashboardLinkRunner#feature</h3><table class="result"><tr class="param"><th>Parameter #1</th></tr><tr class="param stripe"><td>Institution User - Check the flow of User Bulk By Click the Dashboard link</td></tr><tr><th>Messages</th></tr><tr><td><div class="messages">Completed executing following method : AbstractTestNGCucumberTests.feature<br/>Test Method resides in com.cucumber.TestRunner.UserBulkDashboardLinkRunner<br/>Test Method had the following parameters : nullInstitution User - Check the flow of User Bulk By Click the Dashboard link,<br/>Test Status: Pass</div></td></tr></table><p class="totop"><a href="#summary">back to summary</a></p><h3 id="m10">com.cucumber.TestRunner.UserBulkGeneratedCertficatesRunner#feature</h3><table class="result"><tr class="param"><th>Parameter #1</th></tr><tr class="param stripe"><td>Institution User - Check the flow of Bulk Generated certificates</td></tr><tr><th>Messages</th></tr><tr><td><div class="messages">Completed executing following method : AbstractTestNGCucumberTests.feature<br/>Test Method resides in com.cucumber.TestRunner.UserBulkGeneratedCertficatesRunner<br/>Test Method had the following parameters : nullInstitution User - Check the flow of Bulk Generated certificates,<br/>Test Status: Pass</div></td></tr></table><p class="totop"><a href="#summary">back to summary</a></p><h3 id="m11">com.cucumber.TestRunner.UserChangePasswordRunner#feature</h3><table class="result"><tr class="param"><th>Parameter #1</th></tr><tr class="param stripe"><td>Institution User - Check the flow of Change Password</td></tr><tr><th>Messages</th></tr><tr><td><div class="messages">Completed executing following method : AbstractTestNGCucumberTests.feature<br/>Test Method resides in com.cucumber.TestRunner.UserChangePasswordRunner<br/>Test Method had the following parameters : nullInstitution User - Check the flow of Change Password,<br/>Test Status: Pass</div></td></tr></table><p class="totop"><a href="#summary">back to summary</a></p><h3 id="m12">com.cucumber.TestRunner.UserDashboardViewAllGenerationsRunner#feature</h3><table class="result"><tr class="param"><th>Parameter #1</th></tr><tr class="param stripe"><td>Institution User - Check the flow of View All Generations</td></tr><tr><th>Messages</th></tr><tr><td><div class="messages">Completed executing following method : AbstractTestNGCucumberTests.feature<br/>Test Method resides in com.cucumber.TestRunner.UserDashboardViewAllGenerationsRunner<br/>Test Method had the following parameters : nullInstitution User - Check the flow of View All Generations,<br/>Test Status: Pass</div></td></tr></table><p class="totop"><a href="#summary">back to summary</a></p><h3 id="m13">com.cucumber.TestRunner.UserGenerateBulkByUploadCSVFIleWithEmptyCertificateNameRunner#feature</h3><table class="result"><tr class="param"><th>Parameter #1</th></tr><tr class="param stripe"><td>Institution User - Check the flow of Generate Bulk By Upload CSV File With Empty Certificate Name</td></tr><tr><th>Messages</th></tr><tr><td><div class="messages">Completed executing following method : AbstractTestNGCucumberTests.feature<br/>Test Method resides in com.cucumber.TestRunner.UserGenerateBulkByUploadCSVFIleWithEmptyCertificateNameRunner<br/>Test Method had the following parameters : nullInstitution User - Check the flow of Generate Bulk By Upload CSV File With Empty Certificate Name,<br/>Test Status: Pass</div></td></tr></table><p class="totop"><a href="#summary">back to summary</a></p><h3 id="m14">com.cucumber.TestRunner.UserGenerateBulkByUploadCSVFIleWithoutIssueYearRunner#feature</h3><table class="result"><tr class="param"><th>Parameter #1</th></tr><tr class="param stripe"><td>Institution User - Check the flow of Generate Bulk By Upload CSV File Without Issue Year</td></tr><tr><th>Messages</th></tr><tr><td><div class="messages">Completed executing following method : AbstractTestNGCucumberTests.feature<br/>Test Method resides in com.cucumber.TestRunner.UserGenerateBulkByUploadCSVFIleWithoutIssueYearRunner<br/>Test Method had the following parameters : nullInstitution User - Check the flow of Generate Bulk By Upload CSV File Without Issue Year,<br/>Test Status: Pass</div></td></tr></table><p class="totop"><a href="#summary">back to summary</a></p><h3 id="m15">com.cucumber.TestRunner.UserGenerateBulkByUploadCSVFileWithEmptyMobileNumberRunner#feature</h3><table class="result"><tr class="param"><th>Parameter #1</th></tr><tr class="param stripe"><td>Institution User - Check the flow of Generate Bulk with invalid CSV File - Empty Mobile umber column</td></tr><tr><th>Messages</th></tr><tr><td><div class="messages">Completed executing following method : AbstractTestNGCucumberTests.feature<br/>Test Method resides in com.cucumber.TestRunner.UserGenerateBulkByUploadCSVFileWithEmptyMobileNumberRunner<br/>Test Method had the following parameters : nullInstitution User - Check the flow of Generate Bulk with invalid CSV File - Empty Mobile umber column,<br/>Test Status: Pass</div></td></tr></table><p class="totop"><a href="#summary">back to summary</a></p><h3 id="m16">com.cucumber.TestRunner.UserGenerateSingleWithoutApprovalRunner#feature</h3><table class="result"><tr class="param"><th>Parameter #1</th></tr><tr class="param stripe"><td>Institution User - Check the flow of Generate Single Without Approval</td></tr><tr><th>Messages</th></tr><tr><td><div class="messages">Completed executing following method : AbstractTestNGCucumberTests.feature<br/>Test Method resides in com.cucumber.TestRunner.UserGenerateSingleWithoutApprovalRunner<br/>Test Method had the following parameters : nullInstitution User - Check the flow of Generate Single Without Approval,<br/>Test Status: Pass</div></td></tr></table><p class="totop"><a href="#summary">back to summary</a></p><h3 id="m17">com.cucumber.TestRunner.UserGeneratedCertificatesRunner#feature</h3><table class="result"><tr class="param"><th>Parameter #1</th></tr><tr class="param stripe"><td>Institution User - Check the flow of Generated Certificates</td></tr><tr><th>Messages</th></tr><tr><td><div class="messages">Completed executing following method : AbstractTestNGCucumberTests.feature<br/>Test Method resides in com.cucumber.TestRunner.UserGeneratedCertificatesRunner<br/>Test Method had the following parameters : nullInstitution User - Check the flow of Generated Certificates,<br/>Test Status: Pass</div></td></tr></table><p class="totop"><a href="#summary">back to summary</a></p><h3 id="m18">com.cucumber.TestRunner.UserGeneratedCertificatesWithoutEnablecheckboxesRunner#feature</h3><table class="result"><tr class="param"><th>Parameter #1</th></tr><tr class="param stripe"><td>genearated certificate</td></tr><tr><th>Messages</th></tr><tr><td><div class="messages">Completed executing following method : AbstractTestNGCucumberTests.feature<br/>Test Method resides in com.cucumber.TestRunner.UserGeneratedCertificatesWithoutEnablecheckboxesRunner<br/>Test Method had the following parameters : nullgenearated certificate,<br/>Test Status: Pass</div></td></tr></table><p class="totop"><a href="#summary">back to summary</a></p><h3 id="m19">com.cucumber.TestRunner.UserInternalPrintingByUploadingCSVWithInvalidCertificateTypeRunner#feature</h3><table class="result"><tr class="param"><th>Parameter #1</th></tr><tr class="param stripe"><td>Institution User - Check the flow of Internal Printing with upload the CSV file with invalid Certificate Type</td></tr><tr><th>Messages</th></tr><tr><td><div class="messages">Completed executing following method : AbstractTestNGCucumberTests.feature<br/>Test Method resides in com.cucumber.TestRunner.UserInternalPrintingByUploadingCSVWithInvalidCertificateTypeRunner<br/>Test Method had the following parameters : nullInstitution User - Check the flow of Internal Printing with upload the CSV file with invalid Certificate Type,<br/>Test Status: Pass</div></td></tr></table><p class="totop"><a href="#summary">back to summary</a></p><h3 id="m20">com.cucumber.TestRunner.UserInternalPrintingUploadCSVFileWithoutStudentNameRunner#feature</h3><table class="result"><tr class="param"><th>Parameter #1</th></tr><tr class="param stripe"><td>Institution User - Check the flow of Internal Printing Upload CSV file Without Student Name</td></tr><tr><th>Messages</th></tr><tr><td><div class="messages">Completed executing following method : AbstractTestNGCucumberTests.feature<br/>Test Method resides in com.cucumber.TestRunner.UserInternalPrintingUploadCSVFileWithoutStudentNameRunner<br/>Test Method had the following parameters : nullInstitution User - Check the flow of Internal Printing Upload CSV file Without Student Name,<br/>Test Status: Pass</div></td></tr></table><p class="totop"><a href="#summary">back to summary</a></p><h3 id="m21">com.cucumber.TestRunner.UserRecentCertificateVerificationsRunner#feature</h3><table class="result"><tr class="param"><th>Parameter #1</th></tr><tr class="param stripe"><td>Institution User - Check the flow of Recent Certificate Verifiecations</td></tr><tr><th>Messages</th></tr><tr><td><div class="messages">Completed executing following method : AbstractTestNGCucumberTests.feature<br/>Test Method resides in com.cucumber.TestRunner.UserRecentCertificateVerificationsRunner<br/>Test Method had the following parameters : nullInstitution User - Check the flow of Recent Certificate Verifiecations,<br/>Test Status: Pass</div></td></tr></table><p class="totop"><a href="#summary">back to summary</a></p><h3 id="m22">com.cucumber.TestRunner.UserUpdateProfileRunner#feature</h3><table class="result"><tr class="param"><th>Parameter #1</th></tr><tr class="param stripe"><td>Institution User - Check the flow of Updateprofile</td></tr><tr><th>Messages</th></tr><tr><td><div class="messages">Completed executing following method : AbstractTestNGCucumberTests.feature<br/>Test Method resides in com.cucumber.TestRunner.UserUpdateProfileRunner<br/>Test Method had the following parameters : nullInstitution User - Check the flow of Updateprofile,<br/>Test Status: Pass</div></td></tr></table><p class="totop"><a href="#summary">back to summary</a></p><h3 id="m23">com.cucumber.TestRunner.UserVerifiedCertificatesRunner#feature</h3><table class="result"><tr class="param"><th>Parameter #1</th></tr><tr class="param stripe"><td>Institution User - Check the flow of Verified Certificates</td></tr><tr><th>Messages</th></tr><tr><td><div class="messages">Completed executing following method : AbstractTestNGCucumberTests.feature<br/>Test Method resides in com.cucumber.TestRunner.UserVerifiedCertificatesRunner<br/>Test Method had the following parameters : nullInstitution User - Check the flow of Verified Certificates,<br/>Test Status: Pass</div></td></tr></table><p class="totop"><a href="#summary">back to summary</a></p><h3 id="m24">com.cucumber.TestRunner.UserVerifyCertificatesRunner#feature</h3><table class="result"><tr class="param"><th>Parameter #1</th></tr><tr class="param stripe"><td>Institution User - Check the flow of Institution User Verify Certificates</td></tr><tr><th>Messages</th></tr><tr><td><div class="messages">Completed executing following method : AbstractTestNGCucumberTests.feature<br/>Test Method resides in com.cucumber.TestRunner.UserVerifyCertificatesRunner<br/>Test Method had the following parameters : nullInstitution User - Check the flow of Institution User Verify Certificates,<br/>Test Status: Pass</div></td></tr></table><p class="totop"><a href="#summary">back to summary</a></p></body></html>