<!DOCTYPE html>

<html>
  <head>
  <meta charset='utf-8'>
  <title>TestNG reports</title>

    <link type="text/css" href="testng-reports.css" rel="stylesheet" />  
    <script type="text/javascript" src="jquery-1.7.1.min.js"></script>
    <script type="text/javascript" src="testng-reports.js"></script>
    <script type="text/javascript" src="https://www.google.com/jsapi"></script>
    <script type='text/javascript'>
      google.load('visualization', '1', {packages:['table']});
      google.setOnLoadCallback(drawTable);
      var suiteTableInitFunctions = new Array();
      var suiteTableData = new Array();
    </script>
    <!--
      <script type="text/javascript" src="jquery-ui/js/jquery-ui-1.8.16.custom.min.js"></script>
     -->
  </head>

  <body>
    <div class="top-banner-root">
      <span class="top-banner-title-font">Test results</span>
      <br/>
      <span class="top-banner-font-1">1 suite, 4 failed tests</span>
    </div> <!-- top-banner-root -->
    <div class="navigator-root">
      <div class="navigator-suite-header">
        <span>All suites</span>
        <a href="#" title="Collapse/expand all the suites" class="collapse-all-link">
          <img src="collapseall.gif" class="collapse-all-icon">
          </img> <!-- collapse-all-icon -->
        </a> <!-- collapse-all-link -->
      </div> <!-- navigator-suite-header -->
      <div class="suite">
        <div class="rounded-window">
          <div class="suite-header light-rounded-window-top">
            <a href="#" panel-name="suite-Sapphirus_Systems_Pvt_Ltd" class="navigator-link">
              <span class="suite-name border-failed">Sapphirus Systems Pvt Ltd</span>
            </a> <!-- navigator-link -->
          </div> <!-- suite-header light-rounded-window-top -->
          <div class="navigator-suite-content">
            <div class="suite-section-title">
              <span>Info</span>
            </div> <!-- suite-section-title -->
            <div class="suite-section-content">
              <ul>
                <li>
                  <a href="#" panel-name="test-xml-Sapphirus_Systems_Pvt_Ltd" class="navigator-link ">
                    <span>C:\Users\admin\eclipse-workspace\Learning Chain Automation5\testng.xml</span>
                  </a> <!-- navigator-link  -->
                </li>
                <li>
                  <a href="#" panel-name="testlist-Sapphirus_Systems_Pvt_Ltd" class="navigator-link ">
                    <span class="test-stats">2 tests</span>
                  </a> <!-- navigator-link  -->
                </li>
                <li>
                  <a href="#" panel-name="group-Sapphirus_Systems_Pvt_Ltd" class="navigator-link ">
                    <span>1 group</span>
                  </a> <!-- navigator-link  -->
                </li>
                <li>
                  <a href="#" panel-name="times-Sapphirus_Systems_Pvt_Ltd" class="navigator-link ">
                    <span>Times</span>
                  </a> <!-- navigator-link  -->
                </li>
                <li>
                  <a href="#" panel-name="reporter-Sapphirus_Systems_Pvt_Ltd" class="navigator-link ">
                    <span>Reporter output</span>
                  </a> <!-- navigator-link  -->
                </li>
                <li>
                  <a href="#" panel-name="ignored-methods-Sapphirus_Systems_Pvt_Ltd" class="navigator-link ">
                    <span>Ignored methods</span>
                  </a> <!-- navigator-link  -->
                </li>
                <li>
                  <a href="#" panel-name="chronological-Sapphirus_Systems_Pvt_Ltd" class="navigator-link ">
                    <span>Chronological view</span>
                  </a> <!-- navigator-link  -->
                </li>
              </ul>
            </div> <!-- suite-section-content -->
            <div class="result-section">
              <div class="suite-section-title">
                <span>Results</span>
              </div> <!-- suite-section-title -->
              <div class="suite-section-content">
                <ul>
                  <li>
                    <span class="method-stats">25 methods, 4 failed,  1 skipped,  20 passed</span>
                  </li>
                  <li>
                    <span class="method-list-title failed">Failed methods</span>
                    <span class="show-or-hide-methods failed">
                      <a href="#" panel-name="suite-Sapphirus_Systems_Pvt_Ltd" class="hide-methods failed suite-Sapphirus_Systems_Pvt_Ltd"> (hide)</a> <!-- hide-methods failed suite-Sapphirus_Systems_Pvt_Ltd -->
                      <a href="#" panel-name="suite-Sapphirus_Systems_Pvt_Ltd" class="show-methods failed suite-Sapphirus_Systems_Pvt_Ltd"> (show)</a> <!-- show-methods failed suite-Sapphirus_Systems_Pvt_Ltd -->
                    </span>
                    <div class="method-list-content failed suite-Sapphirus_Systems_Pvt_Ltd">
                      <span>
                        <img src="failed.png" width="3%"/>
                        <a href="#" panel-name="suite-Sapphirus_Systems_Pvt_Ltd" title="com.cucumber.TestRunner.UserGenerateBulkWithoutApprovalRunner" class="method navigator-link" hash-for-method="feature(Institution User - Check the flow of Bulk with Approvals)">feature(Institution User - Check the flow of Bulk with Approvals)</a> <!-- method navigator-link -->
                      </span>
                      <br/>
                      <span>
                        <img src="failed.png" width="3%"/>
                        <a href="#" panel-name="suite-Sapphirus_Systems_Pvt_Ltd" title="com.cucumber.TestRunner.UserDashboardRecentCertificateGenerationsRunner" class="method navigator-link" hash-for-method="feature(Institution User - Check the flow of Dashboard Recent Certificate Generations - print button)">feature(Institution User - Check the flow of Dashboard Recent Certificate Generations - print button)</a> <!-- method navigator-link -->
                      </span>
                      <br/>
                      <span>
                        <img src="failed.png" width="3%"/>
                        <a href="#" panel-name="suite-Sapphirus_Systems_Pvt_Ltd" title="com.cucumber.TestRunner.UserGenerateBulkWithApprovalRunner" class="method navigator-link" hash-for-method="feature(Institution User - Check the flow of Institution User Bulk with Approvals)">feature(Institution User - Check the flow of Institution User Bulk with Approvals)</a> <!-- method navigator-link -->
                      </span>
                      <br/>
                      <span>
                        <img src="failed.png" width="3%"/>
                        <a href="#" panel-name="suite-Sapphirus_Systems_Pvt_Ltd" title="com.cucumber.TestRunner.UserGenerateBulkByUploadCSVFIleWithInvalidCertificateTypeRunner" class="method navigator-link" hash-for-method="feature(Institution User - Check the flow of Generate Bulk By Upload CSV File With Invalid Certificate Type)">feature(Institution User - Check the flow of Generate Bulk By Upload CSV File With Invalid Certificate Type)</a> <!-- method navigator-link -->
                      </span>
                      <br/>
                    </div> <!-- method-list-content failed suite-Sapphirus_Systems_Pvt_Ltd -->
                  </li>
                  <li>
                    <span class="method-list-title skipped">Skipped methods</span>
                    <span class="show-or-hide-methods skipped">
                      <a href="#" panel-name="suite-Sapphirus_Systems_Pvt_Ltd" class="hide-methods skipped suite-Sapphirus_Systems_Pvt_Ltd"> (hide)</a> <!-- hide-methods skipped suite-Sapphirus_Systems_Pvt_Ltd -->
                      <a href="#" panel-name="suite-Sapphirus_Systems_Pvt_Ltd" class="show-methods skipped suite-Sapphirus_Systems_Pvt_Ltd"> (show)</a> <!-- show-methods skipped suite-Sapphirus_Systems_Pvt_Ltd -->
                    </span>
                    <div class="method-list-content skipped suite-Sapphirus_Systems_Pvt_Ltd">
                      <span>
                        <img src="skipped.png" width="3%"/>
                        <a href="#" panel-name="suite-Sapphirus_Systems_Pvt_Ltd" title="com.cucumber.TestRunner.UserDashboardRecentCertificateGenerationsCertificateTypedropdownRunner" class="method navigator-link" hash-for-method="feature">feature</a> <!-- method navigator-link -->
                      </span>
                      <br/>
                    </div> <!-- method-list-content skipped suite-Sapphirus_Systems_Pvt_Ltd -->
                  </li>
                  <li>
                    <span class="method-list-title passed">Passed methods</span>
                    <span class="show-or-hide-methods passed">
                      <a href="#" panel-name="suite-Sapphirus_Systems_Pvt_Ltd" class="hide-methods passed suite-Sapphirus_Systems_Pvt_Ltd"> (hide)</a> <!-- hide-methods passed suite-Sapphirus_Systems_Pvt_Ltd -->
                      <a href="#" panel-name="suite-Sapphirus_Systems_Pvt_Ltd" class="show-methods passed suite-Sapphirus_Systems_Pvt_Ltd"> (show)</a> <!-- show-methods passed suite-Sapphirus_Systems_Pvt_Ltd -->
                    </span>
                    <div class="method-list-content passed suite-Sapphirus_Systems_Pvt_Ltd">
                      <span>
                        <img src="passed.png" width="3%"/>
                        <a href="#" panel-name="suite-Sapphirus_Systems_Pvt_Ltd" title="com.cucumber.TestRunner.UserBulkDashboardLinkRunner" class="method navigator-link" hash-for-method="feature(Institution User - Check the flow of User Bulk By Click the Dashboard link)">feature(Institution User - Check the flow of User Bulk By Click the Dashboard link)</a> <!-- method navigator-link -->
                      </span>
                      <br/>
                      <span>
                        <img src="passed.png" width="3%"/>
                        <a href="#" panel-name="suite-Sapphirus_Systems_Pvt_Ltd" title="com.cucumber.TestRunner.UserGenerateBulkByUploadCSVFileWithEmptyMobileNumberRunner" class="method navigator-link" hash-for-method="feature(Institution User - Check the flow of Generate Bulk with invalid CSV File - Empty Mobile umber column)">feature(Institution User - Check the flow of Generate Bulk with invalid CSV File - Empty Mobile umber column)</a> <!-- method navigator-link -->
                      </span>
                      <br/>
                      <span>
                        <img src="passed.png" width="3%"/>
                        <a href="#" panel-name="suite-Sapphirus_Systems_Pvt_Ltd" title="com.cucumber.TestRunner.AdminApplicationTitleRunner" class="method navigator-link" hash-for-method="feature(Institution User - Check the flow of Application Title)">feature(Institution User - Check the flow of Application Title)</a> <!-- method navigator-link -->
                      </span>
                      <br/>
                      <span>
                        <img src="passed.png" width="3%"/>
                        <a href="#" panel-name="suite-Sapphirus_Systems_Pvt_Ltd" title="com.cucumber.TestRunner.UserDashboardViewAllGenerationsRunner" class="method navigator-link" hash-for-method="feature(Institution User - Check the flow of View All Generations)">feature(Institution User - Check the flow of View All Generations)</a> <!-- method navigator-link -->
                      </span>
                      <br/>
                      <span>
                        <img src="passed.png" width="3%"/>
                        <a href="#" panel-name="suite-Sapphirus_Systems_Pvt_Ltd" title="com.cucumber.TestRunner.AdminLaunchTheApplicationRunner" class="method navigator-link" hash-for-method="feature(Institution User - Check the flow of Launch the application)">feature(Institution User - Check the flow of Launch the application)</a> <!-- method navigator-link -->
                      </span>
                      <br/>
                      <span>
                        <img src="passed.png" width="3%"/>
                        <a href="#" panel-name="suite-Sapphirus_Systems_Pvt_Ltd" title="com.cucumber.TestRunner.UserVerifiedCertificatesRunner" class="method navigator-link" hash-for-method="feature(Institution User - Check the flow of Verified Certificates)">feature(Institution User - Check the flow of Verified Certificates)</a> <!-- method navigator-link -->
                      </span>
                      <br/>
                      <span>
                        <img src="passed.png" width="3%"/>
                        <a href="#" panel-name="suite-Sapphirus_Systems_Pvt_Ltd" title="com.cucumber.TestRunner.UserVerifyCertificatesRunner" class="method navigator-link" hash-for-method="feature(Institution User - Check the flow of Institution User Verify Certificates)">feature(Institution User - Check the flow of Institution User Verify Certificates)</a> <!-- method navigator-link -->
                      </span>
                      <br/>
                      <span>
                        <img src="passed.png" width="3%"/>
                        <a href="#" panel-name="suite-Sapphirus_Systems_Pvt_Ltd" title="com.cucumber.TestRunner.UserChangePasswordRunner" class="method navigator-link" hash-for-method="feature(Institution User - Check the flow of Change Password)">feature(Institution User - Check the flow of Change Password)</a> <!-- method navigator-link -->
                      </span>
                      <br/>
                      <span>
                        <img src="passed.png" width="3%"/>
                        <a href="#" panel-name="suite-Sapphirus_Systems_Pvt_Ltd" title="com.cucumber.TestRunner.UserGenerateBulkByUploadCSVFIleWithoutIssueYearRunner" class="method navigator-link" hash-for-method="feature(Institution User - Check the flow of Generate Bulk By Upload CSV File Without Issue Year)">feature(Institution User - Check the flow of Generate Bulk By Upload CSV File Without Issue Year)</a> <!-- method navigator-link -->
                      </span>
                      <br/>
                      <span>
                        <img src="passed.png" width="3%"/>
                        <a href="#" panel-name="suite-Sapphirus_Systems_Pvt_Ltd" title="com.cucumber.TestRunner.UserInternalPrintingUploadCSVFileWithoutStudentNameRunner" class="method navigator-link" hash-for-method="feature(Institution User - Check the flow of Internal Printing Upload CSV file Without Student Name)">feature(Institution User - Check the flow of Internal Printing Upload CSV file Without Student Name)</a> <!-- method navigator-link -->
                      </span>
                      <br/>
                      <span>
                        <img src="passed.png" width="3%"/>
                        <a href="#" panel-name="suite-Sapphirus_Systems_Pvt_Ltd" title="com.cucumber.TestRunner.UserInternalPrintingByUploadingCSVWithInvalidCertificateTypeRunner" class="method navigator-link" hash-for-method="feature(Institution User - Check the flow of Internal Printing with upload the CSV file with invalid Certifi...)">feature(Institution User - Check the flow of Internal Printing with upload the CSV file with invalid Certifi...)</a> <!-- method navigator-link -->
                      </span>
                      <br/>
                      <span>
                        <img src="passed.png" width="3%"/>
                        <a href="#" panel-name="suite-Sapphirus_Systems_Pvt_Ltd" title="com.cucumber.TestRunner.UserGeneratedCertificatesWithoutEnablecheckboxesRunner" class="method navigator-link" hash-for-method="feature(genearated certificate)">feature(genearated certificate)</a> <!-- method navigator-link -->
                      </span>
                      <br/>
                      <span>
                        <img src="passed.png" width="3%"/>
                        <a href="#" panel-name="suite-Sapphirus_Systems_Pvt_Ltd" title="com.cucumber.TestRunner.UserGenerateSingleWithoutApprovalRunner" class="method navigator-link" hash-for-method="feature(Institution User - Check the flow of Generate Single Without Approval)">feature(Institution User - Check the flow of Generate Single Without Approval)</a> <!-- method navigator-link -->
                      </span>
                      <br/>
                      <span>
                        <img src="passed.png" width="3%"/>
                        <a href="#" panel-name="suite-Sapphirus_Systems_Pvt_Ltd" title="com.cucumber.TestRunner.AdminBacktotopbuttonRunner" class="method navigator-link" hash-for-method="feature(Institution Admin - Check the flow of Back to top)">feature(Institution Admin - Check the flow of Back to top)</a> <!-- method navigator-link -->
                      </span>
                      <br/>
                      <span>
                        <img src="passed.png" width="3%"/>
                        <a href="#" panel-name="suite-Sapphirus_Systems_Pvt_Ltd" title="com.cucumber.TestRunner.UserUpdateProfileRunner" class="method navigator-link" hash-for-method="feature(Institution User - Check the flow of Updateprofile)">feature(Institution User - Check the flow of Updateprofile)</a> <!-- method navigator-link -->
                      </span>
                      <br/>
                      <span>
                        <img src="passed.png" width="3%"/>
                        <a href="#" panel-name="suite-Sapphirus_Systems_Pvt_Ltd" title="com.cucumber.TestRunner.UserBacktotopbuttonRunner" class="method navigator-link" hash-for-method="feature(Institution User - Check the flow of back to top button)">feature(Institution User - Check the flow of back to top button)</a> <!-- method navigator-link -->
                      </span>
                      <br/>
                      <span>
                        <img src="passed.png" width="3%"/>
                        <a href="#" panel-name="suite-Sapphirus_Systems_Pvt_Ltd" title="com.cucumber.TestRunner.UserGenerateBulkByUploadCSVFIleWithEmptyCertificateNameRunner" class="method navigator-link" hash-for-method="feature(Institution User - Check the flow of Generate Bulk By Upload CSV File With Empty Certificate Name)">feature(Institution User - Check the flow of Generate Bulk By Upload CSV File With Empty Certificate Name)</a> <!-- method navigator-link -->
                      </span>
                      <br/>
                      <span>
                        <img src="passed.png" width="3%"/>
                        <a href="#" panel-name="suite-Sapphirus_Systems_Pvt_Ltd" title="com.cucumber.TestRunner.UserBulkGeneratedCertficatesRunner" class="method navigator-link" hash-for-method="feature(Institution User - Check the flow of Bulk Generated certificates)">feature(Institution User - Check the flow of Bulk Generated certificates)</a> <!-- method navigator-link -->
                      </span>
                      <br/>
                      <span>
                        <img src="passed.png" width="3%"/>
                        <a href="#" panel-name="suite-Sapphirus_Systems_Pvt_Ltd" title="com.cucumber.TestRunner.UserRecentCertificateVerificationsRunner" class="method navigator-link" hash-for-method="feature(Institution User - Check the flow of Recent Certificate Verifiecations)">feature(Institution User - Check the flow of Recent Certificate Verifiecations)</a> <!-- method navigator-link -->
                      </span>
                      <br/>
                      <span>
                        <img src="passed.png" width="3%"/>
                        <a href="#" panel-name="suite-Sapphirus_Systems_Pvt_Ltd" title="com.cucumber.TestRunner.UserGeneratedCertificatesRunner" class="method navigator-link" hash-for-method="feature(Institution User - Check the flow of Generated Certificates)">feature(Institution User - Check the flow of Generated Certificates)</a> <!-- method navigator-link -->
                      </span>
                      <br/>
                    </div> <!-- method-list-content passed suite-Sapphirus_Systems_Pvt_Ltd -->
                  </li>
                </ul>
              </div> <!-- suite-section-content -->
            </div> <!-- result-section -->
          </div> <!-- navigator-suite-content -->
        </div> <!-- rounded-window -->
      </div> <!-- suite -->
    </div> <!-- navigator-root -->
    <div class="wrapper">
      <div class="main-panel-root">
        <div panel-name="suite-Sapphirus_Systems_Pvt_Ltd" class="panel Sapphirus_Systems_Pvt_Ltd">
          <div class="suite-Sapphirus_Systems_Pvt_Ltd-class-failed">
            <div class="main-panel-header rounded-window-top">
              <img src="failed.png"/>
              <span class="class-name">com.cucumber.TestRunner.UserGenerateBulkByUploadCSVFIleWithInvalidCertificateTypeRunner</span>
            </div> <!-- main-panel-header rounded-window-top -->
            <div class="main-panel-content rounded-window-bottom">
              <div class="method">
                <div class="method-content">
                  <a name="feature(Institution User - Check the flow of Generate Bulk By Upload CSV File With Invalid Certificate Type)">
                  </a> <!-- feature(Institution User - Check the flow of Generate Bulk By Upload CSV File With Invalid Certificate Type) -->
                  <span class="method-name">feature</span>
                  <span class="parameters">(Institution User - Check the flow of Generate Bulk By Upload CSV File With Invalid Certificate Type)</span>
                  <div class="stack-trace">cucumber.runtime.CucumberException: cucumber.runtime.CucumberException: There are undefined steps
	at cucumber.api.testng.TestNGCucumberRunner.runCucumber(TestNGCucumberRunner.java:69)
	at cucumber.api.testng.AbstractTestNGCucumberTests.feature(AbstractTestNGCucumberTests.java:21)
Caused by: cucumber.runtime.CucumberException: There are undefined steps
	at cucumber.api.testng.FeatureResultListener.collectError(FeatureResultListener.java:60)
	at cucumber.api.testng.FeatureResultListener.result(FeatureResultListener.java:45)
	at cucumber.runtime.Runtime.runStep(Runtime.java:282)
	at cucumber.runtime.model.StepContainer.runStep(StepContainer.java:44)
	at cucumber.runtime.model.StepContainer.runSteps(StepContainer.java:39)
	at cucumber.runtime.model.CucumberScenario.run(CucumberScenario.java:44)
	at cucumber.runtime.model.CucumberFeature.run(CucumberFeature.java:165)
	at cucumber.api.testng.TestNGCucumberRunner.runCucumber(TestNGCucumberRunner.java:63)
	... 24 more
... Removed 23 stack frames
</div> <!-- stack-trace -->
                  <em>
(Runs Cucumber Feature)                  </em>
                </div> <!-- method-content -->
              </div> <!-- method -->
            </div> <!-- main-panel-content rounded-window-bottom -->
          </div> <!-- suite-Sapphirus_Systems_Pvt_Ltd-class-failed -->
          <div class="suite-Sapphirus_Systems_Pvt_Ltd-class-failed">
            <div class="main-panel-header rounded-window-top">
              <img src="failed.png"/>
              <span class="class-name">com.cucumber.TestRunner.UserGenerateBulkWithoutApprovalRunner</span>
            </div> <!-- main-panel-header rounded-window-top -->
            <div class="main-panel-content rounded-window-bottom">
              <div class="method">
                <div class="method-content">
                  <a name="feature(Institution User - Check the flow of Bulk with Approvals)">
                  </a> <!-- feature(Institution User - Check the flow of Bulk with Approvals) -->
                  <span class="method-name">feature</span>
                  <span class="parameters">(Institution User - Check the flow of Bulk with Approvals)</span>
                  <div class="stack-trace">cucumber.runtime.CucumberException: org.openqa.selenium.ElementClickInterceptedException: element click intercepted: Element &lt;input _ngcontent-jew-c50=&quot;&quot; type=&quot;checkbox&quot; name=&quot;gen_mail_institution&quot; id=&quot;gen_mail_institution&quot; value=&quot;1&quot; class=&quot;form-check-input ng-untouched ng-pristine ng-valid&quot;&gt; is not clickable at point (126, 368). Other element would receive the click: &lt;div _ngcontent-jew-c94=&quot;&quot; class=&quot;loader-box&quot;&gt;...&lt;/div&gt;
  (Session info: chrome=123.0.6312.86)
Build info: version: &apos;4.12.1&apos;, revision: &apos;8e34639b11&apos;
System info: os.name: &apos;Windows 10&apos;, os.arch: &apos;amd64&apos;, os.version: &apos;10.0&apos;, java.version: &apos;11.0.20&apos;
Driver info: org.openqa.selenium.chrome.ChromeDriver
Command: [b84a70ecabedeff0712fa7f7f74143e0, clickElement {id=f.16833CC340AD0C077E2AE1C4859DCE83.d.4417C88B7C202084DA2085B98DF3272B.e.5698}]
Capabilities {acceptInsecureCerts: false, browserName: chrome, browserVersion: 123.0.6312.86, chrome: {chromedriverVersion: 123.0.6312.58 (6b4b19e9dfbb..., userDataDir: C:\Users\admin\AppData\Loca...}, fedcm:accounts: true, goog:chromeOptions: {debuggerAddress: localhost:57684}, networkConnectionEnabled: false, pageLoadStrategy: normal, platformName: windows, proxy: Proxy(), se:cdp: ws://localhost:57684/devtoo..., se:cdpVersion: 123.0.6312.86, setWindowRect: true, strictFileInteractability: false, timeouts: {implicit: 0, pageLoad: 300000, script: 30000}, unhandledPromptBehavior: dismiss and notify, webauthn:extension:credBlob: true, webauthn:extension:largeBlob: true, webauthn:extension:minPinLength: true, webauthn:extension:prf: true, webauthn:virtualAuthenticators: true}
Element: [[ChromeDriver: chrome on windows (b84a70ecabedeff0712fa7f7f74143e0)] -&gt; xpath: //input[@name=&apos;gen_mail_institution&apos;]]
Session ID: b84a70ecabedeff0712fa7f7f74143e0
	at cucumber.api.testng.TestNGCucumberRunner.runCucumber(TestNGCucumberRunner.java:69)
	at cucumber.api.testng.AbstractTestNGCucumberTests.feature(AbstractTestNGCucumberTests.java:21)
Caused by: org.openqa.selenium.ElementClickInterceptedException: element click intercepted: Element &lt;input _ngcontent-jew-c50=&quot;&quot; type=&quot;checkbox&quot; name=&quot;gen_mail_institution&quot; id=&quot;gen_mail_institution&quot; value=&quot;1&quot; class=&quot;form-check-input ng-untouched ng-pristine ng-valid&quot;&gt; is not clickable at point (126, 368). Other element would receive the click: &lt;div _ngcontent-jew-c94=&quot;&quot; class=&quot;loader-box&quot;&gt;...&lt;/div&gt;
  (Session info: chrome=123.0.6312.86)
Build info: version: &apos;4.12.1&apos;, revision: &apos;8e34639b11&apos;
System info: os.name: &apos;Windows 10&apos;, os.arch: &apos;amd64&apos;, os.version: &apos;10.0&apos;, java.version: &apos;11.0.20&apos;
Driver info: org.openqa.selenium.chrome.ChromeDriver
Command: [b84a70ecabedeff0712fa7f7f74143e0, clickElement {id=f.16833CC340AD0C077E2AE1C4859DCE83.d.4417C88B7C202084DA2085B98DF3272B.e.5698}]
Capabilities {acceptInsecureCerts: false, browserName: chrome, browserVersion: 123.0.6312.86, chrome: {chromedriverVersion: 123.0.6312.58 (6b4b19e9dfbb..., userDataDir: C:\Users\admin\AppData\Loca...}, fedcm:accounts: true, goog:chromeOptions: {debuggerAddress: localhost:57684}, networkConnectionEnabled: false, pageLoadStrategy: normal, platformName: windows, proxy: Proxy(), se:cdp: ws://localhost:57684/devtoo..., se:cdpVersion: 123.0.6312.86, setWindowRect: true, strictFileInteractability: false, timeouts: {implicit: 0, pageLoad: 300000, script: 30000}, unhandledPromptBehavior: dismiss and notify, webauthn:extension:credBlob: true, webauthn:extension:largeBlob: true, webauthn:extension:minPinLength: true, webauthn:extension:prf: true, webauthn:virtualAuthenticators: true}
Element: [[ChromeDriver: chrome on windows (b84a70ecabedeff0712fa7f7f74143e0)] -&gt; xpath: //input[@name=&apos;gen_mail_institution&apos;]]
Session ID: b84a70ecabedeff0712fa7f7f74143e0
	at org.openqa.selenium.remote.codec.w3c.W3CHttpResponseCodec.createException(W3CHttpResponseCodec.java:200)
	at org.openqa.selenium.remote.codec.w3c.W3CHttpResponseCodec.decode(W3CHttpResponseCodec.java:133)
	at org.openqa.selenium.remote.codec.w3c.W3CHttpResponseCodec.decode(W3CHttpResponseCodec.java:52)
	at org.openqa.selenium.remote.HttpCommandExecutor.execute(HttpCommandExecutor.java:191)
	at org.openqa.selenium.remote.service.DriverCommandExecutor.invokeExecute(DriverCommandExecutor.java:196)
	at org.openqa.selenium.remote.service.DriverCommandExecutor.execute(DriverCommandExecutor.java:171)
	at org.openqa.selenium.remote.RemoteWebDriver.execute(RemoteWebDriver.java:602)
	at org.openqa.selenium.remote.RemoteWebElement.execute(RemoteWebElement.java:224)
	at org.openqa.selenium.remote.RemoteWebElement.click(RemoteWebElement.java:77)
	at com.cucumber.PageObjects.UserGenerateBulkWithoutApprovalPageObjects.uploadthedatafiles(UserGenerateBulkWithoutApprovalPageObjects.java:158)
	at com.cucumber.stepdefination.UserGenerateBulkWithoutApprovalSteps.upload_the_data_files(UserGenerateBulkWithoutApprovalSteps.java:77)
	at ✽.Then upload the data files(src/test/resources/features/UserGenerateBulkWithoutApproval.feature:17)
... Removed 28 stack frames
</div> <!-- stack-trace -->
                  <em>
(Runs Cucumber Feature)                  </em>
                </div> <!-- method-content -->
              </div> <!-- method -->
            </div> <!-- main-panel-content rounded-window-bottom -->
          </div> <!-- suite-Sapphirus_Systems_Pvt_Ltd-class-failed -->
          <div class="suite-Sapphirus_Systems_Pvt_Ltd-class-failed">
            <div class="main-panel-header rounded-window-top">
              <img src="failed.png"/>
              <span class="class-name">com.cucumber.TestRunner.UserDashboardRecentCertificateGenerationsRunner</span>
            </div> <!-- main-panel-header rounded-window-top -->
            <div class="main-panel-content rounded-window-bottom">
              <div class="method">
                <div class="method-content">
                  <a name="feature(Institution User - Check the flow of Dashboard Recent Certificate Generations - print button)">
                  </a> <!-- feature(Institution User - Check the flow of Dashboard Recent Certificate Generations - print button) -->
                  <span class="method-name">feature</span>
                  <span class="parameters">(Institution User - Check the flow of Dashboard Recent Certificate Generations - print button)</span>
                  <div class="stack-trace">cucumber.runtime.CucumberException: org.openqa.selenium.NoSuchElementException: no such element: Unable to locate element: {&quot;method&quot;:&quot;xpath&quot;,&quot;selector&quot;:&quot;//a[@class=&apos;btn btn-sm btn-primary-light&apos;]&quot;}
  (Session info: chrome=123.0.6312.86)
For documentation on this error, please visit: https://www.selenium.dev/documentation/webdriver/troubleshooting/errors#no-such-element-exception
Build info: version: &apos;4.12.1&apos;, revision: &apos;8e34639b11&apos;
System info: os.name: &apos;Windows 10&apos;, os.arch: &apos;amd64&apos;, os.version: &apos;10.0&apos;, java.version: &apos;11.0.20&apos;
Driver info: org.openqa.selenium.chrome.ChromeDriver
Command: [f502c08037e1fd95c354100ec6c5da3a, findElement {using=xpath, value=//a[@class=&apos;btn btn-sm btn-primary-light&apos;]}]
Capabilities {acceptInsecureCerts: false, browserName: chrome, browserVersion: 123.0.6312.86, chrome: {chromedriverVersion: 123.0.6312.58 (6b4b19e9dfbb..., userDataDir: C:\Users\admin\AppData\Loca...}, fedcm:accounts: true, goog:chromeOptions: {debuggerAddress: localhost:58142}, networkConnectionEnabled: false, pageLoadStrategy: normal, platformName: windows, proxy: Proxy(), se:cdp: ws://localhost:58142/devtoo..., se:cdpVersion: 123.0.6312.86, setWindowRect: true, strictFileInteractability: false, timeouts: {implicit: 0, pageLoad: 300000, script: 30000}, unhandledPromptBehavior: dismiss and notify, webauthn:extension:credBlob: true, webauthn:extension:largeBlob: true, webauthn:extension:minPinLength: true, webauthn:extension:prf: true, webauthn:virtualAuthenticators: true}
Session ID: f502c08037e1fd95c354100ec6c5da3a
	at cucumber.api.testng.TestNGCucumberRunner.runCucumber(TestNGCucumberRunner.java:69)
	at cucumber.api.testng.AbstractTestNGCucumberTests.feature(AbstractTestNGCucumberTests.java:21)
Caused by: org.openqa.selenium.NoSuchElementException: no such element: Unable to locate element: {&quot;method&quot;:&quot;xpath&quot;,&quot;selector&quot;:&quot;//a[@class=&apos;btn btn-sm btn-primary-light&apos;]&quot;}
  (Session info: chrome=123.0.6312.86)
For documentation on this error, please visit: https://www.selenium.dev/documentation/webdriver/troubleshooting/errors#no-such-element-exception
Build info: version: &apos;4.12.1&apos;, revision: &apos;8e34639b11&apos;
System info: os.name: &apos;Windows 10&apos;, os.arch: &apos;amd64&apos;, os.version: &apos;10.0&apos;, java.version: &apos;11.0.20&apos;
Driver info: org.openqa.selenium.chrome.ChromeDriver
Command: [f502c08037e1fd95c354100ec6c5da3a, findElement {using=xpath, value=//a[@class=&apos;btn btn-sm btn-primary-light&apos;]}]
Capabilities {acceptInsecureCerts: false, browserName: chrome, browserVersion: 123.0.6312.86, chrome: {chromedriverVersion: 123.0.6312.58 (6b4b19e9dfbb..., userDataDir: C:\Users\admin\AppData\Loca...}, fedcm:accounts: true, goog:chromeOptions: {debuggerAddress: localhost:58142}, networkConnectionEnabled: false, pageLoadStrategy: normal, platformName: windows, proxy: Proxy(), se:cdp: ws://localhost:58142/devtoo..., se:cdpVersion: 123.0.6312.86, setWindowRect: true, strictFileInteractability: false, timeouts: {implicit: 0, pageLoad: 300000, script: 30000}, unhandledPromptBehavior: dismiss and notify, webauthn:extension:credBlob: true, webauthn:extension:largeBlob: true, webauthn:extension:minPinLength: true, webauthn:extension:prf: true, webauthn:virtualAuthenticators: true}
Session ID: f502c08037e1fd95c354100ec6c5da3a
	at org.openqa.selenium.remote.codec.w3c.W3CHttpResponseCodec.createException(W3CHttpResponseCodec.java:200)
	at org.openqa.selenium.remote.codec.w3c.W3CHttpResponseCodec.decode(W3CHttpResponseCodec.java:133)
	at org.openqa.selenium.remote.codec.w3c.W3CHttpResponseCodec.decode(W3CHttpResponseCodec.java:52)
	at org.openqa.selenium.remote.HttpCommandExecutor.execute(HttpCommandExecutor.java:191)
	at org.openqa.selenium.remote.service.DriverCommandExecutor.invokeExecute(DriverCommandExecutor.java:196)
	at org.openqa.selenium.remote.service.DriverCommandExecutor.execute(DriverCommandExecutor.java:171)
	at org.openqa.selenium.remote.RemoteWebDriver.execute(RemoteWebDriver.java:602)
	at org.openqa.selenium.remote.ElementLocation$ElementFinder$2.findElement(ElementLocation.java:165)
	at org.openqa.selenium.remote.ElementLocation.findElement(ElementLocation.java:59)
	at org.openqa.selenium.remote.RemoteWebDriver.findElement(RemoteWebDriver.java:359)
	at org.openqa.selenium.remote.RemoteWebDriver.findElement(RemoteWebDriver.java:353)
	at com.cucumber.PageObjects.UserDashboardRecentCertificateGenerationsPageObjects.clickandscrollthepage(UserDashboardRecentCertificateGenerationsPageObjects.java:72)
	at com.cucumber.stepdefination.UserDashboardRecentCertficateGenerationsSteps.click_and_scroll_the_page(UserDashboardRecentCertficateGenerationsSteps.java:44)
	at ✽.Then click and scroll the page(src/test/resources/features/UserDashboardRecentCertificateGenerations.feature:10)
... Removed 28 stack frames
</div> <!-- stack-trace -->
                  <em>
(Runs Cucumber Feature)                  </em>
                </div> <!-- method-content -->
              </div> <!-- method -->
            </div> <!-- main-panel-content rounded-window-bottom -->
          </div> <!-- suite-Sapphirus_Systems_Pvt_Ltd-class-failed -->
          <div class="suite-Sapphirus_Systems_Pvt_Ltd-class-failed">
            <div class="main-panel-header rounded-window-top">
              <img src="failed.png"/>
              <span class="class-name">com.cucumber.TestRunner.UserGenerateBulkWithApprovalRunner</span>
            </div> <!-- main-panel-header rounded-window-top -->
            <div class="main-panel-content rounded-window-bottom">
              <div class="method">
                <div class="method-content">
                  <a name="feature(Institution User - Check the flow of Institution User Bulk with Approvals)">
                  </a> <!-- feature(Institution User - Check the flow of Institution User Bulk with Approvals) -->
                  <span class="method-name">feature</span>
                  <span class="parameters">(Institution User - Check the flow of Institution User Bulk with Approvals)</span>
                  <div class="stack-trace">cucumber.runtime.CucumberException: org.openqa.selenium.ElementClickInterceptedException: element click intercepted: Element &lt;input _ngcontent-gtc-c50=&quot;&quot; type=&quot;checkbox&quot; name=&quot;gen_mail_institution&quot; id=&quot;gen_mail_institution&quot; value=&quot;1&quot; class=&quot;form-check-input ng-untouched ng-pristine ng-valid&quot;&gt; is not clickable at point (126, 368). Other element would receive the click: &lt;div _ngcontent-gtc-c94=&quot;&quot; class=&quot;loader-box&quot;&gt;...&lt;/div&gt;
  (Session info: chrome=123.0.6312.86)
Build info: version: &apos;4.12.1&apos;, revision: &apos;8e34639b11&apos;
System info: os.name: &apos;Windows 10&apos;, os.arch: &apos;amd64&apos;, os.version: &apos;10.0&apos;, java.version: &apos;11.0.20&apos;
Driver info: org.openqa.selenium.chrome.ChromeDriver
Command: [0dfd47b3812c8586f401f03b935835d7, clickElement {id=f.19B300EC7C337089B80D25C903313514.d.47D1CB7CC2B645095FE3D6731173BAF1.e.5724}]
Capabilities {acceptInsecureCerts: false, browserName: chrome, browserVersion: 123.0.6312.86, chrome: {chromedriverVersion: 123.0.6312.58 (6b4b19e9dfbb..., userDataDir: C:\Users\admin\AppData\Loca...}, fedcm:accounts: true, goog:chromeOptions: {debuggerAddress: localhost:58091}, networkConnectionEnabled: false, pageLoadStrategy: normal, platformName: windows, proxy: Proxy(), se:cdp: ws://localhost:58091/devtoo..., se:cdpVersion: 123.0.6312.86, setWindowRect: true, strictFileInteractability: false, timeouts: {implicit: 0, pageLoad: 300000, script: 30000}, unhandledPromptBehavior: dismiss and notify, webauthn:extension:credBlob: true, webauthn:extension:largeBlob: true, webauthn:extension:minPinLength: true, webauthn:extension:prf: true, webauthn:virtualAuthenticators: true}
Element: [[ChromeDriver: chrome on windows (0dfd47b3812c8586f401f03b935835d7)] -&gt; xpath: //input[@name=&apos;gen_mail_institution&apos;]]
Session ID: 0dfd47b3812c8586f401f03b935835d7
	at cucumber.api.testng.TestNGCucumberRunner.runCucumber(TestNGCucumberRunner.java:69)
	at cucumber.api.testng.AbstractTestNGCucumberTests.feature(AbstractTestNGCucumberTests.java:21)
Caused by: org.openqa.selenium.ElementClickInterceptedException: element click intercepted: Element &lt;input _ngcontent-gtc-c50=&quot;&quot; type=&quot;checkbox&quot; name=&quot;gen_mail_institution&quot; id=&quot;gen_mail_institution&quot; value=&quot;1&quot; class=&quot;form-check-input ng-untouched ng-pristine ng-valid&quot;&gt; is not clickable at point (126, 368). Other element would receive the click: &lt;div _ngcontent-gtc-c94=&quot;&quot; class=&quot;loader-box&quot;&gt;...&lt;/div&gt;
  (Session info: chrome=123.0.6312.86)
Build info: version: &apos;4.12.1&apos;, revision: &apos;8e34639b11&apos;
System info: os.name: &apos;Windows 10&apos;, os.arch: &apos;amd64&apos;, os.version: &apos;10.0&apos;, java.version: &apos;11.0.20&apos;
Driver info: org.openqa.selenium.chrome.ChromeDriver
Command: [0dfd47b3812c8586f401f03b935835d7, clickElement {id=f.19B300EC7C337089B80D25C903313514.d.47D1CB7CC2B645095FE3D6731173BAF1.e.5724}]
Capabilities {acceptInsecureCerts: false, browserName: chrome, browserVersion: 123.0.6312.86, chrome: {chromedriverVersion: 123.0.6312.58 (6b4b19e9dfbb..., userDataDir: C:\Users\admin\AppData\Loca...}, fedcm:accounts: true, goog:chromeOptions: {debuggerAddress: localhost:58091}, networkConnectionEnabled: false, pageLoadStrategy: normal, platformName: windows, proxy: Proxy(), se:cdp: ws://localhost:58091/devtoo..., se:cdpVersion: 123.0.6312.86, setWindowRect: true, strictFileInteractability: false, timeouts: {implicit: 0, pageLoad: 300000, script: 30000}, unhandledPromptBehavior: dismiss and notify, webauthn:extension:credBlob: true, webauthn:extension:largeBlob: true, webauthn:extension:minPinLength: true, webauthn:extension:prf: true, webauthn:virtualAuthenticators: true}
Element: [[ChromeDriver: chrome on windows (0dfd47b3812c8586f401f03b935835d7)] -&gt; xpath: //input[@name=&apos;gen_mail_institution&apos;]]
Session ID: 0dfd47b3812c8586f401f03b935835d7
	at org.openqa.selenium.remote.codec.w3c.W3CHttpResponseCodec.createException(W3CHttpResponseCodec.java:200)
	at org.openqa.selenium.remote.codec.w3c.W3CHttpResponseCodec.decode(W3CHttpResponseCodec.java:133)
	at org.openqa.selenium.remote.codec.w3c.W3CHttpResponseCodec.decode(W3CHttpResponseCodec.java:52)
	at org.openqa.selenium.remote.HttpCommandExecutor.execute(HttpCommandExecutor.java:191)
	at org.openqa.selenium.remote.service.DriverCommandExecutor.invokeExecute(DriverCommandExecutor.java:196)
	at org.openqa.selenium.remote.service.DriverCommandExecutor.execute(DriverCommandExecutor.java:171)
	at org.openqa.selenium.remote.RemoteWebDriver.execute(RemoteWebDriver.java:602)
	at org.openqa.selenium.remote.RemoteWebElement.execute(RemoteWebElement.java:224)
	at org.openqa.selenium.remote.RemoteWebElement.click(RemoteWebElement.java:77)
	at com.cucumber.PageObjects.UserGenerateBulkWithApprovalPageObjects.UploadDataFiles(UserGenerateBulkWithApprovalPageObjects.java:161)
	at com.cucumber.stepdefination.UserBulkWithApprovalSteps.upload_Data_Files(UserBulkWithApprovalSteps.java:61)
	at ✽.Then Upload Data Files(src/test/resources/features/UserGenerateBulkWithApproval.feature:17)
... Removed 28 stack frames
</div> <!-- stack-trace -->
                  <em>
(Runs Cucumber Feature)                  </em>
                </div> <!-- method-content -->
              </div> <!-- method -->
            </div> <!-- main-panel-content rounded-window-bottom -->
          </div> <!-- suite-Sapphirus_Systems_Pvt_Ltd-class-failed -->
          <div class="suite-Sapphirus_Systems_Pvt_Ltd-class-skipped">
            <div class="main-panel-header rounded-window-top">
              <img src="skipped.png"/>
              <span class="class-name">com.cucumber.TestRunner.UserDashboardRecentCertificateGenerationsCertificateTypedropdownRunner</span>
            </div> <!-- main-panel-header rounded-window-top -->
            <div class="main-panel-content rounded-window-bottom">
              <div class="method">
                <div class="method-content">
                  <a name="feature">
                  </a> <!-- feature -->
                  <span class="method-name">feature</span>
                  <div class="stack-trace">java.lang.RuntimeException: java.lang.IllegalArgumentException: Not a file or directory: C:\Users\admin\eclipse-workspace\Learning Chain Automation5\src\test\resources\features\UserDashboardRecentcertificateGenerationsCertificateTypedropdown.feature
Caused by: java.lang.IllegalArgumentException: Not a file or directory: C:\Users\admin\eclipse-workspace\Learning Chain Automation5\src\test\resources\features\UserDashboardRecentcertificateGenerationsCertificateTypedropdown.feature
	at cucumber.runtime.io.FileResourceIterator$FileIterator.&lt;init&gt;(FileResourceIterator.java:54)
	at cucumber.runtime.io.FileResourceIterator.&lt;init&gt;(FileResourceIterator.java:20)
	at cucumber.runtime.io.FileResourceIterable.iterator(FileResourceIterable.java:19)
	at cucumber.runtime.model.CucumberFeature.loadFromFeaturePath(CucumberFeature.java:103)
	at cucumber.runtime.model.CucumberFeature.load(CucumberFeature.java:54)
	at cucumber.runtime.model.CucumberFeature.load(CucumberFeature.java:34)
	at cucumber.runtime.RuntimeOptions.cucumberFeatures(RuntimeOptions.java:239)
	at cucumber.api.testng.TestNGCucumberRunner.getFeatures(TestNGCucumberRunner.java:85)
	at cucumber.api.testng.TestNGCucumberRunner.provideFeatures(TestNGCucumberRunner.java:94)
	at cucumber.api.testng.AbstractTestNGCucumberTests.features(AbstractTestNGCucumberTests.java:29)
	... 20 more
... Removed 26 stack frames
</div> <!-- stack-trace -->
                  <em>
(Runs Cucumber Feature)                  </em>
                </div> <!-- method-content -->
              </div> <!-- method -->
            </div> <!-- main-panel-content rounded-window-bottom -->
          </div> <!-- suite-Sapphirus_Systems_Pvt_Ltd-class-skipped -->
          <div class="suite-Sapphirus_Systems_Pvt_Ltd-class-passed">
            <div class="main-panel-header rounded-window-top">
              <img src="passed.png"/>
              <span class="class-name">com.cucumber.TestRunner.UserInternalPrintingUploadCSVFileWithoutStudentNameRunner</span>
            </div> <!-- main-panel-header rounded-window-top -->
            <div class="main-panel-content rounded-window-bottom">
              <div class="method">
                <div class="method-content">
                  <a name="feature(Institution User - Check the flow of Internal Printing Upload CSV file Without Student Name)">
                  </a> <!-- feature(Institution User - Check the flow of Internal Printing Upload CSV file Without Student Name) -->
                  <span class="method-name">feature</span>
                  <span class="parameters">(Institution User - Check the flow of Internal Printing Upload CSV file Without Student Name)</span>
                  <em>
(Runs Cucumber Feature)                  </em>
                </div> <!-- method-content -->
              </div> <!-- method -->
            </div> <!-- main-panel-content rounded-window-bottom -->
          </div> <!-- suite-Sapphirus_Systems_Pvt_Ltd-class-passed -->
          <div class="suite-Sapphirus_Systems_Pvt_Ltd-class-passed">
            <div class="main-panel-header rounded-window-top">
              <img src="passed.png"/>
              <span class="class-name">com.cucumber.TestRunner.AdminLaunchTheApplicationRunner</span>
            </div> <!-- main-panel-header rounded-window-top -->
            <div class="main-panel-content rounded-window-bottom">
              <div class="method">
                <div class="method-content">
                  <a name="feature(Institution User - Check the flow of Launch the application)">
                  </a> <!-- feature(Institution User - Check the flow of Launch the application) -->
                  <span class="method-name">feature</span>
                  <span class="parameters">(Institution User - Check the flow of Launch the application)</span>
                  <em>
(Runs Cucumber Feature)                  </em>
                </div> <!-- method-content -->
              </div> <!-- method -->
            </div> <!-- main-panel-content rounded-window-bottom -->
          </div> <!-- suite-Sapphirus_Systems_Pvt_Ltd-class-passed -->
          <div class="suite-Sapphirus_Systems_Pvt_Ltd-class-passed">
            <div class="main-panel-header rounded-window-top">
              <img src="passed.png"/>
              <span class="class-name">com.cucumber.TestRunner.UserGenerateBulkByUploadCSVFIleWithEmptyCertificateNameRunner</span>
            </div> <!-- main-panel-header rounded-window-top -->
            <div class="main-panel-content rounded-window-bottom">
              <div class="method">
                <div class="method-content">
                  <a name="feature(Institution User - Check the flow of Generate Bulk By Upload CSV File With Empty Certificate Name)">
                  </a> <!-- feature(Institution User - Check the flow of Generate Bulk By Upload CSV File With Empty Certificate Name) -->
                  <span class="method-name">feature</span>
                  <span class="parameters">(Institution User - Check the flow of Generate Bulk By Upload CSV File With Empty Certificate Name)</span>
                  <em>
(Runs Cucumber Feature)                  </em>
                </div> <!-- method-content -->
              </div> <!-- method -->
            </div> <!-- main-panel-content rounded-window-bottom -->
          </div> <!-- suite-Sapphirus_Systems_Pvt_Ltd-class-passed -->
          <div class="suite-Sapphirus_Systems_Pvt_Ltd-class-passed">
            <div class="main-panel-header rounded-window-top">
              <img src="passed.png"/>
              <span class="class-name">com.cucumber.TestRunner.UserBulkDashboardLinkRunner</span>
            </div> <!-- main-panel-header rounded-window-top -->
            <div class="main-panel-content rounded-window-bottom">
              <div class="method">
                <div class="method-content">
                  <a name="feature(Institution User - Check the flow of User Bulk By Click the Dashboard link)">
                  </a> <!-- feature(Institution User - Check the flow of User Bulk By Click the Dashboard link) -->
                  <span class="method-name">feature</span>
                  <span class="parameters">(Institution User - Check the flow of User Bulk By Click the Dashboard link)</span>
                  <em>
(Runs Cucumber Feature)                  </em>
                </div> <!-- method-content -->
              </div> <!-- method -->
            </div> <!-- main-panel-content rounded-window-bottom -->
          </div> <!-- suite-Sapphirus_Systems_Pvt_Ltd-class-passed -->
          <div class="suite-Sapphirus_Systems_Pvt_Ltd-class-passed">
            <div class="main-panel-header rounded-window-top">
              <img src="passed.png"/>
              <span class="class-name">com.cucumber.TestRunner.UserVerifyCertificatesRunner</span>
            </div> <!-- main-panel-header rounded-window-top -->
            <div class="main-panel-content rounded-window-bottom">
              <div class="method">
                <div class="method-content">
                  <a name="feature(Institution User - Check the flow of Institution User Verify Certificates)">
                  </a> <!-- feature(Institution User - Check the flow of Institution User Verify Certificates) -->
                  <span class="method-name">feature</span>
                  <span class="parameters">(Institution User - Check the flow of Institution User Verify Certificates)</span>
                  <em>
(Runs Cucumber Feature)                  </em>
                </div> <!-- method-content -->
              </div> <!-- method -->
            </div> <!-- main-panel-content rounded-window-bottom -->
          </div> <!-- suite-Sapphirus_Systems_Pvt_Ltd-class-passed -->
          <div class="suite-Sapphirus_Systems_Pvt_Ltd-class-passed">
            <div class="main-panel-header rounded-window-top">
              <img src="passed.png"/>
              <span class="class-name">com.cucumber.TestRunner.UserChangePasswordRunner</span>
            </div> <!-- main-panel-header rounded-window-top -->
            <div class="main-panel-content rounded-window-bottom">
              <div class="method">
                <div class="method-content">
                  <a name="feature(Institution User - Check the flow of Change Password)">
                  </a> <!-- feature(Institution User - Check the flow of Change Password) -->
                  <span class="method-name">feature</span>
                  <span class="parameters">(Institution User - Check the flow of Change Password)</span>
                  <em>
(Runs Cucumber Feature)                  </em>
                </div> <!-- method-content -->
              </div> <!-- method -->
            </div> <!-- main-panel-content rounded-window-bottom -->
          </div> <!-- suite-Sapphirus_Systems_Pvt_Ltd-class-passed -->
          <div class="suite-Sapphirus_Systems_Pvt_Ltd-class-passed">
            <div class="main-panel-header rounded-window-top">
              <img src="passed.png"/>
              <span class="class-name">com.cucumber.TestRunner.AdminBacktotopbuttonRunner</span>
            </div> <!-- main-panel-header rounded-window-top -->
            <div class="main-panel-content rounded-window-bottom">
              <div class="method">
                <div class="method-content">
                  <a name="feature(Institution Admin - Check the flow of Back to top)">
                  </a> <!-- feature(Institution Admin - Check the flow of Back to top) -->
                  <span class="method-name">feature</span>
                  <span class="parameters">(Institution Admin - Check the flow of Back to top)</span>
                  <em>
(Runs Cucumber Feature)                  </em>
                </div> <!-- method-content -->
              </div> <!-- method -->
            </div> <!-- main-panel-content rounded-window-bottom -->
          </div> <!-- suite-Sapphirus_Systems_Pvt_Ltd-class-passed -->
          <div class="suite-Sapphirus_Systems_Pvt_Ltd-class-passed">
            <div class="main-panel-header rounded-window-top">
              <img src="passed.png"/>
              <span class="class-name">com.cucumber.TestRunner.UserUpdateProfileRunner</span>
            </div> <!-- main-panel-header rounded-window-top -->
            <div class="main-panel-content rounded-window-bottom">
              <div class="method">
                <div class="method-content">
                  <a name="feature(Institution User - Check the flow of Updateprofile)">
                  </a> <!-- feature(Institution User - Check the flow of Updateprofile) -->
                  <span class="method-name">feature</span>
                  <span class="parameters">(Institution User - Check the flow of Updateprofile)</span>
                  <em>
(Runs Cucumber Feature)                  </em>
                </div> <!-- method-content -->
              </div> <!-- method -->
            </div> <!-- main-panel-content rounded-window-bottom -->
          </div> <!-- suite-Sapphirus_Systems_Pvt_Ltd-class-passed -->
          <div class="suite-Sapphirus_Systems_Pvt_Ltd-class-passed">
            <div class="main-panel-header rounded-window-top">
              <img src="passed.png"/>
              <span class="class-name">com.cucumber.TestRunner.UserRecentCertificateVerificationsRunner</span>
            </div> <!-- main-panel-header rounded-window-top -->
            <div class="main-panel-content rounded-window-bottom">
              <div class="method">
                <div class="method-content">
                  <a name="feature(Institution User - Check the flow of Recent Certificate Verifiecations)">
                  </a> <!-- feature(Institution User - Check the flow of Recent Certificate Verifiecations) -->
                  <span class="method-name">feature</span>
                  <span class="parameters">(Institution User - Check the flow of Recent Certificate Verifiecations)</span>
                  <em>
(Runs Cucumber Feature)                  </em>
                </div> <!-- method-content -->
              </div> <!-- method -->
            </div> <!-- main-panel-content rounded-window-bottom -->
          </div> <!-- suite-Sapphirus_Systems_Pvt_Ltd-class-passed -->
          <div class="suite-Sapphirus_Systems_Pvt_Ltd-class-passed">
            <div class="main-panel-header rounded-window-top">
              <img src="passed.png"/>
              <span class="class-name">com.cucumber.TestRunner.UserVerifiedCertificatesRunner</span>
            </div> <!-- main-panel-header rounded-window-top -->
            <div class="main-panel-content rounded-window-bottom">
              <div class="method">
                <div class="method-content">
                  <a name="feature(Institution User - Check the flow of Verified Certificates)">
                  </a> <!-- feature(Institution User - Check the flow of Verified Certificates) -->
                  <span class="method-name">feature</span>
                  <span class="parameters">(Institution User - Check the flow of Verified Certificates)</span>
                  <em>
(Runs Cucumber Feature)                  </em>
                </div> <!-- method-content -->
              </div> <!-- method -->
            </div> <!-- main-panel-content rounded-window-bottom -->
          </div> <!-- suite-Sapphirus_Systems_Pvt_Ltd-class-passed -->
          <div class="suite-Sapphirus_Systems_Pvt_Ltd-class-passed">
            <div class="main-panel-header rounded-window-top">
              <img src="passed.png"/>
              <span class="class-name">com.cucumber.TestRunner.UserDashboardViewAllGenerationsRunner</span>
            </div> <!-- main-panel-header rounded-window-top -->
            <div class="main-panel-content rounded-window-bottom">
              <div class="method">
                <div class="method-content">
                  <a name="feature(Institution User - Check the flow of View All Generations)">
                  </a> <!-- feature(Institution User - Check the flow of View All Generations) -->
                  <span class="method-name">feature</span>
                  <span class="parameters">(Institution User - Check the flow of View All Generations)</span>
                  <em>
(Runs Cucumber Feature)                  </em>
                </div> <!-- method-content -->
              </div> <!-- method -->
            </div> <!-- main-panel-content rounded-window-bottom -->
          </div> <!-- suite-Sapphirus_Systems_Pvt_Ltd-class-passed -->
          <div class="suite-Sapphirus_Systems_Pvt_Ltd-class-passed">
            <div class="main-panel-header rounded-window-top">
              <img src="passed.png"/>
              <span class="class-name">com.cucumber.TestRunner.UserGeneratedCertificatesRunner</span>
            </div> <!-- main-panel-header rounded-window-top -->
            <div class="main-panel-content rounded-window-bottom">
              <div class="method">
                <div class="method-content">
                  <a name="feature(Institution User - Check the flow of Generated Certificates)">
                  </a> <!-- feature(Institution User - Check the flow of Generated Certificates) -->
                  <span class="method-name">feature</span>
                  <span class="parameters">(Institution User - Check the flow of Generated Certificates)</span>
                  <em>
(Runs Cucumber Feature)                  </em>
                </div> <!-- method-content -->
              </div> <!-- method -->
            </div> <!-- main-panel-content rounded-window-bottom -->
          </div> <!-- suite-Sapphirus_Systems_Pvt_Ltd-class-passed -->
          <div class="suite-Sapphirus_Systems_Pvt_Ltd-class-passed">
            <div class="main-panel-header rounded-window-top">
              <img src="passed.png"/>
              <span class="class-name">com.cucumber.TestRunner.UserGenerateSingleWithoutApprovalRunner</span>
            </div> <!-- main-panel-header rounded-window-top -->
            <div class="main-panel-content rounded-window-bottom">
              <div class="method">
                <div class="method-content">
                  <a name="feature(Institution User - Check the flow of Generate Single Without Approval)">
                  </a> <!-- feature(Institution User - Check the flow of Generate Single Without Approval) -->
                  <span class="method-name">feature</span>
                  <span class="parameters">(Institution User - Check the flow of Generate Single Without Approval)</span>
                  <em>
(Runs Cucumber Feature)                  </em>
                </div> <!-- method-content -->
              </div> <!-- method -->
            </div> <!-- main-panel-content rounded-window-bottom -->
          </div> <!-- suite-Sapphirus_Systems_Pvt_Ltd-class-passed -->
          <div class="suite-Sapphirus_Systems_Pvt_Ltd-class-passed">
            <div class="main-panel-header rounded-window-top">
              <img src="passed.png"/>
              <span class="class-name">com.cucumber.TestRunner.UserGenerateBulkByUploadCSVFileWithEmptyMobileNumberRunner</span>
            </div> <!-- main-panel-header rounded-window-top -->
            <div class="main-panel-content rounded-window-bottom">
              <div class="method">
                <div class="method-content">
                  <a name="feature(Institution User - Check the flow of Generate Bulk with invalid CSV File - Empty Mobile umber column)">
                  </a> <!-- feature(Institution User - Check the flow of Generate Bulk with invalid CSV File - Empty Mobile umber column) -->
                  <span class="method-name">feature</span>
                  <span class="parameters">(Institution User - Check the flow of Generate Bulk with invalid CSV File - Empty Mobile umber column)</span>
                  <em>
(Runs Cucumber Feature)                  </em>
                </div> <!-- method-content -->
              </div> <!-- method -->
            </div> <!-- main-panel-content rounded-window-bottom -->
          </div> <!-- suite-Sapphirus_Systems_Pvt_Ltd-class-passed -->
          <div class="suite-Sapphirus_Systems_Pvt_Ltd-class-passed">
            <div class="main-panel-header rounded-window-top">
              <img src="passed.png"/>
              <span class="class-name">com.cucumber.TestRunner.UserInternalPrintingByUploadingCSVWithInvalidCertificateTypeRunner</span>
            </div> <!-- main-panel-header rounded-window-top -->
            <div class="main-panel-content rounded-window-bottom">
              <div class="method">
                <div class="method-content">
                  <a name="feature(Institution User - Check the flow of Internal Printing with upload the CSV file with invalid Certifi...)">
                  </a> <!-- feature(Institution User - Check the flow of Internal Printing with upload the CSV file with invalid Certifi...) -->
                  <span class="method-name">feature</span>
                  <span class="parameters">(Institution User - Check the flow of Internal Printing with upload the CSV file with invalid Certificate Type)</span>
                  <em>
(Runs Cucumber Feature)                  </em>
                </div> <!-- method-content -->
              </div> <!-- method -->
            </div> <!-- main-panel-content rounded-window-bottom -->
          </div> <!-- suite-Sapphirus_Systems_Pvt_Ltd-class-passed -->
          <div class="suite-Sapphirus_Systems_Pvt_Ltd-class-passed">
            <div class="main-panel-header rounded-window-top">
              <img src="passed.png"/>
              <span class="class-name">com.cucumber.TestRunner.UserGeneratedCertificatesWithoutEnablecheckboxesRunner</span>
            </div> <!-- main-panel-header rounded-window-top -->
            <div class="main-panel-content rounded-window-bottom">
              <div class="method">
                <div class="method-content">
                  <a name="feature(genearated certificate)">
                  </a> <!-- feature(genearated certificate) -->
                  <span class="method-name">feature</span>
                  <span class="parameters">(genearated certificate)</span>
                  <em>
(Runs Cucumber Feature)                  </em>
                </div> <!-- method-content -->
              </div> <!-- method -->
            </div> <!-- main-panel-content rounded-window-bottom -->
          </div> <!-- suite-Sapphirus_Systems_Pvt_Ltd-class-passed -->
          <div class="suite-Sapphirus_Systems_Pvt_Ltd-class-passed">
            <div class="main-panel-header rounded-window-top">
              <img src="passed.png"/>
              <span class="class-name">com.cucumber.TestRunner.UserBacktotopbuttonRunner</span>
            </div> <!-- main-panel-header rounded-window-top -->
            <div class="main-panel-content rounded-window-bottom">
              <div class="method">
                <div class="method-content">
                  <a name="feature(Institution User - Check the flow of back to top button)">
                  </a> <!-- feature(Institution User - Check the flow of back to top button) -->
                  <span class="method-name">feature</span>
                  <span class="parameters">(Institution User - Check the flow of back to top button)</span>
                  <em>
(Runs Cucumber Feature)                  </em>
                </div> <!-- method-content -->
              </div> <!-- method -->
            </div> <!-- main-panel-content rounded-window-bottom -->
          </div> <!-- suite-Sapphirus_Systems_Pvt_Ltd-class-passed -->
          <div class="suite-Sapphirus_Systems_Pvt_Ltd-class-passed">
            <div class="main-panel-header rounded-window-top">
              <img src="passed.png"/>
              <span class="class-name">com.cucumber.TestRunner.UserBulkGeneratedCertficatesRunner</span>
            </div> <!-- main-panel-header rounded-window-top -->
            <div class="main-panel-content rounded-window-bottom">
              <div class="method">
                <div class="method-content">
                  <a name="feature(Institution User - Check the flow of Bulk Generated certificates)">
                  </a> <!-- feature(Institution User - Check the flow of Bulk Generated certificates) -->
                  <span class="method-name">feature</span>
                  <span class="parameters">(Institution User - Check the flow of Bulk Generated certificates)</span>
                  <em>
(Runs Cucumber Feature)                  </em>
                </div> <!-- method-content -->
              </div> <!-- method -->
            </div> <!-- main-panel-content rounded-window-bottom -->
          </div> <!-- suite-Sapphirus_Systems_Pvt_Ltd-class-passed -->
          <div class="suite-Sapphirus_Systems_Pvt_Ltd-class-passed">
            <div class="main-panel-header rounded-window-top">
              <img src="passed.png"/>
              <span class="class-name">com.cucumber.TestRunner.AdminApplicationTitleRunner</span>
            </div> <!-- main-panel-header rounded-window-top -->
            <div class="main-panel-content rounded-window-bottom">
              <div class="method">
                <div class="method-content">
                  <a name="feature(Institution User - Check the flow of Application Title)">
                  </a> <!-- feature(Institution User - Check the flow of Application Title) -->
                  <span class="method-name">feature</span>
                  <span class="parameters">(Institution User - Check the flow of Application Title)</span>
                  <em>
(Runs Cucumber Feature)                  </em>
                </div> <!-- method-content -->
              </div> <!-- method -->
            </div> <!-- main-panel-content rounded-window-bottom -->
          </div> <!-- suite-Sapphirus_Systems_Pvt_Ltd-class-passed -->
          <div class="suite-Sapphirus_Systems_Pvt_Ltd-class-passed">
            <div class="main-panel-header rounded-window-top">
              <img src="passed.png"/>
              <span class="class-name">com.cucumber.TestRunner.UserGenerateBulkByUploadCSVFIleWithoutIssueYearRunner</span>
            </div> <!-- main-panel-header rounded-window-top -->
            <div class="main-panel-content rounded-window-bottom">
              <div class="method">
                <div class="method-content">
                  <a name="feature(Institution User - Check the flow of Generate Bulk By Upload CSV File Without Issue Year)">
                  </a> <!-- feature(Institution User - Check the flow of Generate Bulk By Upload CSV File Without Issue Year) -->
                  <span class="method-name">feature</span>
                  <span class="parameters">(Institution User - Check the flow of Generate Bulk By Upload CSV File Without Issue Year)</span>
                  <em>
(Runs Cucumber Feature)                  </em>
                </div> <!-- method-content -->
              </div> <!-- method -->
            </div> <!-- main-panel-content rounded-window-bottom -->
          </div> <!-- suite-Sapphirus_Systems_Pvt_Ltd-class-passed -->
        </div> <!-- panel Sapphirus_Systems_Pvt_Ltd -->
        <div panel-name="test-xml-Sapphirus_Systems_Pvt_Ltd" class="panel">
          <div class="main-panel-header rounded-window-top">
            <span class="header-content">C:\Users\admin\eclipse-workspace\Learning Chain Automation5\testng.xml</span>
          </div> <!-- main-panel-header rounded-window-top -->
          <div class="main-panel-content rounded-window-bottom">
            <pre>
&lt;?xml version=&quot;1.0&quot; encoding=&quot;UTF-8&quot;?&gt;
&lt;!DOCTYPE suite SYSTEM &quot;http://testng.org/testng-1.0.dtd&quot;&gt;
&lt;suite name=&quot;Sapphirus Systems Pvt Ltd&quot; guice-stage=&quot;DEVELOPMENT&quot;&gt;
  &lt;listeners&gt;
    &lt;listener class-name=&quot;com.cucumber.utility.Listener&quot;/&gt;
  &lt;/listeners&gt;
  &lt;test name=&quot;ChromeBrowser&quot;&gt;
    &lt;parameter name=&quot;browser&quot; value=&quot;chrome&quot;/&gt;
    &lt;classes&gt;
      &lt;class name=&quot;com.cucumber.TestRunner.UserGenerateSingleWithoutApprovalRunner&quot;/&gt;
      &lt;class name=&quot;com.cucumber.TestRunner.UserGenerateBulkWithoutApprovalRunner&quot;/&gt;
      &lt;class name=&quot;com.cucumber.TestRunner.UserVerifyCertificatesRunner&quot;/&gt;
      &lt;class name=&quot;com.cucumber.TestRunner.UserGeneratedCertificatesRunner&quot;/&gt;
      &lt;class name=&quot;com.cucumber.TestRunner.UserVerifiedCertificatesRunner&quot;/&gt;
      &lt;class name=&quot;com.cucumber.TestRunner.UserBulkGeneratedCertficatesRunner&quot;/&gt;
      &lt;class name=&quot;com.cucumber.TestRunner.UserUpdateProfileRunner&quot;/&gt;
      &lt;class name=&quot;com.cucumber.TestRunner.UserChangePasswordRunner&quot;/&gt;
      &lt;class name=&quot;com.cucumber.TestRunner.UserGenerateBulkWithApprovalRunner&quot;/&gt;
      &lt;class name=&quot;com.cucumber.TestRunner.UserDashboardRecentCertificateGenerationsRunner&quot;/&gt;
      &lt;class name=&quot;com.cucumber.TestRunner.UserDashboardViewAllGenerationsRunner&quot;/&gt;
      &lt;class name=&quot;com.cucumber.TestRunner.UserRecentCertificateVerificationsRunner&quot;/&gt;
      &lt;class name=&quot;com.cucumber.TestRunner.AdminApplicationTitleRunner&quot;/&gt;
      &lt;class name=&quot;com.cucumber.TestRunner.AdminBacktotopbuttonRunner&quot;/&gt;
      &lt;class name=&quot;com.cucumber.TestRunner.AdminLaunchTheApplicationRunner&quot;/&gt;
      &lt;class name=&quot;com.cucumber.TestRunner.UserBacktotopbuttonRunner&quot;/&gt;
      &lt;class name=&quot;com.cucumber.TestRunner.UserBulkDashboardLinkRunner&quot;/&gt;
      &lt;class name=&quot;com.cucumber.TestRunner.UserDashboardRecentCertificateGenerationsCertificateTypedropdownRunner&quot;/&gt;
      &lt;class name=&quot;com.cucumber.TestRunner.UserGenerateBulkByUploadCSVFIleWithoutIssueYearRunner&quot;/&gt;
      &lt;class name=&quot;com.cucumber.TestRunner.UserGenerateBulkByUploadCSVFileWithEmptyMobileNumberRunner&quot;/&gt;
      &lt;class name=&quot;com.cucumber.TestRunner.UserGenerateBulkByUploadCSVFIleWithInvalidCertificateTypeRunner&quot;/&gt;
      &lt;class name=&quot;com.cucumber.TestRunner.UserGenerateBulkByUploadCSVFIleWithEmptyCertificateNameRunner&quot;/&gt;
      &lt;class name=&quot;com.cucumber.TestRunner.UserGeneratedCertificatesWithoutEnablecheckboxesRunner&quot;/&gt;
      &lt;class name=&quot;com.cucumber.TestRunner.UserInternalPrintingUploadCSVFileWithoutStudentNameRunner&quot;/&gt;
      &lt;class name=&quot;com.cucumber.TestRunner.UserInternalPrintingByUploadingCSVWithInvalidCertificateTypeRunner&quot;/&gt;
    &lt;/classes&gt;
  &lt;/test&gt; &lt;!-- ChromeBrowser --&gt;
  &lt;test name=&quot;ChromeBrowser(failed)&quot;&gt;
    &lt;parameter name=&quot;browser&quot; value=&quot;chrome&quot;/&gt;
    &lt;classes&gt;
      &lt;class name=&quot;com.cucumber.TestRunner.AdminLaunchTheApplicationRunner&quot;&gt;
        &lt;methods&gt;
          &lt;include name=&quot;setUpClass&quot;/&gt;
          &lt;include name=&quot;testDownClass&quot;/&gt;
          &lt;include name=&quot;tearDownClass&quot;/&gt;
          &lt;include name=&quot;beforeclass&quot;/&gt;
        &lt;/methods&gt;
      &lt;/class&gt; &lt;!-- com.cucumber.TestRunner.AdminLaunchTheApplicationRunner --&gt;
      &lt;class name=&quot;com.cucumber.TestRunner.UserGenerateBulkByUploadCSVFIleWithInvalidCertificateTypeRunner&quot;&gt;
        &lt;methods&gt;
          &lt;include name=&quot;setUpClass&quot;/&gt;
          &lt;include name=&quot;testDownClass&quot;/&gt;
          &lt;include name=&quot;feature&quot; invocation-numbers=&quot;0&quot;/&gt;
          &lt;include name=&quot;beforeclass&quot;/&gt;
          &lt;include name=&quot;tearDownClass&quot;/&gt;
        &lt;/methods&gt;
      &lt;/class&gt; &lt;!-- com.cucumber.TestRunner.UserGenerateBulkByUploadCSVFIleWithInvalidCertificateTypeRunner --&gt;
      &lt;class name=&quot;com.cucumber.TestRunner.UserBulkDashboardLinkRunner&quot;&gt;
        &lt;methods&gt;
          &lt;include name=&quot;setUpClass&quot;/&gt;
          &lt;include name=&quot;beforeclass&quot;/&gt;
          &lt;include name=&quot;tearDownClass&quot;/&gt;
          &lt;include name=&quot;testDownClass&quot;/&gt;
        &lt;/methods&gt;
      &lt;/class&gt; &lt;!-- com.cucumber.TestRunner.UserBulkDashboardLinkRunner --&gt;
      &lt;class name=&quot;com.cucumber.TestRunner.UserDashboardRecentCertificateGenerationsRunner&quot;&gt;
        &lt;methods&gt;
          &lt;include name=&quot;beforeclass&quot;/&gt;
          &lt;include name=&quot;setUpClass&quot;/&gt;
          &lt;include name=&quot;feature&quot; invocation-numbers=&quot;0&quot;/&gt;
          &lt;include name=&quot;tearDownClass&quot;/&gt;
          &lt;include name=&quot;testDownClass&quot;/&gt;
        &lt;/methods&gt;
      &lt;/class&gt; &lt;!-- com.cucumber.TestRunner.UserDashboardRecentCertificateGenerationsRunner --&gt;
      &lt;class name=&quot;com.cucumber.TestRunner.UserRecentCertificateVerificationsRunner&quot;&gt;
        &lt;methods&gt;
          &lt;include name=&quot;setUpClass&quot;/&gt;
          &lt;include name=&quot;testDownClass&quot;/&gt;
          &lt;include name=&quot;tearDownClass&quot;/&gt;
          &lt;include name=&quot;beforeclass&quot;/&gt;
        &lt;/methods&gt;
      &lt;/class&gt; &lt;!-- com.cucumber.TestRunner.UserRecentCertificateVerificationsRunner --&gt;
      &lt;class name=&quot;com.cucumber.TestRunner.UserDashboardRecentCertificateGenerationsCertificateTypedropdownRunner&quot;&gt;
        &lt;methods&gt;
          &lt;include name=&quot;testDownClass&quot;/&gt;
          &lt;include name=&quot;setUpClass&quot;/&gt;
          &lt;include name=&quot;beforeclass&quot;/&gt;
          &lt;include name=&quot;feature&quot;/&gt;
          &lt;include name=&quot;tearDownClass&quot;/&gt;
        &lt;/methods&gt;
      &lt;/class&gt; &lt;!-- com.cucumber.TestRunner.UserDashboardRecentCertificateGenerationsCertificateTypedropdownRunner --&gt;
      &lt;class name=&quot;com.cucumber.TestRunner.UserVerifiedCertificatesRunner&quot;&gt;
        &lt;methods&gt;
          &lt;include name=&quot;beforeclass&quot;/&gt;
          &lt;include name=&quot;setUpClass&quot;/&gt;
          &lt;include name=&quot;testDownClass&quot;/&gt;
          &lt;include name=&quot;tearDownClass&quot;/&gt;
        &lt;/methods&gt;
      &lt;/class&gt; &lt;!-- com.cucumber.TestRunner.UserVerifiedCertificatesRunner --&gt;
      &lt;class name=&quot;com.cucumber.TestRunner.UserInternalPrintingByUploadingCSVWithInvalidCertificateTypeRunner&quot;&gt;
        &lt;methods&gt;
          &lt;include name=&quot;testDownClass&quot;/&gt;
          &lt;include name=&quot;setUpClass&quot;/&gt;
          &lt;include name=&quot;beforeclass&quot;/&gt;
          &lt;include name=&quot;tearDownClass&quot;/&gt;
        &lt;/methods&gt;
      &lt;/class&gt; &lt;!-- com.cucumber.TestRunner.UserInternalPrintingByUploadingCSVWithInvalidCertificateTypeRunner --&gt;
      &lt;class name=&quot;com.cucumber.TestRunner.UserGeneratedCertificatesWithoutEnablecheckboxesRunner&quot;&gt;
        &lt;methods&gt;
          &lt;include name=&quot;setUpClass&quot;/&gt;
          &lt;include name=&quot;beforeclass&quot;/&gt;
          &lt;include name=&quot;tearDownClass&quot;/&gt;
          &lt;include name=&quot;testDownClass&quot;/&gt;
        &lt;/methods&gt;
      &lt;/class&gt; &lt;!-- com.cucumber.TestRunner.UserGeneratedCertificatesWithoutEnablecheckboxesRunner --&gt;
      &lt;class name=&quot;com.cucumber.TestRunner.UserBacktotopbuttonRunner&quot;&gt;
        &lt;methods&gt;
          &lt;include name=&quot;setUpClass&quot;/&gt;
          &lt;include name=&quot;beforeclass&quot;/&gt;
          &lt;include name=&quot;tearDownClass&quot;/&gt;
          &lt;include name=&quot;testDownClass&quot;/&gt;
        &lt;/methods&gt;
      &lt;/class&gt; &lt;!-- com.cucumber.TestRunner.UserBacktotopbuttonRunner --&gt;
      &lt;class name=&quot;com.cucumber.TestRunner.AdminApplicationTitleRunner&quot;&gt;
        &lt;methods&gt;
          &lt;include name=&quot;setUpClass&quot;/&gt;
          &lt;include name=&quot;testDownClass&quot;/&gt;
          &lt;include name=&quot;tearDownClass&quot;/&gt;
          &lt;include name=&quot;beforeclass&quot;/&gt;
        &lt;/methods&gt;
      &lt;/class&gt; &lt;!-- com.cucumber.TestRunner.AdminApplicationTitleRunner --&gt;
      &lt;class name=&quot;com.cucumber.TestRunner.UserInternalPrintingUploadCSVFileWithoutStudentNameRunner&quot;&gt;
        &lt;methods&gt;
          &lt;include name=&quot;testDownClass&quot;/&gt;
          &lt;include name=&quot;setUpClass&quot;/&gt;
          &lt;include name=&quot;beforeclass&quot;/&gt;
          &lt;include name=&quot;tearDownClass&quot;/&gt;
        &lt;/methods&gt;
      &lt;/class&gt; &lt;!-- com.cucumber.TestRunner.UserInternalPrintingUploadCSVFileWithoutStudentNameRunner --&gt;
      &lt;class name=&quot;com.cucumber.TestRunner.UserGenerateBulkByUploadCSVFIleWithEmptyCertificateNameRunner&quot;&gt;
        &lt;methods&gt;
          &lt;include name=&quot;setUpClass&quot;/&gt;
          &lt;include name=&quot;testDownClass&quot;/&gt;
          &lt;include name=&quot;beforeclass&quot;/&gt;
          &lt;include name=&quot;tearDownClass&quot;/&gt;
        &lt;/methods&gt;
      &lt;/class&gt; &lt;!-- com.cucumber.TestRunner.UserGenerateBulkByUploadCSVFIleWithEmptyCertificateNameRunner --&gt;
      &lt;class name=&quot;com.cucumber.TestRunner.UserVerifyCertificatesRunner&quot;&gt;
        &lt;methods&gt;
          &lt;include name=&quot;testDownClass&quot;/&gt;
          &lt;include name=&quot;setUpClass&quot;/&gt;
          &lt;include name=&quot;beforeclass&quot;/&gt;
          &lt;include name=&quot;tearDownClass&quot;/&gt;
        &lt;/methods&gt;
      &lt;/class&gt; &lt;!-- com.cucumber.TestRunner.UserVerifyCertificatesRunner --&gt;
      &lt;class name=&quot;com.cucumber.TestRunner.AdminBacktotopbuttonRunner&quot;&gt;
        &lt;methods&gt;
          &lt;include name=&quot;beforeclass&quot;/&gt;
          &lt;include name=&quot;setUpClass&quot;/&gt;
          &lt;include name=&quot;tearDownClass&quot;/&gt;
          &lt;include name=&quot;testDownClass&quot;/&gt;
        &lt;/methods&gt;
      &lt;/class&gt; &lt;!-- com.cucumber.TestRunner.AdminBacktotopbuttonRunner --&gt;
      &lt;class name=&quot;com.cucumber.TestRunner.UserUpdateProfileRunner&quot;&gt;
        &lt;methods&gt;
          &lt;include name=&quot;setUpClass&quot;/&gt;
          &lt;include name=&quot;testDownClass&quot;/&gt;
          &lt;include name=&quot;tearDownClass&quot;/&gt;
          &lt;include name=&quot;beforeclass&quot;/&gt;
        &lt;/methods&gt;
      &lt;/class&gt; &lt;!-- com.cucumber.TestRunner.UserUpdateProfileRunner --&gt;
      &lt;class name=&quot;com.cucumber.TestRunner.UserChangePasswordRunner&quot;&gt;
        &lt;methods&gt;
          &lt;include name=&quot;setUpClass&quot;/&gt;
          &lt;include name=&quot;beforeclass&quot;/&gt;
          &lt;include name=&quot;testDownClass&quot;/&gt;
          &lt;include name=&quot;tearDownClass&quot;/&gt;
        &lt;/methods&gt;
      &lt;/class&gt; &lt;!-- com.cucumber.TestRunner.UserChangePasswordRunner --&gt;
      &lt;class name=&quot;com.cucumber.TestRunner.UserGenerateBulkWithApprovalRunner&quot;&gt;
        &lt;methods&gt;
          &lt;include name=&quot;setUpClass&quot;/&gt;
          &lt;include name=&quot;testDownClass&quot;/&gt;
          &lt;include name=&quot;feature&quot; invocation-numbers=&quot;0&quot;/&gt;
          &lt;include name=&quot;tearDownClass&quot;/&gt;
          &lt;include name=&quot;beforeclass&quot;/&gt;
        &lt;/methods&gt;
      &lt;/class&gt; &lt;!-- com.cucumber.TestRunner.UserGenerateBulkWithApprovalRunner --&gt;
      &lt;class name=&quot;com.cucumber.TestRunner.UserGenerateBulkWithoutApprovalRunner&quot;&gt;
        &lt;methods&gt;
          &lt;include name=&quot;setUpClass&quot;/&gt;
          &lt;include name=&quot;testDownClass&quot;/&gt;
          &lt;include name=&quot;feature&quot; invocation-numbers=&quot;0&quot;/&gt;
          &lt;include name=&quot;tearDownClass&quot;/&gt;
          &lt;include name=&quot;beforeclass&quot;/&gt;
        &lt;/methods&gt;
      &lt;/class&gt; &lt;!-- com.cucumber.TestRunner.UserGenerateBulkWithoutApprovalRunner --&gt;
      &lt;class name=&quot;com.cucumber.TestRunner.UserDashboardViewAllGenerationsRunner&quot;&gt;
        &lt;methods&gt;
          &lt;include name=&quot;setUpClass&quot;/&gt;
          &lt;include name=&quot;testDownClass&quot;/&gt;
          &lt;include name=&quot;beforeclass&quot;/&gt;
          &lt;include name=&quot;tearDownClass&quot;/&gt;
        &lt;/methods&gt;
      &lt;/class&gt; &lt;!-- com.cucumber.TestRunner.UserDashboardViewAllGenerationsRunner --&gt;
      &lt;class name=&quot;com.cucumber.TestRunner.UserGeneratedCertificatesRunner&quot;&gt;
        &lt;methods&gt;
          &lt;include name=&quot;testDownClass&quot;/&gt;
          &lt;include name=&quot;setUpClass&quot;/&gt;
          &lt;include name=&quot;tearDownClass&quot;/&gt;
          &lt;include name=&quot;beforeclass&quot;/&gt;
        &lt;/methods&gt;
      &lt;/class&gt; &lt;!-- com.cucumber.TestRunner.UserGeneratedCertificatesRunner --&gt;
      &lt;class name=&quot;com.cucumber.TestRunner.UserGenerateSingleWithoutApprovalRunner&quot;&gt;
        &lt;methods&gt;
          &lt;include name=&quot;setUpClass&quot;/&gt;
          &lt;include name=&quot;testDownClass&quot;/&gt;
          &lt;include name=&quot;beforeclass&quot;/&gt;
          &lt;include name=&quot;tearDownClass&quot;/&gt;
        &lt;/methods&gt;
      &lt;/class&gt; &lt;!-- com.cucumber.TestRunner.UserGenerateSingleWithoutApprovalRunner --&gt;
      &lt;class name=&quot;com.cucumber.TestRunner.UserGenerateBulkByUploadCSVFileWithEmptyMobileNumberRunner&quot;&gt;
        &lt;methods&gt;
          &lt;include name=&quot;setUpClass&quot;/&gt;
          &lt;include name=&quot;beforeclass&quot;/&gt;
          &lt;include name=&quot;tearDownClass&quot;/&gt;
          &lt;include name=&quot;testDownClass&quot;/&gt;
        &lt;/methods&gt;
      &lt;/class&gt; &lt;!-- com.cucumber.TestRunner.UserGenerateBulkByUploadCSVFileWithEmptyMobileNumberRunner --&gt;
      &lt;class name=&quot;com.cucumber.TestRunner.UserBulkGeneratedCertficatesRunner&quot;&gt;
        &lt;methods&gt;
          &lt;include name=&quot;testDownClass&quot;/&gt;
          &lt;include name=&quot;setUpClass&quot;/&gt;
          &lt;include name=&quot;beforeclass&quot;/&gt;
          &lt;include name=&quot;tearDownClass&quot;/&gt;
        &lt;/methods&gt;
      &lt;/class&gt; &lt;!-- com.cucumber.TestRunner.UserBulkGeneratedCertficatesRunner --&gt;
      &lt;class name=&quot;com.cucumber.TestRunner.UserGenerateBulkByUploadCSVFIleWithoutIssueYearRunner&quot;&gt;
        &lt;methods&gt;
          &lt;include name=&quot;testDownClass&quot;/&gt;
          &lt;include name=&quot;setUpClass&quot;/&gt;
          &lt;include name=&quot;beforeclass&quot;/&gt;
          &lt;include name=&quot;tearDownClass&quot;/&gt;
        &lt;/methods&gt;
      &lt;/class&gt; &lt;!-- com.cucumber.TestRunner.UserGenerateBulkByUploadCSVFIleWithoutIssueYearRunner --&gt;
    &lt;/classes&gt;
  &lt;/test&gt; &lt;!-- ChromeBrowser(failed) --&gt;
&lt;/suite&gt; &lt;!-- Sapphirus Systems Pvt Ltd --&gt;
            </pre>
          </div> <!-- main-panel-content rounded-window-bottom -->
        </div> <!-- panel -->
        <div panel-name="testlist-Sapphirus_Systems_Pvt_Ltd" class="panel">
          <div class="main-panel-header rounded-window-top">
            <span class="header-content">Tests for Sapphirus Systems Pvt Ltd</span>
          </div> <!-- main-panel-header rounded-window-top -->
          <div class="main-panel-content rounded-window-bottom">
            <ul>
              <li>
                <span class="test-name">ChromeBrowser (25 classes)</span>
              </li>
              <li>
                <span class="test-name">ChromeBrowser(failed) (25 classes)</span>
              </li>
            </ul>
          </div> <!-- main-panel-content rounded-window-bottom -->
        </div> <!-- panel -->
        <div panel-name="group-Sapphirus_Systems_Pvt_Ltd" class="panel">
          <div class="main-panel-header rounded-window-top">
            <span class="header-content">Groups for Sapphirus Systems Pvt Ltd</span>
          </div> <!-- main-panel-header rounded-window-top -->
          <div class="main-panel-content rounded-window-bottom">
            <div class="test-group">
              <span class="test-group-name">cucumber</span>
              <br/>
              <div class="method-in-group">
                <span class="method-in-group-name">feature</span>
                <br/>
              </div> <!-- method-in-group -->
            </div> <!-- test-group -->
          </div> <!-- main-panel-content rounded-window-bottom -->
        </div> <!-- panel -->
        <div panel-name="times-Sapphirus_Systems_Pvt_Ltd" class="panel">
          <div class="main-panel-header rounded-window-top">
            <span class="header-content">Times for Sapphirus Systems Pvt Ltd</span>
          </div> <!-- main-panel-header rounded-window-top -->
          <div class="main-panel-content rounded-window-bottom">
            <div class="times-div">
              <script type="text/javascript">
suiteTableInitFunctions.push('tableData_Sapphirus_Systems_Pvt_Ltd');
function tableData_Sapphirus_Systems_Pvt_Ltd() {
var data = new google.visualization.DataTable();
data.addColumn('number', 'Number');
data.addColumn('string', 'Method');
data.addColumn('string', 'Class');
data.addColumn('number', 'Time (ms)');
data.addRows(25);
data.setCell(0, 0, 0)
data.setCell(0, 1, 'feature')
data.setCell(0, 2, 'com.cucumber.TestRunner.UserGenerateSingleWithoutApprovalRunner')
data.setCell(0, 3, 78058);
data.setCell(1, 0, 1)
data.setCell(1, 1, 'feature')
data.setCell(1, 2, 'com.cucumber.TestRunner.UserGeneratedCertificatesRunner')
data.setCell(1, 3, 57465);
data.setCell(2, 0, 2)
data.setCell(2, 1, 'feature')
data.setCell(2, 2, 'com.cucumber.TestRunner.UserGenerateBulkByUploadCSVFIleWithoutIssueYearRunner')
data.setCell(2, 3, 46833);
data.setCell(3, 0, 3)
data.setCell(3, 1, 'feature')
data.setCell(3, 2, 'com.cucumber.TestRunner.UserGenerateBulkByUploadCSVFileWithEmptyMobileNumberRunner')
data.setCell(3, 3, 44904);
data.setCell(4, 0, 4)
data.setCell(4, 1, 'feature')
data.setCell(4, 2, 'com.cucumber.TestRunner.UserGenerateBulkByUploadCSVFIleWithEmptyCertificateNameRunner')
data.setCell(4, 3, 44737);
data.setCell(5, 0, 5)
data.setCell(5, 1, 'feature')
data.setCell(5, 2, 'com.cucumber.TestRunner.UserGenerateBulkWithoutApprovalRunner')
data.setCell(5, 3, 44571);
data.setCell(6, 0, 6)
data.setCell(6, 1, 'feature')
data.setCell(6, 2, 'com.cucumber.TestRunner.UserGenerateBulkWithApprovalRunner')
data.setCell(6, 3, 44262);
data.setCell(7, 0, 7)
data.setCell(7, 1, 'feature')
data.setCell(7, 2, 'com.cucumber.TestRunner.UserDashboardRecentCertificateGenerationsRunner')
data.setCell(7, 3, 42673);
data.setCell(8, 0, 8)
data.setCell(8, 1, 'feature')
data.setCell(8, 2, 'com.cucumber.TestRunner.UserInternalPrintingByUploadingCSVWithInvalidCertificateTypeRunner')
data.setCell(8, 3, 40630);
data.setCell(9, 0, 9)
data.setCell(9, 1, 'feature')
data.setCell(9, 2, 'com.cucumber.TestRunner.UserInternalPrintingUploadCSVFileWithoutStudentNameRunner')
data.setCell(9, 3, 39722);
data.setCell(10, 0, 10)
data.setCell(10, 1, 'feature')
data.setCell(10, 2, 'com.cucumber.TestRunner.UserUpdateProfileRunner')
data.setCell(10, 3, 38480);
data.setCell(11, 0, 11)
data.setCell(11, 1, 'feature')
data.setCell(11, 2, 'com.cucumber.TestRunner.UserVerifiedCertificatesRunner')
data.setCell(11, 3, 37293);
data.setCell(12, 0, 12)
data.setCell(12, 1, 'feature')
data.setCell(12, 2, 'com.cucumber.TestRunner.UserChangePasswordRunner')
data.setCell(12, 3, 36754);
data.setCell(13, 0, 13)
data.setCell(13, 1, 'feature')
data.setCell(13, 2, 'com.cucumber.TestRunner.UserVerifyCertificatesRunner')
data.setCell(13, 3, 36616);
data.setCell(14, 0, 14)
data.setCell(14, 1, 'feature')
data.setCell(14, 2, 'com.cucumber.TestRunner.UserDashboardViewAllGenerationsRunner')
data.setCell(14, 3, 22450);
data.setCell(15, 0, 15)
data.setCell(15, 1, 'feature')
data.setCell(15, 2, 'com.cucumber.TestRunner.UserBulkGeneratedCertficatesRunner')
data.setCell(15, 3, 20804);
data.setCell(16, 0, 16)
data.setCell(16, 1, 'feature')
data.setCell(16, 2, 'com.cucumber.TestRunner.UserRecentCertificateVerificationsRunner')
data.setCell(16, 3, 19857);
data.setCell(17, 0, 17)
data.setCell(17, 1, 'feature')
data.setCell(17, 2, 'com.cucumber.TestRunner.UserBacktotopbuttonRunner')
data.setCell(17, 3, 18737);
data.setCell(18, 0, 18)
data.setCell(18, 1, 'feature')
data.setCell(18, 2, 'com.cucumber.TestRunner.AdminBacktotopbuttonRunner')
data.setCell(18, 3, 18711);
data.setCell(19, 0, 19)
data.setCell(19, 1, 'feature')
data.setCell(19, 2, 'com.cucumber.TestRunner.UserBulkDashboardLinkRunner')
data.setCell(19, 3, 17456);
data.setCell(20, 0, 20)
data.setCell(20, 1, 'feature')
data.setCell(20, 2, 'com.cucumber.TestRunner.UserGenerateBulkByUploadCSVFIleWithInvalidCertificateTypeRunner')
data.setCell(20, 3, 8503);
data.setCell(21, 0, 21)
data.setCell(21, 1, 'feature')
data.setCell(21, 2, 'com.cucumber.TestRunner.AdminApplicationTitleRunner')
data.setCell(21, 3, 8489);
data.setCell(22, 0, 22)
data.setCell(22, 1, 'feature')
data.setCell(22, 2, 'com.cucumber.TestRunner.UserGeneratedCertificatesWithoutEnablecheckboxesRunner')
data.setCell(22, 3, 70);
data.setCell(23, 0, 23)
data.setCell(23, 1, 'feature')
data.setCell(23, 2, 'com.cucumber.TestRunner.AdminLaunchTheApplicationRunner')
data.setCell(23, 3, 57);
data.setCell(24, 0, 24)
data.setCell(24, 1, 'feature')
data.setCell(24, 2, 'com.cucumber.TestRunner.UserDashboardRecentCertificateGenerationsCertificateTypedropdownRunner')
data.setCell(24, 3, 0);
window.suiteTableData['Sapphirus_Systems_Pvt_Ltd']= { tableData: data, tableDiv: 'times-div-Sapphirus_Systems_Pvt_Ltd'}
return data;
}
              </script>
              <span class="suite-total-time">Total running time: 12 minutes</span>
              <div id="times-div-Sapphirus_Systems_Pvt_Ltd">
              </div> <!-- times-div-Sapphirus_Systems_Pvt_Ltd -->
            </div> <!-- times-div -->
          </div> <!-- main-panel-content rounded-window-bottom -->
        </div> <!-- panel -->
        <div panel-name="reporter-Sapphirus_Systems_Pvt_Ltd" class="panel">
          <div class="main-panel-header rounded-window-top">
            <span class="header-content">Reporter output for Sapphirus Systems Pvt Ltd</span>
          </div> <!-- main-panel-header rounded-window-top -->
          <div class="main-panel-content rounded-window-bottom">
            <div class="reporter-method-div">
              <span class="reporter-method-name">feature(Institution User - Check the flow of User Bulk By Click the Dashboard link)</span>
              <div class="reporter-method-output-div">
                <span class="reporter-method-output">Completed executing following method : AbstractTestNGCucumberTests.feature</span>
                <span class="reporter-method-output">Test Method resides in com.cucumber.TestRunner.UserBulkDashboardLinkRunner</span>
                <span class="reporter-method-output">Test Method had the following parameters : nullInstitution User - Check the flow of User Bulk By Click the Dashboard link,</span>
                <span class="reporter-method-output">Test Status: Pass</span>
              </div> <!-- reporter-method-output-div -->
            </div> <!-- reporter-method-div -->
            <div class="reporter-method-div">
              <span class="reporter-method-name">feature(Institution User - Check the flow of Generate Bulk with invalid CSV File - Empty Mobile umber column)</span>
              <div class="reporter-method-output-div">
                <span class="reporter-method-output">Completed executing following method : AbstractTestNGCucumberTests.feature</span>
                <span class="reporter-method-output">Test Method resides in com.cucumber.TestRunner.UserGenerateBulkByUploadCSVFileWithEmptyMobileNumberRunner</span>
                <span class="reporter-method-output">Test Method had the following parameters : nullInstitution User - Check the flow of Generate Bulk with invalid CSV File - Empty Mobile umber column,</span>
                <span class="reporter-method-output">Test Status: Pass</span>
              </div> <!-- reporter-method-output-div -->
            </div> <!-- reporter-method-div -->
            <div class="reporter-method-div">
              <span class="reporter-method-name">feature(Institution User - Check the flow of Application Title)</span>
              <div class="reporter-method-output-div">
                <span class="reporter-method-output">Completed executing following method : AbstractTestNGCucumberTests.feature</span>
                <span class="reporter-method-output">Test Method resides in com.cucumber.TestRunner.AdminApplicationTitleRunner</span>
                <span class="reporter-method-output">Test Method had the following parameters : nullInstitution User - Check the flow of Application Title,</span>
                <span class="reporter-method-output">Test Status: Pass</span>
              </div> <!-- reporter-method-output-div -->
            </div> <!-- reporter-method-div -->
            <div class="reporter-method-div">
              <span class="reporter-method-name">feature(Institution User - Check the flow of View All Generations)</span>
              <div class="reporter-method-output-div">
                <span class="reporter-method-output">Completed executing following method : AbstractTestNGCucumberTests.feature</span>
                <span class="reporter-method-output">Test Method resides in com.cucumber.TestRunner.UserDashboardViewAllGenerationsRunner</span>
                <span class="reporter-method-output">Test Method had the following parameters : nullInstitution User - Check the flow of View All Generations,</span>
                <span class="reporter-method-output">Test Status: Pass</span>
              </div> <!-- reporter-method-output-div -->
            </div> <!-- reporter-method-div -->
            <div class="reporter-method-div">
              <span class="reporter-method-name">feature(Institution User - Check the flow of Launch the application)</span>
              <div class="reporter-method-output-div">
                <span class="reporter-method-output">Completed executing following method : AbstractTestNGCucumberTests.feature</span>
                <span class="reporter-method-output">Test Method resides in com.cucumber.TestRunner.AdminLaunchTheApplicationRunner</span>
                <span class="reporter-method-output">Test Method had the following parameters : nullInstitution User - Check the flow of Launch the application,</span>
                <span class="reporter-method-output">Test Status: Pass</span>
              </div> <!-- reporter-method-output-div -->
            </div> <!-- reporter-method-div -->
            <div class="reporter-method-div">
              <span class="reporter-method-name">feature(Institution User - Check the flow of Verified Certificates)</span>
              <div class="reporter-method-output-div">
                <span class="reporter-method-output">Completed executing following method : AbstractTestNGCucumberTests.feature</span>
                <span class="reporter-method-output">Test Method resides in com.cucumber.TestRunner.UserVerifiedCertificatesRunner</span>
                <span class="reporter-method-output">Test Method had the following parameters : nullInstitution User - Check the flow of Verified Certificates,</span>
                <span class="reporter-method-output">Test Status: Pass</span>
              </div> <!-- reporter-method-output-div -->
            </div> <!-- reporter-method-div -->
            <div class="reporter-method-div">
              <span class="reporter-method-name">feature(Institution User - Check the flow of Institution User Verify Certificates)</span>
              <div class="reporter-method-output-div">
                <span class="reporter-method-output">Completed executing following method : AbstractTestNGCucumberTests.feature</span>
                <span class="reporter-method-output">Test Method resides in com.cucumber.TestRunner.UserVerifyCertificatesRunner</span>
                <span class="reporter-method-output">Test Method had the following parameters : nullInstitution User - Check the flow of Institution User Verify Certificates,</span>
                <span class="reporter-method-output">Test Status: Pass</span>
              </div> <!-- reporter-method-output-div -->
            </div> <!-- reporter-method-div -->
            <div class="reporter-method-div">
              <span class="reporter-method-name">feature(Institution User - Check the flow of Change Password)</span>
              <div class="reporter-method-output-div">
                <span class="reporter-method-output">Completed executing following method : AbstractTestNGCucumberTests.feature</span>
                <span class="reporter-method-output">Test Method resides in com.cucumber.TestRunner.UserChangePasswordRunner</span>
                <span class="reporter-method-output">Test Method had the following parameters : nullInstitution User - Check the flow of Change Password,</span>
                <span class="reporter-method-output">Test Status: Pass</span>
              </div> <!-- reporter-method-output-div -->
            </div> <!-- reporter-method-div -->
            <div class="reporter-method-div">
              <span class="reporter-method-name">feature(Institution User - Check the flow of Generate Bulk By Upload CSV File Without Issue Year)</span>
              <div class="reporter-method-output-div">
                <span class="reporter-method-output">Completed executing following method : AbstractTestNGCucumberTests.feature</span>
                <span class="reporter-method-output">Test Method resides in com.cucumber.TestRunner.UserGenerateBulkByUploadCSVFIleWithoutIssueYearRunner</span>
                <span class="reporter-method-output">Test Method had the following parameters : nullInstitution User - Check the flow of Generate Bulk By Upload CSV File Without Issue Year,</span>
                <span class="reporter-method-output">Test Status: Pass</span>
              </div> <!-- reporter-method-output-div -->
            </div> <!-- reporter-method-div -->
            <div class="reporter-method-div">
              <span class="reporter-method-name">feature(Institution User - Check the flow of Internal Printing Upload CSV file Without Student Name)</span>
              <div class="reporter-method-output-div">
                <span class="reporter-method-output">Completed executing following method : AbstractTestNGCucumberTests.feature</span>
                <span class="reporter-method-output">Test Method resides in com.cucumber.TestRunner.UserInternalPrintingUploadCSVFileWithoutStudentNameRunner</span>
                <span class="reporter-method-output">Test Method had the following parameters : nullInstitution User - Check the flow of Internal Printing Upload CSV file Without Student Name,</span>
                <span class="reporter-method-output">Test Status: Pass</span>
              </div> <!-- reporter-method-output-div -->
            </div> <!-- reporter-method-div -->
            <div class="reporter-method-div">
              <span class="reporter-method-name">feature(Institution User - Check the flow of Internal Printing with upload the CSV file with invalid Certifi...)</span>
              <div class="reporter-method-output-div">
                <span class="reporter-method-output">Completed executing following method : AbstractTestNGCucumberTests.feature</span>
                <span class="reporter-method-output">Test Method resides in com.cucumber.TestRunner.UserInternalPrintingByUploadingCSVWithInvalidCertificateTypeRunner</span>
                <span class="reporter-method-output">Test Method had the following parameters : nullInstitution User - Check the flow of Internal Printing with upload the CSV file with invalid Certificate Type,</span>
                <span class="reporter-method-output">Test Status: Pass</span>
              </div> <!-- reporter-method-output-div -->
            </div> <!-- reporter-method-div -->
            <div class="reporter-method-div">
              <span class="reporter-method-name">feature(genearated certificate)</span>
              <div class="reporter-method-output-div">
                <span class="reporter-method-output">Completed executing following method : AbstractTestNGCucumberTests.feature</span>
                <span class="reporter-method-output">Test Method resides in com.cucumber.TestRunner.UserGeneratedCertificatesWithoutEnablecheckboxesRunner</span>
                <span class="reporter-method-output">Test Method had the following parameters : nullgenearated certificate,</span>
                <span class="reporter-method-output">Test Status: Pass</span>
              </div> <!-- reporter-method-output-div -->
            </div> <!-- reporter-method-div -->
            <div class="reporter-method-div">
              <span class="reporter-method-name">feature(Institution User - Check the flow of Generate Single Without Approval)</span>
              <div class="reporter-method-output-div">
                <span class="reporter-method-output">Completed executing following method : AbstractTestNGCucumberTests.feature</span>
                <span class="reporter-method-output">Test Method resides in com.cucumber.TestRunner.UserGenerateSingleWithoutApprovalRunner</span>
                <span class="reporter-method-output">Test Method had the following parameters : nullInstitution User - Check the flow of Generate Single Without Approval,</span>
                <span class="reporter-method-output">Test Status: Pass</span>
              </div> <!-- reporter-method-output-div -->
            </div> <!-- reporter-method-div -->
            <div class="reporter-method-div">
              <span class="reporter-method-name">feature(Institution Admin - Check the flow of Back to top)</span>
              <div class="reporter-method-output-div">
                <span class="reporter-method-output">Completed executing following method : AbstractTestNGCucumberTests.feature</span>
                <span class="reporter-method-output">Test Method resides in com.cucumber.TestRunner.AdminBacktotopbuttonRunner</span>
                <span class="reporter-method-output">Test Method had the following parameters : nullInstitution Admin - Check the flow of Back to top,</span>
                <span class="reporter-method-output">Test Status: Pass</span>
              </div> <!-- reporter-method-output-div -->
            </div> <!-- reporter-method-div -->
            <div class="reporter-method-div">
              <span class="reporter-method-name">feature(Institution User - Check the flow of Updateprofile)</span>
              <div class="reporter-method-output-div">
                <span class="reporter-method-output">Completed executing following method : AbstractTestNGCucumberTests.feature</span>
                <span class="reporter-method-output">Test Method resides in com.cucumber.TestRunner.UserUpdateProfileRunner</span>
                <span class="reporter-method-output">Test Method had the following parameters : nullInstitution User - Check the flow of Updateprofile,</span>
                <span class="reporter-method-output">Test Status: Pass</span>
              </div> <!-- reporter-method-output-div -->
            </div> <!-- reporter-method-div -->
            <div class="reporter-method-div">
              <span class="reporter-method-name">feature(Institution User - Check the flow of back to top button)</span>
              <div class="reporter-method-output-div">
                <span class="reporter-method-output">Completed executing following method : AbstractTestNGCucumberTests.feature</span>
                <span class="reporter-method-output">Test Method resides in com.cucumber.TestRunner.UserBacktotopbuttonRunner</span>
                <span class="reporter-method-output">Test Method had the following parameters : nullInstitution User - Check the flow of back to top button,</span>
                <span class="reporter-method-output">Test Status: Pass</span>
              </div> <!-- reporter-method-output-div -->
            </div> <!-- reporter-method-div -->
            <div class="reporter-method-div">
              <span class="reporter-method-name">feature(Institution User - Check the flow of Generate Bulk By Upload CSV File With Empty Certificate Name)</span>
              <div class="reporter-method-output-div">
                <span class="reporter-method-output">Completed executing following method : AbstractTestNGCucumberTests.feature</span>
                <span class="reporter-method-output">Test Method resides in com.cucumber.TestRunner.UserGenerateBulkByUploadCSVFIleWithEmptyCertificateNameRunner</span>
                <span class="reporter-method-output">Test Method had the following parameters : nullInstitution User - Check the flow of Generate Bulk By Upload CSV File With Empty Certificate Name,</span>
                <span class="reporter-method-output">Test Status: Pass</span>
              </div> <!-- reporter-method-output-div -->
            </div> <!-- reporter-method-div -->
            <div class="reporter-method-div">
              <span class="reporter-method-name">feature(Institution User - Check the flow of Bulk Generated certificates)</span>
              <div class="reporter-method-output-div">
                <span class="reporter-method-output">Completed executing following method : AbstractTestNGCucumberTests.feature</span>
                <span class="reporter-method-output">Test Method resides in com.cucumber.TestRunner.UserBulkGeneratedCertficatesRunner</span>
                <span class="reporter-method-output">Test Method had the following parameters : nullInstitution User - Check the flow of Bulk Generated certificates,</span>
                <span class="reporter-method-output">Test Status: Pass</span>
              </div> <!-- reporter-method-output-div -->
            </div> <!-- reporter-method-div -->
            <div class="reporter-method-div">
              <span class="reporter-method-name">feature(Institution User - Check the flow of Recent Certificate Verifiecations)</span>
              <div class="reporter-method-output-div">
                <span class="reporter-method-output">Completed executing following method : AbstractTestNGCucumberTests.feature</span>
                <span class="reporter-method-output">Test Method resides in com.cucumber.TestRunner.UserRecentCertificateVerificationsRunner</span>
                <span class="reporter-method-output">Test Method had the following parameters : nullInstitution User - Check the flow of Recent Certificate Verifiecations,</span>
                <span class="reporter-method-output">Test Status: Pass</span>
              </div> <!-- reporter-method-output-div -->
            </div> <!-- reporter-method-div -->
            <div class="reporter-method-div">
              <span class="reporter-method-name">feature(Institution User - Check the flow of Generated Certificates)</span>
              <div class="reporter-method-output-div">
                <span class="reporter-method-output">Completed executing following method : AbstractTestNGCucumberTests.feature</span>
                <span class="reporter-method-output">Test Method resides in com.cucumber.TestRunner.UserGeneratedCertificatesRunner</span>
                <span class="reporter-method-output">Test Method had the following parameters : nullInstitution User - Check the flow of Generated Certificates,</span>
                <span class="reporter-method-output">Test Status: Pass</span>
              </div> <!-- reporter-method-output-div -->
            </div> <!-- reporter-method-div -->
            <div class="reporter-method-div">
              <span class="reporter-method-name">feature(Institution User - Check the flow of Bulk with Approvals)</span>
              <div class="reporter-method-output-div">
                <span class="reporter-method-output">Completed executing following method : AbstractTestNGCucumberTests.feature</span>
                <span class="reporter-method-output">Test Method resides in com.cucumber.TestRunner.UserGenerateBulkWithoutApprovalRunner</span>
                <span class="reporter-method-output">Test Method had the following parameters : nullInstitution User - Check the flow of Bulk with Approvals,</span>
                <span class="reporter-method-output">Test Status: Failed</span>
              </div> <!-- reporter-method-output-div -->
            </div> <!-- reporter-method-div -->
            <div class="reporter-method-div">
              <span class="reporter-method-name">feature(Institution User - Check the flow of Dashboard Recent Certificate Generations - print button)</span>
              <div class="reporter-method-output-div">
                <span class="reporter-method-output">Completed executing following method : AbstractTestNGCucumberTests.feature</span>
                <span class="reporter-method-output">Test Method resides in com.cucumber.TestRunner.UserDashboardRecentCertificateGenerationsRunner</span>
                <span class="reporter-method-output">Test Method had the following parameters : nullInstitution User - Check the flow of Dashboard Recent Certificate Generations - print button,</span>
                <span class="reporter-method-output">Test Status: Failed</span>
              </div> <!-- reporter-method-output-div -->
            </div> <!-- reporter-method-div -->
            <div class="reporter-method-div">
              <span class="reporter-method-name">feature(Institution User - Check the flow of Institution User Bulk with Approvals)</span>
              <div class="reporter-method-output-div">
                <span class="reporter-method-output">Completed executing following method : AbstractTestNGCucumberTests.feature</span>
                <span class="reporter-method-output">Test Method resides in com.cucumber.TestRunner.UserGenerateBulkWithApprovalRunner</span>
                <span class="reporter-method-output">Test Method had the following parameters : nullInstitution User - Check the flow of Institution User Bulk with Approvals,</span>
                <span class="reporter-method-output">Test Status: Failed</span>
              </div> <!-- reporter-method-output-div -->
            </div> <!-- reporter-method-div -->
            <div class="reporter-method-div">
              <span class="reporter-method-name">feature(Institution User - Check the flow of Generate Bulk By Upload CSV File With Invalid Certificate Type)</span>
              <div class="reporter-method-output-div">
                <span class="reporter-method-output">Completed executing following method : AbstractTestNGCucumberTests.feature</span>
                <span class="reporter-method-output">Test Method resides in com.cucumber.TestRunner.UserGenerateBulkByUploadCSVFIleWithInvalidCertificateTypeRunner</span>
                <span class="reporter-method-output">Test Method had the following parameters : nullInstitution User - Check the flow of Generate Bulk By Upload CSV File With Invalid Certificate Type,</span>
                <span class="reporter-method-output">Test Status: Failed</span>
              </div> <!-- reporter-method-output-div -->
            </div> <!-- reporter-method-div -->
          </div> <!-- main-panel-content rounded-window-bottom -->
        </div> <!-- panel -->
        <div panel-name="ignored-methods-Sapphirus_Systems_Pvt_Ltd" class="panel">
          <div class="main-panel-header rounded-window-top">
            <span class="header-content">0 ignored methods</span>
          </div> <!-- main-panel-header rounded-window-top -->
          <div class="main-panel-content rounded-window-bottom">
          </div> <!-- main-panel-content rounded-window-bottom -->
        </div> <!-- panel -->
        <div panel-name="chronological-Sapphirus_Systems_Pvt_Ltd" class="panel">
          <div class="main-panel-header rounded-window-top">
            <span class="header-content">Methods in chronological order</span>
          </div> <!-- main-panel-header rounded-window-top -->
          <div class="main-panel-content rounded-window-bottom">
            <div class="chronological-class">
              <div class="chronological-class-name">com.cucumber.TestRunner.UserGenerateSingleWithoutApprovalRunner</div> <!-- chronological-class-name -->
              <div class="configuration-class before">
                <span class="method-name">setUpClass</span>
                <span class="method-start">0 ms</span>
              </div> <!-- configuration-class before -->
              <div class="configuration-class before">
                <span class="method-name">beforeclass(chrome)</span>
                <span class="method-start">653 ms</span>
              </div> <!-- configuration-class before -->
              <div class="test-method">
                <span class="method-name">feature(Institution User - Check the flow of Generate Single Without Approval)</span>
                <span class="method-start">5746 ms</span>
              </div> <!-- test-method -->
              <div class="configuration-class after">
                <span class="method-name">testDownClass</span>
                <span class="method-start">83807 ms</span>
              </div> <!-- configuration-class after -->
              <div class="configuration-class after">
                <span class="method-name">tearDownClass</span>
                <span class="method-start">84008 ms</span>
              </div> <!-- configuration-class after -->
            </div> <!-- chronological-class -->
            <div class="chronological-class">
              <div class="chronological-class-name">com.cucumber.TestRunner.UserGenerateBulkWithoutApprovalRunner</div> <!-- chronological-class-name -->
              <div class="configuration-class before">
                <span class="method-name">setUpClass</span>
                <span class="method-start">84404 ms</span>
              </div> <!-- configuration-class before -->
              <div class="configuration-class before">
                <span class="method-name">beforeclass(chrome)</span>
                <span class="method-start">84559 ms</span>
              </div> <!-- configuration-class before -->
              <div class="test-method">
                <img src="failed.png">
                </img>
                <span class="method-name">feature(Institution User - Check the flow of Bulk with Approvals)</span>
                <span class="method-start">87176 ms</span>
              </div> <!-- test-method -->
              <div class="configuration-class after">
                <span class="method-name">testDownClass</span>
                <span class="method-start">131757 ms</span>
              </div> <!-- configuration-class after -->
              <div class="configuration-class after">
                <span class="method-name">tearDownClass</span>
                <span class="method-start">132127 ms</span>
              </div> <!-- configuration-class after -->
            </div> <!-- chronological-class -->
            <div class="chronological-class">
              <div class="chronological-class-name">com.cucumber.TestRunner.UserVerifyCertificatesRunner</div> <!-- chronological-class-name -->
              <div class="configuration-class before">
                <span class="method-name">setUpClass</span>
                <span class="method-start">132264 ms</span>
              </div> <!-- configuration-class before -->
              <div class="configuration-class before">
                <span class="method-name">beforeclass(chrome)</span>
                <span class="method-start">132334 ms</span>
              </div> <!-- configuration-class before -->
              <div class="test-method">
                <span class="method-name">feature(Institution User - Check the flow of Institution User Verify Certificates)</span>
                <span class="method-start">135818 ms</span>
              </div> <!-- test-method -->
              <div class="configuration-class after">
                <span class="method-name">testDownClass</span>
                <span class="method-start">172435 ms</span>
              </div> <!-- configuration-class after -->
              <div class="configuration-class after">
                <span class="method-name">tearDownClass</span>
                <span class="method-start">172622 ms</span>
              </div> <!-- configuration-class after -->
            </div> <!-- chronological-class -->
            <div class="chronological-class">
              <div class="chronological-class-name">com.cucumber.TestRunner.UserGeneratedCertificatesRunner</div> <!-- chronological-class-name -->
              <div class="configuration-class before">
                <span class="method-name">setUpClass</span>
                <span class="method-start">172684 ms</span>
              </div> <!-- configuration-class before -->
              <div class="configuration-class before">
                <span class="method-name">beforeclass(chrome)</span>
                <span class="method-start">172744 ms</span>
              </div> <!-- configuration-class before -->
              <div class="test-method">
                <span class="method-name">feature(Institution User - Check the flow of Generated Certificates)</span>
                <span class="method-start">175474 ms</span>
              </div> <!-- test-method -->
              <div class="configuration-class after">
                <span class="method-name">testDownClass</span>
                <span class="method-start">232940 ms</span>
              </div> <!-- configuration-class after -->
              <div class="configuration-class after">
                <span class="method-name">tearDownClass</span>
                <span class="method-start">233129 ms</span>
              </div> <!-- configuration-class after -->
            </div> <!-- chronological-class -->
            <div class="chronological-class">
              <div class="chronological-class-name">com.cucumber.TestRunner.UserVerifiedCertificatesRunner</div> <!-- chronological-class-name -->
              <div class="configuration-class before">
                <span class="method-name">setUpClass</span>
                <span class="method-start">233200 ms</span>
              </div> <!-- configuration-class before -->
              <div class="configuration-class before">
                <span class="method-name">beforeclass(chrome)</span>
                <span class="method-start">233264 ms</span>
              </div> <!-- configuration-class before -->
              <div class="test-method">
                <span class="method-name">feature(Institution User - Check the flow of Verified Certificates)</span>
                <span class="method-start">235902 ms</span>
              </div> <!-- test-method -->
              <div class="configuration-class after">
                <span class="method-name">testDownClass</span>
                <span class="method-start">273196 ms</span>
              </div> <!-- configuration-class after -->
              <div class="configuration-class after">
                <span class="method-name">tearDownClass</span>
                <span class="method-start">273431 ms</span>
              </div> <!-- configuration-class after -->
            </div> <!-- chronological-class -->
            <div class="chronological-class">
              <div class="chronological-class-name">com.cucumber.TestRunner.UserBulkGeneratedCertficatesRunner</div> <!-- chronological-class-name -->
              <div class="configuration-class before">
                <span class="method-name">setUpClass</span>
                <span class="method-start">273494 ms</span>
              </div> <!-- configuration-class before -->
              <div class="configuration-class before">
                <span class="method-name">beforeclass(chrome)</span>
                <span class="method-start">273566 ms</span>
              </div> <!-- configuration-class before -->
              <div class="test-method">
                <span class="method-name">feature(Institution User - Check the flow of Bulk Generated certificates)</span>
                <span class="method-start">276911 ms</span>
              </div> <!-- test-method -->
              <div class="configuration-class after">
                <span class="method-name">testDownClass</span>
                <span class="method-start">297716 ms</span>
              </div> <!-- configuration-class after -->
              <div class="configuration-class after">
                <span class="method-name">tearDownClass</span>
                <span class="method-start">298030 ms</span>
              </div> <!-- configuration-class after -->
            </div> <!-- chronological-class -->
            <div class="chronological-class">
              <div class="chronological-class-name">com.cucumber.TestRunner.UserUpdateProfileRunner</div> <!-- chronological-class-name -->
              <div class="configuration-class before">
                <span class="method-name">setUpClass</span>
                <span class="method-start">298093 ms</span>
              </div> <!-- configuration-class before -->
              <div class="configuration-class before">
                <span class="method-name">beforeclass(chrome)</span>
                <span class="method-start">298187 ms</span>
              </div> <!-- configuration-class before -->
              <div class="test-method">
                <span class="method-name">feature(Institution User - Check the flow of Updateprofile)</span>
                <span class="method-start">301186 ms</span>
              </div> <!-- test-method -->
              <div class="configuration-class after">
                <span class="method-name">testDownClass</span>
                <span class="method-start">339667 ms</span>
              </div> <!-- configuration-class after -->
              <div class="configuration-class after">
                <span class="method-name">tearDownClass</span>
                <span class="method-start">339918 ms</span>
              </div> <!-- configuration-class after -->
            </div> <!-- chronological-class -->
            <div class="chronological-class">
              <div class="chronological-class-name">com.cucumber.TestRunner.UserChangePasswordRunner</div> <!-- chronological-class-name -->
              <div class="configuration-class before">
                <span class="method-name">setUpClass</span>
                <span class="method-start">339974 ms</span>
              </div> <!-- configuration-class before -->
              <div class="configuration-class before">
                <span class="method-name">beforeclass(chrome)</span>
                <span class="method-start">340050 ms</span>
              </div> <!-- configuration-class before -->
              <div class="test-method">
                <span class="method-name">feature(Institution User - Check the flow of Change Password)</span>
                <span class="method-start">342949 ms</span>
              </div> <!-- test-method -->
              <div class="configuration-class after">
                <span class="method-name">testDownClass</span>
                <span class="method-start">379704 ms</span>
              </div> <!-- configuration-class after -->
              <div class="configuration-class after">
                <span class="method-name">tearDownClass</span>
                <span class="method-start">379944 ms</span>
              </div> <!-- configuration-class after -->
            </div> <!-- chronological-class -->
            <div class="chronological-class">
              <div class="chronological-class-name">com.cucumber.TestRunner.UserGenerateBulkWithApprovalRunner</div> <!-- chronological-class-name -->
              <div class="configuration-class before">
                <span class="method-name">setUpClass</span>
                <span class="method-start">380006 ms</span>
              </div> <!-- configuration-class before -->
              <div class="configuration-class before">
                <span class="method-name">beforeclass(chrome)</span>
                <span class="method-start">380087 ms</span>
              </div> <!-- configuration-class before -->
              <div class="test-method">
                <img src="failed.png">
                </img>
                <span class="method-name">feature(Institution User - Check the flow of Institution User Bulk with Approvals)</span>
                <span class="method-start">381131 ms</span>
              </div> <!-- test-method -->
              <div class="configuration-class after">
                <span class="method-name">testDownClass</span>
                <span class="method-start">425396 ms</span>
              </div> <!-- configuration-class after -->
              <div class="configuration-class after">
                <span class="method-name">tearDownClass</span>
                <span class="method-start">425641 ms</span>
              </div> <!-- configuration-class after -->
            </div> <!-- chronological-class -->
            <div class="chronological-class">
              <div class="chronological-class-name">com.cucumber.TestRunner.UserDashboardRecentCertificateGenerationsRunner</div> <!-- chronological-class-name -->
              <div class="configuration-class before">
                <span class="method-name">setUpClass</span>
                <span class="method-start">425694 ms</span>
              </div> <!-- configuration-class before -->
              <div class="configuration-class before">
                <span class="method-name">beforeclass(chrome)</span>
                <span class="method-start">425752 ms</span>
              </div> <!-- configuration-class before -->
              <div class="test-method">
                <img src="failed.png">
                </img>
                <span class="method-name">feature(Institution User - Check the flow of Dashboard Recent Certificate Generations - print button)</span>
                <span class="method-start">428796 ms</span>
              </div> <!-- test-method -->
              <div class="configuration-class after">
                <span class="method-name">testDownClass</span>
                <span class="method-start">471471 ms</span>
              </div> <!-- configuration-class after -->
              <div class="configuration-class after">
                <span class="method-name">tearDownClass</span>
                <span class="method-start">471720 ms</span>
              </div> <!-- configuration-class after -->
            </div> <!-- chronological-class -->
            <div class="chronological-class">
              <div class="chronological-class-name">com.cucumber.TestRunner.UserDashboardViewAllGenerationsRunner</div> <!-- chronological-class-name -->
              <div class="configuration-class before">
                <span class="method-name">setUpClass</span>
                <span class="method-start">471792 ms</span>
              </div> <!-- configuration-class before -->
              <div class="configuration-class before">
                <span class="method-name">beforeclass(chrome)</span>
                <span class="method-start">471863 ms</span>
              </div> <!-- configuration-class before -->
              <div class="test-method">
                <span class="method-name">feature(Institution User - Check the flow of View All Generations)</span>
                <span class="method-start">475002 ms</span>
              </div> <!-- test-method -->
              <div class="configuration-class after">
                <span class="method-name">testDownClass</span>
                <span class="method-start">497453 ms</span>
              </div> <!-- configuration-class after -->
              <div class="configuration-class after">
                <span class="method-name">tearDownClass</span>
                <span class="method-start">497641 ms</span>
              </div> <!-- configuration-class after -->
            </div> <!-- chronological-class -->
            <div class="chronological-class">
              <div class="chronological-class-name">com.cucumber.TestRunner.UserRecentCertificateVerificationsRunner</div> <!-- chronological-class-name -->
              <div class="configuration-class before">
                <span class="method-name">setUpClass</span>
                <span class="method-start">497696 ms</span>
              </div> <!-- configuration-class before -->
              <div class="configuration-class before">
                <span class="method-name">beforeclass(chrome)</span>
                <span class="method-start">497765 ms</span>
              </div> <!-- configuration-class before -->
              <div class="test-method">
                <span class="method-name">feature(Institution User - Check the flow of Recent Certificate Verifiecations)</span>
                <span class="method-start">501400 ms</span>
              </div> <!-- test-method -->
              <div class="configuration-class after">
                <span class="method-name">testDownClass</span>
                <span class="method-start">521258 ms</span>
              </div> <!-- configuration-class after -->
              <div class="configuration-class after">
                <span class="method-name">tearDownClass</span>
                <span class="method-start">521506 ms</span>
              </div> <!-- configuration-class after -->
            </div> <!-- chronological-class -->
            <div class="chronological-class">
              <div class="chronological-class-name">com.cucumber.TestRunner.AdminApplicationTitleRunner</div> <!-- chronological-class-name -->
              <div class="configuration-class before">
                <span class="method-name">setUpClass</span>
                <span class="method-start">521571 ms</span>
              </div> <!-- configuration-class before -->
              <div class="configuration-class before">
                <span class="method-name">beforeclass(chrome)</span>
                <span class="method-start">521634 ms</span>
              </div> <!-- configuration-class before -->
              <div class="test-method">
                <span class="method-name">feature(Institution User - Check the flow of Application Title)</span>
                <span class="method-start">525192 ms</span>
              </div> <!-- test-method -->
              <div class="configuration-class after">
                <span class="method-name">testDownClass</span>
                <span class="method-start">533682 ms</span>
              </div> <!-- configuration-class after -->
              <div class="configuration-class after">
                <span class="method-name">tearDownClass</span>
                <span class="method-start">533931 ms</span>
              </div> <!-- configuration-class after -->
            </div> <!-- chronological-class -->
            <div class="chronological-class">
              <div class="chronological-class-name">com.cucumber.TestRunner.AdminBacktotopbuttonRunner</div> <!-- chronological-class-name -->
              <div class="configuration-class before">
                <span class="method-name">setUpClass</span>
                <span class="method-start">534015 ms</span>
              </div> <!-- configuration-class before -->
              <div class="configuration-class before">
                <span class="method-name">beforeclass(chrome)</span>
                <span class="method-start">534104 ms</span>
              </div> <!-- configuration-class before -->
              <div class="test-method">
                <span class="method-name">feature(Institution Admin - Check the flow of Back to top)</span>
                <span class="method-start">537777 ms</span>
              </div> <!-- test-method -->
              <div class="configuration-class after">
                <span class="method-name">testDownClass</span>
                <span class="method-start">556489 ms</span>
              </div> <!-- configuration-class after -->
              <div class="configuration-class after">
                <span class="method-name">tearDownClass</span>
                <span class="method-start">556742 ms</span>
              </div> <!-- configuration-class after -->
            </div> <!-- chronological-class -->
            <div class="chronological-class">
              <div class="chronological-class-name">com.cucumber.TestRunner.AdminLaunchTheApplicationRunner</div> <!-- chronological-class-name -->
              <div class="configuration-class before">
                <span class="method-name">setUpClass</span>
                <span class="method-start">556822 ms</span>
              </div> <!-- configuration-class before -->
              <div class="configuration-class before">
                <span class="method-name">beforeclass(chrome)</span>
                <span class="method-start">556894 ms</span>
              </div> <!-- configuration-class before -->
              <div class="test-method">
                <span class="method-name">feature(Institution User - Check the flow of Launch the application)</span>
                <span class="method-start">560536 ms</span>
              </div> <!-- test-method -->
              <div class="configuration-class after">
                <span class="method-name">testDownClass</span>
                <span class="method-start">560594 ms</span>
              </div> <!-- configuration-class after -->
              <div class="configuration-class after">
                <span class="method-name">tearDownClass</span>
                <span class="method-start">560835 ms</span>
              </div> <!-- configuration-class after -->
            </div> <!-- chronological-class -->
            <div class="chronological-class">
              <div class="chronological-class-name">com.cucumber.TestRunner.UserBacktotopbuttonRunner</div> <!-- chronological-class-name -->
              <div class="configuration-class before">
                <span class="method-name">setUpClass</span>
                <span class="method-start">560902 ms</span>
              </div> <!-- configuration-class before -->
              <div class="configuration-class before">
                <span class="method-name">beforeclass(chrome)</span>
                <span class="method-start">560986 ms</span>
              </div> <!-- configuration-class before -->
              <div class="test-method">
                <span class="method-name">feature(Institution User - Check the flow of back to top button)</span>
                <span class="method-start">564511 ms</span>
              </div> <!-- test-method -->
              <div class="configuration-class after">
                <span class="method-name">testDownClass</span>
                <span class="method-start">583249 ms</span>
              </div> <!-- configuration-class after -->
              <div class="configuration-class after">
                <span class="method-name">tearDownClass</span>
                <span class="method-start">583438 ms</span>
              </div> <!-- configuration-class after -->
            </div> <!-- chronological-class -->
            <div class="chronological-class">
              <div class="chronological-class-name">com.cucumber.TestRunner.UserBulkDashboardLinkRunner</div> <!-- chronological-class-name -->
              <div class="configuration-class before">
                <span class="method-name">setUpClass</span>
                <span class="method-start">583499 ms</span>
              </div> <!-- configuration-class before -->
              <div class="configuration-class before">
                <span class="method-name">beforeclass(chrome)</span>
                <span class="method-start">583560 ms</span>
              </div> <!-- configuration-class before -->
              <div class="test-method">
                <span class="method-name">feature(Institution User - Check the flow of User Bulk By Click the Dashboard link)</span>
                <span class="method-start">587066 ms</span>
              </div> <!-- test-method -->
              <div class="configuration-class after">
                <span class="method-name">testDownClass</span>
                <span class="method-start">604523 ms</span>
              </div> <!-- configuration-class after -->
              <div class="configuration-class after">
                <span class="method-name">tearDownClass</span>
                <span class="method-start">604709 ms</span>
              </div> <!-- configuration-class after -->
            </div> <!-- chronological-class -->
            <div class="chronological-class">
              <div class="chronological-class-name">com.cucumber.TestRunner.UserDashboardRecentCertificateGenerationsCertificateTypedropdownRunner</div> <!-- chronological-class-name -->
              <div class="configuration-class before">
                <span class="method-name">setUpClass</span>
                <span class="method-start">604770 ms</span>
              </div> <!-- configuration-class before -->
              <div class="configuration-class before">
                <span class="method-name">beforeclass(chrome)</span>
                <span class="method-start">604834 ms</span>
              </div> <!-- configuration-class before -->
              <div class="configuration-class after">
                <span class="method-name">testDownClass</span>
                <span class="method-start">608304 ms</span>
              </div> <!-- configuration-class after -->
              <div class="configuration-class after">
                <span class="method-name">tearDownClass</span>
                <span class="method-start">608489 ms</span>
              </div> <!-- configuration-class after -->
            </div> <!-- chronological-class -->
            <div class="chronological-class">
              <div class="chronological-class-name">com.cucumber.TestRunner.UserGenerateBulkByUploadCSVFIleWithoutIssueYearRunner</div> <!-- chronological-class-name -->
              <div class="configuration-class before">
                <span class="method-name">setUpClass</span>
                <span class="method-start">608550 ms</span>
              </div> <!-- configuration-class before -->
              <div class="configuration-class before">
                <span class="method-name">beforeclass(chrome)</span>
                <span class="method-start">608610 ms</span>
              </div> <!-- configuration-class before -->
              <div class="test-method">
                <span class="method-name">feature(Institution User - Check the flow of Generate Bulk By Upload CSV File Without Issue Year)</span>
                <span class="method-start">610316 ms</span>
              </div> <!-- test-method -->
              <div class="configuration-class after">
                <span class="method-name">testDownClass</span>
                <span class="method-start">657150 ms</span>
              </div> <!-- configuration-class after -->
              <div class="configuration-class after">
                <span class="method-name">tearDownClass</span>
                <span class="method-start">657333 ms</span>
              </div> <!-- configuration-class after -->
            </div> <!-- chronological-class -->
            <div class="chronological-class">
              <div class="chronological-class-name">com.cucumber.TestRunner.UserGenerateBulkByUploadCSVFileWithEmptyMobileNumberRunner</div> <!-- chronological-class-name -->
              <div class="configuration-class before">
                <span class="method-name">setUpClass</span>
                <span class="method-start">657389 ms</span>
              </div> <!-- configuration-class before -->
              <div class="configuration-class before">
                <span class="method-name">beforeclass(chrome)</span>
                <span class="method-start">657438 ms</span>
              </div> <!-- configuration-class before -->
              <div class="test-method">
                <span class="method-name">feature(Institution User - Check the flow of Generate Bulk with invalid CSV File - Empty Mobile umber column)</span>
                <span class="method-start">661007 ms</span>
              </div> <!-- test-method -->
              <div class="configuration-class after">
                <span class="method-name">testDownClass</span>
                <span class="method-start">705912 ms</span>
              </div> <!-- configuration-class after -->
              <div class="configuration-class after">
                <span class="method-name">tearDownClass</span>
                <span class="method-start">706092 ms</span>
              </div> <!-- configuration-class after -->
            </div> <!-- chronological-class -->
            <div class="chronological-class">
              <div class="chronological-class-name">com.cucumber.TestRunner.UserGenerateBulkByUploadCSVFIleWithInvalidCertificateTypeRunner</div> <!-- chronological-class-name -->
              <div class="configuration-class before">
                <span class="method-name">setUpClass</span>
                <span class="method-start">706143 ms</span>
              </div> <!-- configuration-class before -->
              <div class="configuration-class before">
                <span class="method-name">beforeclass(chrome)</span>
                <span class="method-start">706193 ms</span>
              </div> <!-- configuration-class before -->
              <div class="test-method">
                <img src="failed.png">
                </img>
                <span class="method-name">feature(Institution User - Check the flow of Generate Bulk By Upload CSV File With Invalid Certificate Type)</span>
                <span class="method-start">709901 ms</span>
              </div> <!-- test-method -->
              <div class="configuration-class after">
                <span class="method-name">testDownClass</span>
                <span class="method-start">718405 ms</span>
              </div> <!-- configuration-class after -->
              <div class="configuration-class after">
                <span class="method-name">tearDownClass</span>
                <span class="method-start">718582 ms</span>
              </div> <!-- configuration-class after -->
            </div> <!-- chronological-class -->
            <div class="chronological-class">
              <div class="chronological-class-name">com.cucumber.TestRunner.UserGenerateBulkByUploadCSVFIleWithEmptyCertificateNameRunner</div> <!-- chronological-class-name -->
              <div class="configuration-class before">
                <span class="method-name">setUpClass</span>
                <span class="method-start">718633 ms</span>
              </div> <!-- configuration-class before -->
              <div class="configuration-class before">
                <span class="method-name">beforeclass(chrome)</span>
                <span class="method-start">718687 ms</span>
              </div> <!-- configuration-class before -->
              <div class="test-method">
                <span class="method-name">feature(Institution User - Check the flow of Generate Bulk By Upload CSV File With Empty Certificate Name)</span>
                <span class="method-start">722092 ms</span>
              </div> <!-- test-method -->
              <div class="configuration-class after">
                <span class="method-name">testDownClass</span>
                <span class="method-start">766830 ms</span>
              </div> <!-- configuration-class after -->
              <div class="configuration-class after">
                <span class="method-name">tearDownClass</span>
                <span class="method-start">767070 ms</span>
              </div> <!-- configuration-class after -->
            </div> <!-- chronological-class -->
            <div class="chronological-class">
              <div class="chronological-class-name">com.cucumber.TestRunner.UserGeneratedCertificatesWithoutEnablecheckboxesRunner</div> <!-- chronological-class-name -->
              <div class="configuration-class before">
                <span class="method-name">setUpClass</span>
                <span class="method-start">767143 ms</span>
              </div> <!-- configuration-class before -->
              <div class="configuration-class before">
                <span class="method-name">beforeclass(chrome)</span>
                <span class="method-start">767210 ms</span>
              </div> <!-- configuration-class before -->
              <div class="test-method">
                <span class="method-name">feature(genearated certificate)</span>
                <span class="method-start">770699 ms</span>
              </div> <!-- test-method -->
              <div class="configuration-class after">
                <span class="method-name">testDownClass</span>
                <span class="method-start">770770 ms</span>
              </div> <!-- configuration-class after -->
              <div class="configuration-class after">
                <span class="method-name">tearDownClass</span>
                <span class="method-start">771009 ms</span>
              </div> <!-- configuration-class after -->
            </div> <!-- chronological-class -->
            <div class="chronological-class">
              <div class="chronological-class-name">com.cucumber.TestRunner.UserInternalPrintingUploadCSVFileWithoutStudentNameRunner</div> <!-- chronological-class-name -->
              <div class="configuration-class before">
                <span class="method-name">setUpClass</span>
                <span class="method-start">771073 ms</span>
              </div> <!-- configuration-class before -->
              <div class="configuration-class before">
                <span class="method-name">beforeclass(chrome)</span>
                <span class="method-start">771140 ms</span>
              </div> <!-- configuration-class before -->
              <div class="test-method">
                <span class="method-name">feature(Institution User - Check the flow of Internal Printing Upload CSV file Without Student Name)</span>
                <span class="method-start">774668 ms</span>
              </div> <!-- test-method -->
              <div class="configuration-class after">
                <span class="method-name">testDownClass</span>
                <span class="method-start">814391 ms</span>
              </div> <!-- configuration-class after -->
              <div class="configuration-class after">
                <span class="method-name">tearDownClass</span>
                <span class="method-start">814594 ms</span>
              </div> <!-- configuration-class after -->
            </div> <!-- chronological-class -->
            <div class="chronological-class">
              <div class="chronological-class-name">com.cucumber.TestRunner.UserInternalPrintingByUploadingCSVWithInvalidCertificateTypeRunner</div> <!-- chronological-class-name -->
              <div class="configuration-class before">
                <span class="method-name">setUpClass</span>
                <span class="method-start">814637 ms</span>
              </div> <!-- configuration-class before -->
              <div class="configuration-class before">
                <span class="method-name">beforeclass(chrome)</span>
                <span class="method-start">814685 ms</span>
              </div> <!-- configuration-class before -->
              <div class="test-method">
                <span class="method-name">feature(Institution User - Check the flow of Internal Printing with upload the CSV file with invalid Certifi...)</span>
                <span class="method-start">817858 ms</span>
              </div> <!-- test-method -->
              <div class="configuration-class after">
                <span class="method-name">testDownClass</span>
                <span class="method-start">858489 ms</span>
              </div> <!-- configuration-class after -->
              <div class="configuration-class after">
                <span class="method-name">tearDownClass</span>
                <span class="method-start">858676 ms</span>
              </div> <!-- configuration-class after -->
          </div> <!-- main-panel-content rounded-window-bottom -->
        </div> <!-- panel -->
      </div> <!-- main-panel-root -->
    </div> <!-- wrapper -->
  </body>
</html>
