<html>
<head>
<title>TestNG:  ChromeBrowser</title>
<link href="../testng.css" rel="stylesheet" type="text/css" />
<link href="../my-testng.css" rel="stylesheet" type="text/css" />

<style type="text/css">
.log { display: none;} 
.stack-trace { display: none;} 
</style>
<script type="text/javascript">
<!--
function flip(e) {
  current = e.style.display;
  if (current == 'block') {
    e.style.display = 'none';
    return 0;
  }
  else {
    e.style.display = 'block';
    return 1;
  }
}

function toggleBox(szDivId, elem, msg1, msg2)
{
  var res = -1;  if (document.getElementById) {
    res = flip(document.getElementById(szDivId));
  }
  else if (document.all) {
    // this is the way old msie versions work
    res = flip(document.all[szDivId]);
  }
  if(elem) {
    if(res == 0) elem.innerHTML = msg1; else elem.innerHTML = msg2;
  }

}

function toggleAllBoxes() {
  if (document.getElementsByTagName) {
    d = document.getElementsByTagName('div');
    for (i = 0; i < d.length; i++) {
      if (d[i].className == 'log') {
        flip(d[i]);
      }
    }
  }
}

// -->
</script>

</head>
<body>
<h2 align='center'>ChromeBrowser</h2><table border='1' align="center">
<tr>
<td>Tests passed/Failed/Skipped:</td><td>22/2/1</td>
</tr><tr>
<td>Started on:</td><td>Fri Mar 29 15:05:55 IST 2024</td>
</tr>
<tr><td>Total time:</td><td>495 seconds (495546 ms)</td>
</tr><tr>
<td>Included groups:</td><td></td>
</tr><tr>
<td>Excluded groups:</td><td></td>
</tr>
</table><p/>
<small><i>(Hover the method name to see the test class name)</i></small><p/>
<table width='100%' border='1' class='invocation-failed'>
<tr><td colspan='4' align='center'><b>FAILED TESTS</b></td></tr>
<tr><td><b>Test method</b></td>
<td width="30%"><b>Exception</b></td>
<td width="10%"><b>Time (seconds)</b></td>
<td><b>Instance</b></td>
</tr>
<tr>
<td title='com.cucumber.TestRunner.UserGenerateBulkWithApprovalRunner.feature()'><b>feature</b><br>Test class: com.cucumber.TestRunner.UserGenerateBulkWithApprovalRunner<br>Test method: Runs Cucumber Feature<br>Parameters: Institution User - Check the flow of Institution User Bulk with Approvals<br/>
<a href="#Output-1305957096" onClick='toggleBox("Output-1305957096", this, "Show output", "Hide output");'>Show output</a>

<a href="#Output-1305957096" onClick="toggleAllBoxes();">Show all outputs</a>
<div class='log' id="Output-1305957096">
Completed executing following method : AbstractTestNGCucumberTests.feature<br/>
Test Method resides in com.cucumber.TestRunner.UserGenerateBulkWithApprovalRunner<br/>
Test Method had the following parameters : nullInstitution User - Check the flow of Institution User Bulk with Approvals,<br/>
Test Status: Failed<br/>
</div>
</td>
<td><div><pre>cucumber.runtime.CucumberException: org.openqa.selenium.NoSuchElementException: no such element: Unable to locate element: {&quot;method&quot;:&quot;xpath&quot;,&quot;selector&quot;:&quot;//a[@class=&apos;sub-icon&apos;][normalize-space()=&apos;Settings&apos;]&quot;}
  (Session info: chrome=123.0.6312.86)
For documentation on this error, please visit: https://www.selenium.dev/documentation/webdriver/troubleshooting/errors#no-such-element-exception
Build info: version: &apos;4.12.1&apos;, revision: &apos;8e34639b11&apos;
System info: os.name: &apos;Windows 10&apos;, os.arch: &apos;amd64&apos;, os.version: &apos;10.0&apos;, java.version: &apos;11.0.20&apos;
Driver info: org.openqa.selenium.chrome.ChromeDriver
Command: [c20b762f06cb089f6eb835b6941159a4, findElement {using=xpath, value=//a[@class=&apos;sub-icon&apos;][normalize-space()=&apos;Settings&apos;]}]
Capabilities {acceptInsecureCerts: false, browserName: chrome, browserVersion: 123.0.6312.86, chrome: {chromedriverVersion: 123.0.6312.58 (6b4b19e9dfbb..., userDataDir: C:\Users\admin\AppData\Loca...}, fedcm:accounts: true, goog:chromeOptions: {debuggerAddress: localhost:50766}, networkConnectionEnabled: false, pageLoadStrategy: normal, platformName: windows, proxy: Proxy(), se:cdp: ws://localhost:50766/devtoo..., se:cdpVersion: 123.0.6312.86, setWindowRect: true, strictFileInteractability: false, timeouts: {implicit: 0, pageLoad: 300000, script: 30000}, unhandledPromptBehavior: dismiss and notify, webauthn:extension:credBlob: true, webauthn:extension:largeBlob: true, webauthn:extension:minPinLength: true, webauthn:extension:prf: true, webauthn:virtualAuthenticators: true}
Session ID: c20b762f06cb089f6eb835b6941159a4
	at cucumber.api.testng.TestNGCucumberRunner.runCucumber(TestNGCucumberRunner.java:69)
	at cucumber.api.testng.AbstractTestNGCucumberTests.feature(AbstractTestNGCucumberTests.java:21)
Caused by: org.openqa.selenium.NoSuchElementException: no such element: Unable to locate element: {&quot;method&quot;:&quot;xpath&quot;,&quot;selector&quot;:&quot;//a[@class=&apos;sub-icon&apos;][normalize-space()=&apos;Settings&apos;]&quot;}
  (Session info: chrome=123.0.6312.86)
For documentation on this error, please visit: https://www.selenium.dev/documentation/webdriver/troubleshooting/errors#no-such-element-exception
Build info: version: &apos;4.12.1&apos;, revision: &apos;8e34639b11&apos;
System info: os.name: &apos;Windows 10&apos;, os.arch: &apos;amd64&apos;, os.version: &apos;10.0&apos;, java.version: &apos;11.0.20&apos;
Driver info: org.openqa.selenium.chrome.ChromeDriver
Command: [c20b762f06cb089f6eb835b6941159a4, findElement {using=xpath, value=//a[@class=&apos;sub-icon&apos;][normalize-space()=&apos;Settings&apos;]}]
Capabilities {acceptInsecureCerts: false, browserName: chrome, browserVersion: 123.0.6312.86, chrome: {chromedriverVersion: 123.0.6312.58 (6b4b19e9dfbb..., userDataDir: C:\Users\admin\AppData\Loca...}, fedcm:accounts: true, goog:chromeOptions: {debuggerAddress: localhost:50766}, networkConnectionEnabled: false, pageLoadStrategy: normal, platformName: windows, proxy: Proxy(), se:cdp: ws://localhost:50766/devtoo..., se:cdpVersion: 123.0.6312.86, setWindowRect: true, strictFileInteractability: false, timeouts: {implicit: 0, pageLoad: 300000, script: 30000}, unhandledPromptBehavior: dismiss and notify, webauthn:extension:credBlob: true, webauthn:extension:largeBlob: true, webauthn:extension:minPinLength: true, webauthn:extension:prf: true, webauthn:virtualAuthenticators: true}
Session ID: c20b762f06cb089f6eb835b6941159a4
	at org.openqa.selenium.remote.codec.w3c.W3CHttpResponseCodec.createException(W3CHttpResponseCodec.java:200)
	at org.openqa.selenium.remote.codec.w3c.W3CHttpResponseCodec.decode(W3CHttpResponseCodec.java:133)
	at org.openqa.selenium.remote.codec.w3c.W3CHttpResponseCodec.decode(W3CHttpResponseCodec.java:52)
	at org.openqa.selenium.remote.HttpCommandExecutor.execute(HttpCommandExecutor.java:191)
	at org.openqa.selenium.remote.service.DriverCommandExecutor.invokeExecute(DriverCommandExecutor.java:196)
	at org.openqa.selenium.remote.service.DriverCommandExecutor.execute(DriverCommandExecutor.java:171)
	at org.openqa.selenium.remote.RemoteWebDriver.execute(RemoteWebDriver.java:602)
	at org.openqa.selenium.remote.ElementLocation$ElementFinder$2.findElement(ElementLocation.java:165)
	at org.openqa.selenium.remote.ElementLocation.findElement(ElementLocation.java:59)
	at org.openqa.selenium.remote.RemoteWebDriver.findElement(RemoteWebDriver.java:359)
	at org.openqa.selenium.remote.RemoteWebDriver.findElement(RemoteWebDriver.java:353)
	at com.cucumber.PageObjects.UserSingleGenerationWithApprovalPageObjects.clicktheadminsettingsdropdown(UserSingleGenerationWithApprovalPageObjects.java:74)
	at com.cucumber.stepdefination.UserSingleGenerationWithApprovalSteps.click_the_adminsettings_dropdown(UserSingleGenerationWithApprovalSteps.java:30)
	at âœ½.Then click the adminsettings dropdown(src/test/resources/features/UserGenerateBulkWithApproval.feature:7)
... Removed 28 stack frames</pre></div><a href='#' onClick='toggleBox("stack-trace1305957096", this, "Click to show all stack frames", "Click to hide stack frames")'>Click to show all stack frames</a>
<div class='stack-trace' id='stack-trace1305957096'><pre>cucumber.runtime.CucumberException: org.openqa.selenium.NoSuchElementException: no such element: Unable to locate element: {&quot;method&quot;:&quot;xpath&quot;,&quot;selector&quot;:&quot;//a[@class=&apos;sub-icon&apos;][normalize-space()=&apos;Settings&apos;]&quot;}
  (Session info: chrome=123.0.6312.86)
For documentation on this error, please visit: https://www.selenium.dev/documentation/webdriver/troubleshooting/errors#no-such-element-exception
Build info: version: &apos;4.12.1&apos;, revision: &apos;8e34639b11&apos;
System info: os.name: &apos;Windows 10&apos;, os.arch: &apos;amd64&apos;, os.version: &apos;10.0&apos;, java.version: &apos;11.0.20&apos;
Driver info: org.openqa.selenium.chrome.ChromeDriver
Command: [c20b762f06cb089f6eb835b6941159a4, findElement {using=xpath, value=//a[@class=&apos;sub-icon&apos;][normalize-space()=&apos;Settings&apos;]}]
Capabilities {acceptInsecureCerts: false, browserName: chrome, browserVersion: 123.0.6312.86, chrome: {chromedriverVersion: 123.0.6312.58 (6b4b19e9dfbb..., userDataDir: C:\Users\admin\AppData\Loca...}, fedcm:accounts: true, goog:chromeOptions: {debuggerAddress: localhost:50766}, networkConnectionEnabled: false, pageLoadStrategy: normal, platformName: windows, proxy: Proxy(), se:cdp: ws://localhost:50766/devtoo..., se:cdpVersion: 123.0.6312.86, setWindowRect: true, strictFileInteractability: false, timeouts: {implicit: 0, pageLoad: 300000, script: 30000}, unhandledPromptBehavior: dismiss and notify, webauthn:extension:credBlob: true, webauthn:extension:largeBlob: true, webauthn:extension:minPinLength: true, webauthn:extension:prf: true, webauthn:virtualAuthenticators: true}
Session ID: c20b762f06cb089f6eb835b6941159a4
	at cucumber.api.testng.TestNGCucumberRunner.runCucumber(TestNGCucumberRunner.java:69)
	at cucumber.api.testng.AbstractTestNGCucumberTests.feature(AbstractTestNGCucumberTests.java:21)
	at java.base/jdk.internal.reflect.NativeMethodAccessorImpl.invoke0(Native Method)
	at java.base/jdk.internal.reflect.NativeMethodAccessorImpl.invoke(NativeMethodAccessorImpl.java:62)
	at java.base/jdk.internal.reflect.DelegatingMethodAccessorImpl.invoke(DelegatingMethodAccessorImpl.java:43)
	at java.base/java.lang.reflect.Method.invoke(Method.java:566)
	at org.testng.internal.MethodInvocationHelper.invokeMethod(MethodInvocationHelper.java:86)
	at org.testng.internal.Invoker.invokeMethod(Invoker.java:643)
	at org.testng.internal.Invoker.invokeTestMethod(Invoker.java:820)
	at org.testng.internal.Invoker.invokeTestMethods(Invoker.java:1128)
	at org.testng.internal.TestMethodWorker.invokeTestMethods(TestMethodWorker.java:129)
	at org.testng.internal.TestMethodWorker.run(TestMethodWorker.java:112)
	at org.testng.TestRunner.privateRun(TestRunner.java:782)
	at org.testng.TestRunner.run(TestRunner.java:632)
	at org.testng.SuiteRunner.runTest(SuiteRunner.java:366)
	at org.testng.SuiteRunner.runSequentially(SuiteRunner.java:361)
	at org.testng.SuiteRunner.privateRun(SuiteRunner.java:319)
	at org.testng.SuiteRunner.run(SuiteRunner.java:268)
	at org.testng.SuiteRunnerWorker.runSuite(SuiteRunnerWorker.java:52)
	at org.testng.SuiteRunnerWorker.run(SuiteRunnerWorker.java:86)
	at org.testng.TestNG.runSuitesSequentially(TestNG.java:1244)
	at org.testng.TestNG.runSuitesLocally(TestNG.java:1169)
	at org.testng.TestNG.run(TestNG.java:1064)
	at org.testng.remote.AbstractRemoteTestNG.run(AbstractRemoteTestNG.java:115)
	at org.testng.remote.RemoteTestNG.initAndRun(RemoteTestNG.java:251)
	at org.testng.remote.RemoteTestNG.main(RemoteTestNG.java:77)
Caused by: org.openqa.selenium.NoSuchElementException: no such element: Unable to locate element: {&quot;method&quot;:&quot;xpath&quot;,&quot;selector&quot;:&quot;//a[@class=&apos;sub-icon&apos;][normalize-space()=&apos;Settings&apos;]&quot;}
  (Session info: chrome=123.0.6312.86)
For documentation on this error, please visit: https://www.selenium.dev/documentation/webdriver/troubleshooting/errors#no-such-element-exception
Build info: version: &apos;4.12.1&apos;, revision: &apos;8e34639b11&apos;
System info: os.name: &apos;Windows 10&apos;, os.arch: &apos;amd64&apos;, os.version: &apos;10.0&apos;, java.version: &apos;11.0.20&apos;
Driver info: org.openqa.selenium.chrome.ChromeDriver
Command: [c20b762f06cb089f6eb835b6941159a4, findElement {using=xpath, value=//a[@class=&apos;sub-icon&apos;][normalize-space()=&apos;Settings&apos;]}]
Capabilities {acceptInsecureCerts: false, browserName: chrome, browserVersion: 123.0.6312.86, chrome: {chromedriverVersion: 123.0.6312.58 (6b4b19e9dfbb..., userDataDir: C:\Users\admin\AppData\Loca...}, fedcm:accounts: true, goog:chromeOptions: {debuggerAddress: localhost:50766}, networkConnectionEnabled: false, pageLoadStrategy: normal, platformName: windows, proxy: Proxy(), se:cdp: ws://localhost:50766/devtoo..., se:cdpVersion: 123.0.6312.86, setWindowRect: true, strictFileInteractability: false, timeouts: {implicit: 0, pageLoad: 300000, script: 30000}, unhandledPromptBehavior: dismiss and notify, webauthn:extension:credBlob: true, webauthn:extension:largeBlob: true, webauthn:extension:minPinLength: true, webauthn:extension:prf: true, webauthn:virtualAuthenticators: true}
Session ID: c20b762f06cb089f6eb835b6941159a4
	at java.base/jdk.internal.reflect.NativeConstructorAccessorImpl.newInstance0(Native Method)
	at java.base/jdk.internal.reflect.NativeConstructorAccessorImpl.newInstance(NativeConstructorAccessorImpl.java:62)
	at java.base/jdk.internal.reflect.DelegatingConstructorAccessorImpl.newInstance(DelegatingConstructorAccessorImpl.java:45)
	at java.base/java.lang.reflect.Constructor.newInstance(Constructor.java:490)
	at org.openqa.selenium.remote.codec.w3c.W3CHttpResponseCodec.createException(W3CHttpResponseCodec.java:200)
	at org.openqa.selenium.remote.codec.w3c.W3CHttpResponseCodec.decode(W3CHttpResponseCodec.java:133)
	at org.openqa.selenium.remote.codec.w3c.W3CHttpResponseCodec.decode(W3CHttpResponseCodec.java:52)
	at org.openqa.selenium.remote.HttpCommandExecutor.execute(HttpCommandExecutor.java:191)
	at org.openqa.selenium.remote.service.DriverCommandExecutor.invokeExecute(DriverCommandExecutor.java:196)
	at org.openqa.selenium.remote.service.DriverCommandExecutor.execute(DriverCommandExecutor.java:171)
	at org.openqa.selenium.remote.RemoteWebDriver.execute(RemoteWebDriver.java:602)
	at org.openqa.selenium.remote.ElementLocation$ElementFinder$2.findElement(ElementLocation.java:165)
	at org.openqa.selenium.remote.ElementLocation.findElement(ElementLocation.java:59)
	at org.openqa.selenium.remote.RemoteWebDriver.findElement(RemoteWebDriver.java:359)
	at org.openqa.selenium.remote.RemoteWebDriver.findElement(RemoteWebDriver.java:353)
	at com.cucumber.PageObjects.UserSingleGenerationWithApprovalPageObjects.clicktheadminsettingsdropdown(UserSingleGenerationWithApprovalPageObjects.java:74)
	at com.cucumber.stepdefination.UserSingleGenerationWithApprovalSteps.click_the_adminsettings_dropdown(UserSingleGenerationWithApprovalSteps.java:30)
	at âœ½.Then click the adminsettings dropdown(src/test/resources/features/UserGenerateBulkWithApproval.feature:7)
</pre></div></td>
<td>20</td>
<td>com.cucumber.TestRunner.UserGenerateBulkWithApprovalRunner@52af26ee</td></tr>
<tr>
<td title='com.cucumber.TestRunner.UserGenerateBulkByUploadCSVFIleWithInvalidCertificateTypeRunner.feature()'><b>feature</b><br>Test class: com.cucumber.TestRunner.UserGenerateBulkByUploadCSVFIleWithInvalidCertificateTypeRunner<br>Test method: Runs Cucumber Feature<br>Parameters: Institution User - Check the flow of Generate Bulk By Upload CSV File With Invalid Certificate Type<br/>
<a href="#Output-1803467457" onClick='toggleBox("Output-1803467457", this, "Show output", "Hide output");'>Show output</a>

<a href="#Output-1803467457" onClick="toggleAllBoxes();">Show all outputs</a>
<div class='log' id="Output-1803467457">
Completed executing following method : AbstractTestNGCucumberTests.feature<br/>
Test Method resides in com.cucumber.TestRunner.UserGenerateBulkByUploadCSVFIleWithInvalidCertificateTypeRunner<br/>
Test Method had the following parameters : nullInstitution User - Check the flow of Generate Bulk By Upload CSV File With Invalid Certificate Type,<br/>
Test Status: Failed<br/>
</div>
</td>
<td><div><pre>cucumber.runtime.CucumberException: cucumber.runtime.CucumberException: There are undefined steps
	at cucumber.api.testng.TestNGCucumberRunner.runCucumber(TestNGCucumberRunner.java:69)
	at cucumber.api.testng.AbstractTestNGCucumberTests.feature(AbstractTestNGCucumberTests.java:21)
Caused by: cucumber.runtime.CucumberException: There are undefined steps
	at cucumber.api.testng.FeatureResultListener.collectError(FeatureResultListener.java:60)
	at cucumber.api.testng.FeatureResultListener.result(FeatureResultListener.java:45)
	at cucumber.runtime.Runtime.runStep(Runtime.java:282)
	at cucumber.runtime.model.StepContainer.runStep(StepContainer.java:44)
	at cucumber.runtime.model.StepContainer.runSteps(StepContainer.java:39)
	at cucumber.runtime.model.CucumberScenario.run(CucumberScenario.java:44)
	at cucumber.runtime.model.CucumberFeature.run(CucumberFeature.java:165)
	at cucumber.api.testng.TestNGCucumberRunner.runCucumber(TestNGCucumberRunner.java:63)
	... 24 more
... Removed 23 stack frames</pre></div><a href='#' onClick='toggleBox("stack-trace1803467457", this, "Click to show all stack frames", "Click to hide stack frames")'>Click to show all stack frames</a>
<div class='stack-trace' id='stack-trace1803467457'><pre>cucumber.runtime.CucumberException: cucumber.runtime.CucumberException: There are undefined steps
	at cucumber.api.testng.TestNGCucumberRunner.runCucumber(TestNGCucumberRunner.java:69)
	at cucumber.api.testng.AbstractTestNGCucumberTests.feature(AbstractTestNGCucumberTests.java:21)
	at jdk.internal.reflect.GeneratedMethodAccessor92.invoke(Unknown Source)
	at java.base/jdk.internal.reflect.DelegatingMethodAccessorImpl.invoke(DelegatingMethodAccessorImpl.java:43)
	at java.base/java.lang.reflect.Method.invoke(Method.java:566)
	at org.testng.internal.MethodInvocationHelper.invokeMethod(MethodInvocationHelper.java:86)
	at org.testng.internal.Invoker.invokeMethod(Invoker.java:643)
	at org.testng.internal.Invoker.invokeTestMethod(Invoker.java:820)
	at org.testng.internal.Invoker.invokeTestMethods(Invoker.java:1128)
	at org.testng.internal.TestMethodWorker.invokeTestMethods(TestMethodWorker.java:129)
	at org.testng.internal.TestMethodWorker.run(TestMethodWorker.java:112)
	at org.testng.TestRunner.privateRun(TestRunner.java:782)
	at org.testng.TestRunner.run(TestRunner.java:632)
	at org.testng.SuiteRunner.runTest(SuiteRunner.java:366)
	at org.testng.SuiteRunner.runSequentially(SuiteRunner.java:361)
	at org.testng.SuiteRunner.privateRun(SuiteRunner.java:319)
	at org.testng.SuiteRunner.run(SuiteRunner.java:268)
	at org.testng.SuiteRunnerWorker.runSuite(SuiteRunnerWorker.java:52)
	at org.testng.SuiteRunnerWorker.run(SuiteRunnerWorker.java:86)
	at org.testng.TestNG.runSuitesSequentially(TestNG.java:1244)
	at org.testng.TestNG.runSuitesLocally(TestNG.java:1169)
	at org.testng.TestNG.run(TestNG.java:1064)
	at org.testng.remote.AbstractRemoteTestNG.run(AbstractRemoteTestNG.java:115)
	at org.testng.remote.RemoteTestNG.initAndRun(RemoteTestNG.java:251)
	at org.testng.remote.RemoteTestNG.main(RemoteTestNG.java:77)
Caused by: cucumber.runtime.CucumberException: There are undefined steps
	at cucumber.api.testng.FeatureResultListener.collectError(FeatureResultListener.java:60)
	at cucumber.api.testng.FeatureResultListener.result(FeatureResultListener.java:45)
	at cucumber.runtime.Runtime.runStep(Runtime.java:282)
	at cucumber.runtime.model.StepContainer.runStep(StepContainer.java:44)
	at cucumber.runtime.model.StepContainer.runSteps(StepContainer.java:39)
	at cucumber.runtime.model.CucumberScenario.run(CucumberScenario.java:44)
	at cucumber.runtime.model.CucumberFeature.run(CucumberFeature.java:165)
	at cucumber.api.testng.TestNGCucumberRunner.runCucumber(TestNGCucumberRunner.java:63)
	... 24 more
</pre></div></td>
<td>3</td>
<td>com.cucumber.TestRunner.UserGenerateBulkByUploadCSVFIleWithInvalidCertificateTypeRunner@4803b726</td></tr>
</table><p>
<table width='100%' border='1' class='invocation-passed'>
<tr><td colspan='4' align='center'><b>PASSED TESTS</b></td></tr>
<tr><td><b>Test method</b></td>
<td width="30%"><b>Exception</b></td>
<td width="10%"><b>Time (seconds)</b></td>
<td><b>Instance</b></td>
</tr>
<tr>
<td title='com.cucumber.TestRunner.UserGenerateSingleWithoutApprovalRunner.feature()'><b>feature</b><br>Test class: com.cucumber.TestRunner.UserGenerateSingleWithoutApprovalRunner<br>Test method: Runs Cucumber Feature<br>Parameters: Institution User - Check the flow of Generate Single Without Approval<br/>
<a href="#Output-1178270318" onClick='toggleBox("Output-1178270318", this, "Show output", "Hide output");'>Show output</a>

<a href="#Output-1178270318" onClick="toggleAllBoxes();">Show all outputs</a>
<div class='log' id="Output-1178270318">
Completed executing following method : AbstractTestNGCucumberTests.feature<br/>
Test Method resides in com.cucumber.TestRunner.UserGenerateSingleWithoutApprovalRunner<br/>
Test Method had the following parameters : nullInstitution User - Check the flow of Generate Single Without Approval,<br/>
Test Status: Pass<br/>
</div>
</td>
<td></td>
<td>0</td>
<td>com.cucumber.TestRunner.UserGenerateSingleWithoutApprovalRunner@2c35e847</td></tr>
<tr>
<td title='com.cucumber.TestRunner.UserGenerateBulkWithoutApprovalRunner.feature()'><b>feature</b><br>Test class: com.cucumber.TestRunner.UserGenerateBulkWithoutApprovalRunner<br>Test method: Runs Cucumber Feature<br>Parameters: Institution User - Check the flow of Bulk with Approvals<br/>
<a href="#Output-1142350221" onClick='toggleBox("Output-1142350221", this, "Show output", "Hide output");'>Show output</a>

<a href="#Output-1142350221" onClick="toggleAllBoxes();">Show all outputs</a>
<div class='log' id="Output-1142350221">
Completed executing following method : AbstractTestNGCucumberTests.feature<br/>
Test Method resides in com.cucumber.TestRunner.UserGenerateBulkWithoutApprovalRunner<br/>
Test Method had the following parameters : nullInstitution User - Check the flow of Bulk with Approvals,<br/>
Test Status: Pass<br/>
</div>
</td>
<td></td>
<td>0</td>
<td>com.cucumber.TestRunner.UserGenerateBulkWithoutApprovalRunner@7bd4937b</td></tr>
<tr>
<td title='com.cucumber.TestRunner.UserVerifyCertificatesRunner.feature()'><b>feature</b><br>Test class: com.cucumber.TestRunner.UserVerifyCertificatesRunner<br>Test method: Runs Cucumber Feature<br>Parameters: Institution User - Check the flow of Institution User Verify Certificates<br/>
<a href="#Output-686840588" onClick='toggleBox("Output-686840588", this, "Show output", "Hide output");'>Show output</a>

<a href="#Output-686840588" onClick="toggleAllBoxes();">Show all outputs</a>
<div class='log' id="Output-686840588">
Completed executing following method : AbstractTestNGCucumberTests.feature<br/>
Test Method resides in com.cucumber.TestRunner.UserVerifyCertificatesRunner<br/>
Test Method had the following parameters : nullInstitution User - Check the flow of Institution User Verify Certificates,<br/>
Test Status: Pass<br/>
</div>
</td>
<td></td>
<td>36</td>
<td>com.cucumber.TestRunner.UserVerifyCertificatesRunner@21e360a</td></tr>
<tr>
<td title='com.cucumber.TestRunner.UserGeneratedCertificatesRunner.feature()'><b>feature</b><br>Test class: com.cucumber.TestRunner.UserGeneratedCertificatesRunner<br>Test method: Runs Cucumber Feature<br>Parameters: Institution User - Check the flow of Generated Certificates<br/>
<a href="#Output-2118829464" onClick='toggleBox("Output-2118829464", this, "Show output", "Hide output");'>Show output</a>

<a href="#Output-2118829464" onClick="toggleAllBoxes();">Show all outputs</a>
<div class='log' id="Output-2118829464">
Completed executing following method : AbstractTestNGCucumberTests.feature<br/>
Test Method resides in com.cucumber.TestRunner.UserGeneratedCertificatesRunner<br/>
Test Method had the following parameters : nullInstitution User - Check the flow of Generated Certificates,<br/>
Test Status: Pass<br/>
</div>
</td>
<td></td>
<td>0</td>
<td>com.cucumber.TestRunner.UserGeneratedCertificatesRunner@5ba3f27a</td></tr>
<tr>
<td title='com.cucumber.TestRunner.UserVerifiedCertificatesRunner.feature()'><b>feature</b><br>Test class: com.cucumber.TestRunner.UserVerifiedCertificatesRunner<br>Test method: Runs Cucumber Feature<br>Parameters: Institution User - Check the flow of Verified Certificates<br/>
<a href="#Output-880490252" onClick='toggleBox("Output-880490252", this, "Show output", "Hide output");'>Show output</a>

<a href="#Output-880490252" onClick="toggleAllBoxes();">Show all outputs</a>
<div class='log' id="Output-880490252">
Completed executing following method : AbstractTestNGCucumberTests.feature<br/>
Test Method resides in com.cucumber.TestRunner.UserVerifiedCertificatesRunner<br/>
Test Method had the following parameters : nullInstitution User - Check the flow of Verified Certificates,<br/>
Test Status: Pass<br/>
</div>
</td>
<td></td>
<td>38</td>
<td>com.cucumber.TestRunner.UserVerifiedCertificatesRunner@58d75e99</td></tr>
<tr>
<td title='com.cucumber.TestRunner.UserBulkGeneratedCertficatesRunner.feature()'><b>feature</b><br>Test class: com.cucumber.TestRunner.UserBulkGeneratedCertficatesRunner<br>Test method: Runs Cucumber Feature<br>Parameters: Institution User - Check the flow of Bulk Generated certificates<br/>
<a href="#Output-474027124" onClick='toggleBox("Output-474027124", this, "Show output", "Hide output");'>Show output</a>

<a href="#Output-474027124" onClick="toggleAllBoxes();">Show all outputs</a>
<div class='log' id="Output-474027124">
Completed executing following method : AbstractTestNGCucumberTests.feature<br/>
Test Method resides in com.cucumber.TestRunner.UserBulkGeneratedCertficatesRunner<br/>
Test Method had the following parameters : nullInstitution User - Check the flow of Bulk Generated certificates,<br/>
Test Status: Pass<br/>
</div>
</td>
<td></td>
<td>0</td>
<td>com.cucumber.TestRunner.UserBulkGeneratedCertficatesRunner@74751b3</td></tr>
<tr>
<td title='com.cucumber.TestRunner.UserUpdateProfileRunner.feature()'><b>feature</b><br>Test class: com.cucumber.TestRunner.UserUpdateProfileRunner<br>Test method: Runs Cucumber Feature<br>Parameters: Institution User - Check the flow of Updateprofile<br/>
<a href="#Output-1289850092" onClick='toggleBox("Output-1289850092", this, "Show output", "Hide output");'>Show output</a>

<a href="#Output-1289850092" onClick="toggleAllBoxes();">Show all outputs</a>
<div class='log' id="Output-1289850092">
Completed executing following method : AbstractTestNGCucumberTests.feature<br/>
Test Method resides in com.cucumber.TestRunner.UserUpdateProfileRunner<br/>
Test Method had the following parameters : nullInstitution User - Check the flow of Updateprofile,<br/>
Test Status: Pass<br/>
</div>
</td>
<td></td>
<td>38</td>
<td>com.cucumber.TestRunner.UserUpdateProfileRunner@741a8937</td></tr>
<tr>
<td title='com.cucumber.TestRunner.UserChangePasswordRunner.feature()'><b>feature</b><br>Test class: com.cucumber.TestRunner.UserChangePasswordRunner<br>Test method: Runs Cucumber Feature<br>Parameters: Institution User - Check the flow of Change Password<br/>
<a href="#Output-188384341" onClick='toggleBox("Output-188384341", this, "Show output", "Hide output");'>Show output</a>

<a href="#Output-188384341" onClick="toggleAllBoxes();">Show all outputs</a>
<div class='log' id="Output-188384341">
Completed executing following method : AbstractTestNGCucumberTests.feature<br/>
Test Method resides in com.cucumber.TestRunner.UserChangePasswordRunner<br/>
Test Method had the following parameters : nullInstitution User - Check the flow of Change Password,<br/>
Test Status: Pass<br/>
</div>
</td>
<td></td>
<td>10</td>
<td>com.cucumber.TestRunner.UserChangePasswordRunner@306e95ec</td></tr>
<tr>
<td title='com.cucumber.TestRunner.UserDashboardRecentCertificateGenerationsRunner.feature()'><b>feature</b><br>Test class: com.cucumber.TestRunner.UserDashboardRecentCertificateGenerationsRunner<br>Test method: Runs Cucumber Feature<br>Parameters: Institution User - Check the flow of Dashboard Recent Certificate Generations - print button<br/>
<a href="#Output-1731782834" onClick='toggleBox("Output-1731782834", this, "Show output", "Hide output");'>Show output</a>

<a href="#Output-1731782834" onClick="toggleAllBoxes();">Show all outputs</a>
<div class='log' id="Output-1731782834">
Completed executing following method : AbstractTestNGCucumberTests.feature<br/>
Test Method resides in com.cucumber.TestRunner.UserDashboardRecentCertificateGenerationsRunner<br/>
Test Method had the following parameters : nullInstitution User - Check the flow of Dashboard Recent Certificate Generations - print button,<br/>
Test Status: Pass<br/>
</div>
</td>
<td></td>
<td>10</td>
<td>com.cucumber.TestRunner.UserDashboardRecentCertificateGenerationsRunner@6fd83fc1</td></tr>
<tr>
<td title='com.cucumber.TestRunner.UserDashboardViewAllGenerationsRunner.feature()'><b>feature</b><br>Test class: com.cucumber.TestRunner.UserDashboardViewAllGenerationsRunner<br>Test method: Runs Cucumber Feature<br>Parameters: Institution User - Check the flow of View All Generations<br/>
<a href="#Output-1286145967" onClick='toggleBox("Output-1286145967", this, "Show output", "Hide output");'>Show output</a>

<a href="#Output-1286145967" onClick="toggleAllBoxes();">Show all outputs</a>
<div class='log' id="Output-1286145967">
Completed executing following method : AbstractTestNGCucumberTests.feature<br/>
Test Method resides in com.cucumber.TestRunner.UserDashboardViewAllGenerationsRunner<br/>
Test Method had the following parameters : nullInstitution User - Check the flow of View All Generations,<br/>
Test Status: Pass<br/>
</div>
</td>
<td></td>
<td>10</td>
<td>com.cucumber.TestRunner.UserDashboardViewAllGenerationsRunner@4f2b503c</td></tr>
<tr>
<td title='com.cucumber.TestRunner.UserRecentCertificateVerificationsRunner.feature()'><b>feature</b><br>Test class: com.cucumber.TestRunner.UserRecentCertificateVerificationsRunner<br>Test method: Runs Cucumber Feature<br>Parameters: Institution User - Check the flow of Recent Certificate Verifiecations<br/>
<a href="#Output-1551783332" onClick='toggleBox("Output-1551783332", this, "Show output", "Hide output");'>Show output</a>

<a href="#Output-1551783332" onClick="toggleAllBoxes();">Show all outputs</a>
<div class='log' id="Output-1551783332">
Completed executing following method : AbstractTestNGCucumberTests.feature<br/>
Test Method resides in com.cucumber.TestRunner.UserRecentCertificateVerificationsRunner<br/>
Test Method had the following parameters : nullInstitution User - Check the flow of Recent Certificate Verifiecations,<br/>
Test Status: Pass<br/>
</div>
</td>
<td></td>
<td>8</td>
<td>com.cucumber.TestRunner.UserRecentCertificateVerificationsRunner@1de76cc7</td></tr>
<tr>
<td title='com.cucumber.TestRunner.AdminApplicationTitleRunner.feature()'><b>feature</b><br>Test class: com.cucumber.TestRunner.AdminApplicationTitleRunner<br>Test method: Runs Cucumber Feature<br>Parameters: Institution User - Check the flow of Application Title<br/>
<a href="#Output-1946122836" onClick='toggleBox("Output-1946122836", this, "Show output", "Hide output");'>Show output</a>

<a href="#Output-1946122836" onClick="toggleAllBoxes();">Show all outputs</a>
<div class='log' id="Output-1946122836">
Completed executing following method : AbstractTestNGCucumberTests.feature<br/>
Test Method resides in com.cucumber.TestRunner.AdminApplicationTitleRunner<br/>
Test Method had the following parameters : nullInstitution User - Check the flow of Application Title,<br/>
Test Status: Pass<br/>
</div>
</td>
<td></td>
<td>8</td>
<td>com.cucumber.TestRunner.AdminApplicationTitleRunner@593aaf41</td></tr>
<tr>
<td title='com.cucumber.TestRunner.AdminBacktotopbuttonRunner.feature()'><b>feature</b><br>Test class: com.cucumber.TestRunner.AdminBacktotopbuttonRunner<br>Test method: Runs Cucumber Feature<br>Parameters: Institution Admin - Check the flow of Back to top<br/>
<a href="#Output-1630007174" onClick='toggleBox("Output-1630007174", this, "Show output", "Hide output");'>Show output</a>

<a href="#Output-1630007174" onClick="toggleAllBoxes();">Show all outputs</a>
<div class='log' id="Output-1630007174">
Completed executing following method : AbstractTestNGCucumberTests.feature<br/>
Test Method resides in com.cucumber.TestRunner.AdminBacktotopbuttonRunner<br/>
Test Method had the following parameters : nullInstitution Admin - Check the flow of Back to top,<br/>
Test Status: Pass<br/>
</div>
</td>
<td></td>
<td>18</td>
<td>com.cucumber.TestRunner.AdminBacktotopbuttonRunner@7c711375</td></tr>
<tr>
<td title='com.cucumber.TestRunner.AdminLaunchTheApplicationRunner.feature()'><b>feature</b><br>Test class: com.cucumber.TestRunner.AdminLaunchTheApplicationRunner<br>Test method: Runs Cucumber Feature<br>Parameters: Institution User - Check the flow of Launch the application<br/>
<a href="#Output-625839862" onClick='toggleBox("Output-625839862", this, "Show output", "Hide output");'>Show output</a>

<a href="#Output-625839862" onClick="toggleAllBoxes();">Show all outputs</a>
<div class='log' id="Output-625839862">
Completed executing following method : AbstractTestNGCucumberTests.feature<br/>
Test Method resides in com.cucumber.TestRunner.AdminLaunchTheApplicationRunner<br/>
Test Method had the following parameters : nullInstitution User - Check the flow of Launch the application,<br/>
Test Status: Pass<br/>
</div>
</td>
<td></td>
<td>0</td>
<td>com.cucumber.TestRunner.AdminLaunchTheApplicationRunner@5b03b9fe</td></tr>
<tr>
<td title='com.cucumber.TestRunner.UserBacktotopbuttonRunner.feature()'><b>feature</b><br>Test class: com.cucumber.TestRunner.UserBacktotopbuttonRunner<br>Test method: Runs Cucumber Feature<br>Parameters: Institution User - Check the flow of back to top button<br/>
<a href="#Output-42694214" onClick='toggleBox("Output-42694214", this, "Show output", "Hide output");'>Show output</a>

<a href="#Output-42694214" onClick="toggleAllBoxes();">Show all outputs</a>
<div class='log' id="Output-42694214">
Completed executing following method : AbstractTestNGCucumberTests.feature<br/>
Test Method resides in com.cucumber.TestRunner.UserBacktotopbuttonRunner<br/>
Test Method had the following parameters : nullInstitution User - Check the flow of back to top button,<br/>
Test Status: Pass<br/>
</div>
</td>
<td></td>
<td>18</td>
<td>com.cucumber.TestRunner.UserBacktotopbuttonRunner@434a63ab</td></tr>
<tr>
<td title='com.cucumber.TestRunner.UserBulkDashboardLinkRunner.feature()'><b>feature</b><br>Test class: com.cucumber.TestRunner.UserBulkDashboardLinkRunner<br>Test method: Runs Cucumber Feature<br>Parameters: Institution User - Check the flow of User Bulk By Click the Dashboard link<br/>
<a href="#Output-1484518113" onClick='toggleBox("Output-1484518113", this, "Show output", "Hide output");'>Show output</a>

<a href="#Output-1484518113" onClick="toggleAllBoxes();">Show all outputs</a>
<div class='log' id="Output-1484518113">
Completed executing following method : AbstractTestNGCucumberTests.feature<br/>
Test Method resides in com.cucumber.TestRunner.UserBulkDashboardLinkRunner<br/>
Test Method had the following parameters : nullInstitution User - Check the flow of User Bulk By Click the Dashboard link,<br/>
Test Status: Pass<br/>
</div>
</td>
<td></td>
<td>18</td>
<td>com.cucumber.TestRunner.UserBulkDashboardLinkRunner@2805d709</td></tr>
<tr>
<td title='com.cucumber.TestRunner.UserGenerateBulkByUploadCSVFIleWithoutIssueYearRunner.feature()'><b>feature</b><br>Test class: com.cucumber.TestRunner.UserGenerateBulkByUploadCSVFIleWithoutIssueYearRunner<br>Test method: Runs Cucumber Feature<br>Parameters: Institution User - Check the flow of Generate Bulk By Upload CSV File Without Issue Year<br/>
<a href="#Output-207517334" onClick='toggleBox("Output-207517334", this, "Show output", "Hide output");'>Show output</a>

<a href="#Output-207517334" onClick="toggleAllBoxes();">Show all outputs</a>
<div class='log' id="Output-207517334">
Completed executing following method : AbstractTestNGCucumberTests.feature<br/>
Test Method resides in com.cucumber.TestRunner.UserGenerateBulkByUploadCSVFIleWithoutIssueYearRunner<br/>
Test Method had the following parameters : nullInstitution User - Check the flow of Generate Bulk By Upload CSV File Without Issue Year,<br/>
Test Status: Pass<br/>
</div>
</td>
<td></td>
<td>44</td>
<td>com.cucumber.TestRunner.UserGenerateBulkByUploadCSVFIleWithoutIssueYearRunner@3c7f66c4</td></tr>
<tr>
<td title='com.cucumber.TestRunner.UserGenerateBulkByUploadCSVFileWithEmptyMobileNumberRunner.feature()'><b>feature</b><br>Test class: com.cucumber.TestRunner.UserGenerateBulkByUploadCSVFileWithEmptyMobileNumberRunner<br>Test method: Runs Cucumber Feature<br>Parameters: Institution User - Check the flow of Generate Bulk with invalid CSV File - Empty Mobile umber column<br/>
<a href="#Output-1975802955" onClick='toggleBox("Output-1975802955", this, "Show output", "Hide output");'>Show output</a>

<a href="#Output-1975802955" onClick="toggleAllBoxes();">Show all outputs</a>
<div class='log' id="Output-1975802955">
Completed executing following method : AbstractTestNGCucumberTests.feature<br/>
Test Method resides in com.cucumber.TestRunner.UserGenerateBulkByUploadCSVFileWithEmptyMobileNumberRunner<br/>
Test Method had the following parameters : nullInstitution User - Check the flow of Generate Bulk with invalid CSV File - Empty Mobile umber column,<br/>
Test Status: Pass<br/>
</div>
</td>
<td></td>
<td>3</td>
<td>com.cucumber.TestRunner.UserGenerateBulkByUploadCSVFileWithEmptyMobileNumberRunner@17497425</td></tr>
<tr>
<td title='com.cucumber.TestRunner.UserGenerateBulkByUploadCSVFIleWithEmptyCertificateNameRunner.feature()'><b>feature</b><br>Test class: com.cucumber.TestRunner.UserGenerateBulkByUploadCSVFIleWithEmptyCertificateNameRunner<br>Test method: Runs Cucumber Feature<br>Parameters: Institution User - Check the flow of Generate Bulk By Upload CSV File With Empty Certificate Name<br/>
<a href="#Output-461371" onClick='toggleBox("Output-461371", this, "Show output", "Hide output");'>Show output</a>

<a href="#Output-461371" onClick="toggleAllBoxes();">Show all outputs</a>
<div class='log' id="Output-461371">
Completed executing following method : AbstractTestNGCucumberTests.feature<br/>
Test Method resides in com.cucumber.TestRunner.UserGenerateBulkByUploadCSVFIleWithEmptyCertificateNameRunner<br/>
Test Method had the following parameters : nullInstitution User - Check the flow of Generate Bulk By Upload CSV File With Empty Certificate Name,<br/>
Test Status: Pass<br/>
</div>
</td>
<td></td>
<td>44</td>
<td>com.cucumber.TestRunner.UserGenerateBulkByUploadCSVFIleWithEmptyCertificateNameRunner@53ce1329</td></tr>
<tr>
<td title='com.cucumber.TestRunner.UserGeneratedCertificatesWithoutEnablecheckboxesRunner.feature()'><b>feature</b><br>Test class: com.cucumber.TestRunner.UserGeneratedCertificatesWithoutEnablecheckboxesRunner<br>Test method: Runs Cucumber Feature<br>Parameters: genearated certificate<br/>
<a href="#Output-716294057" onClick='toggleBox("Output-716294057", this, "Show output", "Hide output");'>Show output</a>

<a href="#Output-716294057" onClick="toggleAllBoxes();">Show all outputs</a>
<div class='log' id="Output-716294057">
Completed executing following method : AbstractTestNGCucumberTests.feature<br/>
Test Method resides in com.cucumber.TestRunner.UserGeneratedCertificatesWithoutEnablecheckboxesRunner<br/>
Test Method had the following parameters : nullgenearated certificate,<br/>
Test Status: Pass<br/>
</div>
</td>
<td></td>
<td>3</td>
<td>com.cucumber.TestRunner.UserGeneratedCertificatesWithoutEnablecheckboxesRunner@6404f418</td></tr>
<tr>
<td title='com.cucumber.TestRunner.UserInternalPrintingUploadCSVFileWithoutStudentNameRunner.feature()'><b>feature</b><br>Test class: com.cucumber.TestRunner.UserInternalPrintingUploadCSVFileWithoutStudentNameRunner<br>Test method: Runs Cucumber Feature<br>Parameters: Institution User - Check the flow of Internal Printing Upload CSV file Without Student Name<br/>
<a href="#Output-1058238991" onClick='toggleBox("Output-1058238991", this, "Show output", "Hide output");'>Show output</a>

<a href="#Output-1058238991" onClick="toggleAllBoxes();">Show all outputs</a>
<div class='log' id="Output-1058238991">
Completed executing following method : AbstractTestNGCucumberTests.feature<br/>
Test Method resides in com.cucumber.TestRunner.UserInternalPrintingUploadCSVFileWithoutStudentNameRunner<br/>
Test Method had the following parameters : nullInstitution User - Check the flow of Internal Printing Upload CSV file Without Student Name,<br/>
Test Status: Pass<br/>
</div>
</td>
<td></td>
<td>39</td>
<td>com.cucumber.TestRunner.UserInternalPrintingUploadCSVFileWithoutStudentNameRunner@1de5f259</td></tr>
<tr>
<td title='com.cucumber.TestRunner.UserInternalPrintingByUploadingCSVWithInvalidCertificateTypeRunner.feature()'><b>feature</b><br>Test class: com.cucumber.TestRunner.UserInternalPrintingByUploadingCSVWithInvalidCertificateTypeRunner<br>Test method: Runs Cucumber Feature<br>Parameters: Institution User - Check the flow of Internal Printing with upload the CSV file with invalid Certificate Type<br/>
<a href="#Output-912252532" onClick='toggleBox("Output-912252532", this, "Show output", "Hide output");'>Show output</a>

<a href="#Output-912252532" onClick="toggleAllBoxes();">Show all outputs</a>
<div class='log' id="Output-912252532">
Completed executing following method : AbstractTestNGCucumberTests.feature<br/>
Test Method resides in com.cucumber.TestRunner.UserInternalPrintingByUploadingCSVWithInvalidCertificateTypeRunner<br/>
Test Method had the following parameters : nullInstitution User - Check the flow of Internal Printing with upload the CSV file with invalid Certificate Type,<br/>
Test Status: Pass<br/>
</div>
</td>
<td></td>
<td>10</td>
<td>com.cucumber.TestRunner.UserInternalPrintingByUploadingCSVWithInvalidCertificateTypeRunner@31fa1761</td></tr>
</table><p>
<table width='100%' border='1' class='invocation-skipped'>
<tr><td colspan='4' align='center'><b>SKIPPED TESTS</b></td></tr>
<tr><td><b>Test method</b></td>
<td width="30%"><b>Exception</b></td>
<td width="10%"><b>Time (seconds)</b></td>
<td><b>Instance</b></td>
</tr>
<tr>
<td title='com.cucumber.TestRunner.UserDashboardRecentCertificateGenerationsCertificateTypedropdownRunner.feature()'><b>feature</b><br>Test class: com.cucumber.TestRunner.UserDashboardRecentCertificateGenerationsCertificateTypedropdownRunner<br>Test method: Runs Cucumber Feature</td>
<td><div><pre>java.lang.RuntimeException: java.lang.IllegalArgumentException: Not a file or directory: C:\Users\admin\eclipse-workspace\Learning Chain Automation5\src\test\resources\features\UserDashboardRecentcertificateGenerationsCertificateTypedropdown.feature
Caused by: java.lang.IllegalArgumentException: Not a file or directory: C:\Users\admin\eclipse-workspace\Learning Chain Automation5\src\test\resources\features\UserDashboardRecentcertificateGenerationsCertificateTypedropdown.feature
	at cucumber.runtime.io.FileResourceIterator$FileIterator.&lt;init&gt;(FileResourceIterator.java:54)
	at cucumber.runtime.io.FileResourceIterator.&lt;init&gt;(FileResourceIterator.java:20)
	at cucumber.runtime.io.FileResourceIterable.iterator(FileResourceIterable.java:19)
	at cucumber.runtime.model.CucumberFeature.loadFromFeaturePath(CucumberFeature.java:103)
	at cucumber.runtime.model.CucumberFeature.load(CucumberFeature.java:54)
	at cucumber.runtime.model.CucumberFeature.load(CucumberFeature.java:34)
	at cucumber.runtime.RuntimeOptions.cucumberFeatures(RuntimeOptions.java:239)
	at cucumber.api.testng.TestNGCucumberRunner.getFeatures(TestNGCucumberRunner.java:85)
	at cucumber.api.testng.TestNGCucumberRunner.provideFeatures(TestNGCucumberRunner.java:94)
	at cucumber.api.testng.AbstractTestNGCucumberTests.features(AbstractTestNGCucumberTests.java:29)
	... 20 more
... Removed 26 stack frames</pre></div><a href='#' onClick='toggleBox("stack-trace587108575", this, "Click to show all stack frames", "Click to hide stack frames")'>Click to show all stack frames</a>
<div class='stack-trace' id='stack-trace587108575'><pre>java.lang.RuntimeException: java.lang.IllegalArgumentException: Not a file or directory: C:\Users\admin\eclipse-workspace\Learning Chain Automation5\src\test\resources\features\UserDashboardRecentcertificateGenerationsCertificateTypedropdown.feature
	at org.testng.internal.MethodInvocationHelper.invokeDataProvider(MethodInvocationHelper.java:163)
	at org.testng.internal.Parameters.handleParameters(Parameters.java:430)
	at org.testng.internal.Invoker.handleParameters(Invoker.java:1274)
	at org.testng.internal.Invoker.createParameters(Invoker.java:989)
	at org.testng.internal.Invoker.invokeTestMethods(Invoker.java:1079)
	at org.testng.internal.TestMethodWorker.invokeTestMethods(TestMethodWorker.java:129)
	at org.testng.internal.TestMethodWorker.run(TestMethodWorker.java:112)
	at org.testng.TestRunner.privateRun(TestRunner.java:782)
	at org.testng.TestRunner.run(TestRunner.java:632)
	at org.testng.SuiteRunner.runTest(SuiteRunner.java:366)
	at org.testng.SuiteRunner.runSequentially(SuiteRunner.java:361)
	at org.testng.SuiteRunner.privateRun(SuiteRunner.java:319)
	at org.testng.SuiteRunner.run(SuiteRunner.java:268)
	at org.testng.SuiteRunnerWorker.runSuite(SuiteRunnerWorker.java:52)
	at org.testng.SuiteRunnerWorker.run(SuiteRunnerWorker.java:86)
	at org.testng.TestNG.runSuitesSequentially(TestNG.java:1244)
	at org.testng.TestNG.runSuitesLocally(TestNG.java:1169)
	at org.testng.TestNG.run(TestNG.java:1064)
	at org.testng.remote.AbstractRemoteTestNG.run(AbstractRemoteTestNG.java:115)
	at org.testng.remote.RemoteTestNG.initAndRun(RemoteTestNG.java:251)
	at org.testng.remote.RemoteTestNG.main(RemoteTestNG.java:77)
Caused by: java.lang.IllegalArgumentException: Not a file or directory: C:\Users\admin\eclipse-workspace\Learning Chain Automation5\src\test\resources\features\UserDashboardRecentcertificateGenerationsCertificateTypedropdown.feature
	at cucumber.runtime.io.FileResourceIterator$FileIterator.&lt;init&gt;(FileResourceIterator.java:54)
	at cucumber.runtime.io.FileResourceIterator.&lt;init&gt;(FileResourceIterator.java:20)
	at cucumber.runtime.io.FileResourceIterable.iterator(FileResourceIterable.java:19)
	at cucumber.runtime.model.CucumberFeature.loadFromFeaturePath(CucumberFeature.java:103)
	at cucumber.runtime.model.CucumberFeature.load(CucumberFeature.java:54)
	at cucumber.runtime.model.CucumberFeature.load(CucumberFeature.java:34)
	at cucumber.runtime.RuntimeOptions.cucumberFeatures(RuntimeOptions.java:239)
	at cucumber.api.testng.TestNGCucumberRunner.getFeatures(TestNGCucumberRunner.java:85)
	at cucumber.api.testng.TestNGCucumberRunner.provideFeatures(TestNGCucumberRunner.java:94)
	at cucumber.api.testng.AbstractTestNGCucumberTests.features(AbstractTestNGCucumberTests.java:29)
	at jdk.internal.reflect.GeneratedMethodAccessor91.invoke(Unknown Source)
	at java.base/jdk.internal.reflect.DelegatingMethodAccessorImpl.invoke(DelegatingMethodAccessorImpl.java:43)
	at java.base/java.lang.reflect.Method.invoke(Method.java:566)
	at org.testng.internal.MethodInvocationHelper.invokeMethod(MethodInvocationHelper.java:86)
	at org.testng.internal.MethodInvocationHelper.invokeDataProvider(MethodInvocationHelper.java:137)
	... 20 more
</pre></div></td>
<td>0</td>
<td>com.cucumber.TestRunner.UserDashboardRecentCertificateGenerationsCertificateTypedropdownRunner@2ea41516</td></tr>
</table><p>
</body>
</html>